[0.015s] Invoking command in '/root/ros2_ws/build/pubsub_cpp': CMAKE_PREFIX_PATH=/opt/ros/humble /usr/bin/cmake /root/ros2_ws/src/learning_node/pubsub_cpp -DCMAKE_INSTALL_PREFIX=/root/ros2_ws/install/pubsub_cpp
[0.133s] -- Found ament_cmake: 1.3.3 (/opt/ros/humble/share/ament_cmake/cmake)
[0.138s] -- Override CMake install command with custom implementation using symlinks instead of copying resources
[0.149s] -- Found rclcpp: 16.0.2 (/opt/ros/humble/share/rclcpp/cmake)
[0.176s] -- Found rosidl_generator_c: 3.1.4 (/opt/ros/humble/share/rosidl_generator_c/cmake)
[0.178s] -- Found rosidl_adapter: 3.1.4 (/opt/ros/humble/share/rosidl_adapter/cmake)
[0.183s] -- Found rosidl_generator_cpp: 3.1.4 (/opt/ros/humble/share/rosidl_generator_cpp/cmake)
[0.191s] -- Using all available rosidl_typesupport_c: rosidl_typesupport_fastrtps_c;rosidl_typesupport_introspection_c
[0.202s] -- Using all available rosidl_typesupport_cpp: rosidl_typesupport_fastrtps_cpp;rosidl_typesupport_introspection_cpp
[0.245s] -- Found rmw_implementation_cmake: 6.1.1 (/opt/ros/humble/share/rmw_implementation_cmake/cmake)
[0.247s] -- Found rmw_fastrtps_cpp: 6.2.2 (/opt/ros/humble/share/rmw_fastrtps_cpp/cmake)
[0.317s] -- Using RMW implementation 'rmw_fastrtps_cpp' as default
[0.459s] -- Configuring done
[0.467s] -- Generating done
[0.468s] -- Build files have been written to: /root/ros2_ws/build/pubsub_cpp
[0.473s] Invoked command in '/root/ros2_ws/build/pubsub_cpp' returned '0': CMAKE_PREFIX_PATH=/opt/ros/humble /usr/bin/cmake /root/ros2_ws/src/learning_node/pubsub_cpp -DCMAKE_INSTALL_PREFIX=/root/ros2_ws/install/pubsub_cpp
[0.473s] Invoking command in '/root/ros2_ws/build/pubsub_cpp': CMAKE_PREFIX_PATH=/opt/ros/humble /usr/bin/cmake --build /root/ros2_ws/build/pubsub_cpp -- -j20 -l20
[0.494s] [35m[1mConsolidate compiler generated dependencies of target talker[0m
[0.494s] [35m[1mConsolidate compiler generated dependencies of target listener[0m
[0.504s] [100%] Built target listener
[0.504s] [100%] Built target talker
[0.510s] Invoked command in '/root/ros2_ws/build/pubsub_cpp' returned '0': CMAKE_PREFIX_PATH=/opt/ros/humble /usr/bin/cmake --build /root/ros2_ws/build/pubsub_cpp -- -j20 -l20
[0.530s] Invoking command in '/root/ros2_ws/build/pubsub_cpp': CMAKE_PREFIX_PATH=/opt/ros/humble /usr/bin/cmake --install /root/ros2_ws/build/pubsub_cpp
[0.533s] -- Install configuration: ""
[0.534s] -- Execute custom install script
[0.534s] -- Symlinking: /root/ros2_ws/install/pubsub_cpp/lib/pubsub_cpp/talker
[0.538s] -- Symlinking: /root/ros2_ws/install/pubsub_cpp/lib/pubsub_cpp/listener
[0.543s] -- Symlinking: /root/ros2_ws/install/pubsub_cpp/share/ament_index/resource_index/package_run_dependencies/pubsub_cpp
[0.548s] -- Symlinking: /root/ros2_ws/install/pubsub_cpp/share/ament_index/resource_index/parent_prefix_path/pubsub_cpp
[0.552s] -- Symlinking: /root/ros2_ws/install/pubsub_cpp/share/pubsub_cpp/environment/ament_prefix_path.sh
[0.557s] -- Symlinking: /root/ros2_ws/install/pubsub_cpp/share/pubsub_cpp/environment/ament_prefix_path.dsv
[0.563s] -- Symlinking: /root/ros2_ws/install/pubsub_cpp/share/pubsub_cpp/environment/path.sh
[0.565s] -- Symlinking: /root/ros2_ws/install/pubsub_cpp/share/pubsub_cpp/environment/path.dsv
[0.569s] -- Symlinking: /root/ros2_ws/install/pubsub_cpp/share/pubsub_cpp/local_setup.bash
[0.574s] -- Symlinking: /root/ros2_ws/install/pubsub_cpp/share/pubsub_cpp/local_setup.sh
[0.578s] -- Symlinking: /root/ros2_ws/install/pubsub_cpp/share/pubsub_cpp/local_setup.zsh
[0.581s] -- Symlinking: /root/ros2_ws/install/pubsub_cpp/share/pubsub_cpp/local_setup.dsv
[0.585s] -- Symlinking: /root/ros2_ws/install/pubsub_cpp/share/pubsub_cpp/package.dsv
[0.589s] -- Symlinking: /root/ros2_ws/install/pubsub_cpp/share/ament_index/resource_index/packages/pubsub_cpp
[0.593s] -- Symlinking: /root/ros2_ws/install/pubsub_cpp/share/pubsub_cpp/cmake/pubsub_cppConfig.cmake
[0.597s] -- Symlinking: /root/ros2_ws/install/pubsub_cpp/share/pubsub_cpp/cmake/pubsub_cppConfig-version.cmake
[0.601s] -- Symlinking: /root/ros2_ws/install/pubsub_cpp/share/pubsub_cpp/package.xml
[0.607s] Invoked command in '/root/ros2_ws/build/pubsub_cpp' returned '0': CMAKE_PREFIX_PATH=/opt/ros/humble /usr/bin/cmake --install /root/ros2_ws/build/pubsub_cpp
