-- Found ament_cmake: 1.3.3 (/opt/ros/humble/share/ament_cmake/cmake)
-- Found rclcpp: 16.0.2 (/opt/ros/humble/share/rclcpp/cmake)
-- Found rosidl_generator_c: 3.1.4 (/opt/ros/humble/share/rosidl_generator_c/cmake)
-- Found rosidl_adapter: 3.1.4 (/opt/ros/humble/share/rosidl_adapter/cmake)
-- Found rosidl_generator_cpp: 3.1.4 (/opt/ros/humble/share/rosidl_generator_cpp/cmake)
-- Using all available rosidl_typesupport_c: rosidl_typesupport_fastrtps_c;rosidl_typesupport_introspection_c
-- Using all available rosidl_typesupport_cpp: rosidl_typesupport_fastrtps_cpp;rosidl_typesupport_introspection_cpp
-- Found rmw_implementation_cmake: 6.1.1 (/opt/ros/humble/share/rmw_implementation_cmake/cmake)
-- Found rmw_fastrtps_cpp: 6.2.2 (/opt/ros/humble/share/rmw_fastrtps_cpp/cmake)
-- Using RMW implementation 'rmw_fastrtps_cpp' as default
-- Found ament_lint_auto: 0.12.4 (/opt/ros/humble/share/ament_lint_auto/cmake)
-- Added test 'cppcheck' to perform static code analysis on C / C++ code
-- Configured cppcheck include dirs: 
-- Configured cppcheck exclude dirs and/or files: 
-- Added test 'lint_cmake' to check CMake code style
-- Added test 'uncrustify' to check C / C++ code style
-- Configured uncrustify additional arguments: 
-- Added test 'xmllint' to check XML markup files
-- Configuring done
-- Generating done
-- Build files have been written to: /root/ros2_ws/build/minalnode
[ 50%] [32mBuilding CXX object CMakeFiles/node01.dir/src/node01.cpp.o[0m
[100%] [32m[1mLinking CXX executable node01[0m
[100%] Built target node01
-- Install configuration: ""
-- Installing: /root/ros2_ws/install/minalnode/lib/minalnode/node01
-- Set runtime path of "/root/ros2_ws/install/minalnode/lib/minalnode/node01" to ""
-- Installing: /root/ros2_ws/install/minalnode/share/ament_index/resource_index/package_run_dependencies/minalnode
-- Installing: /root/ros2_ws/install/minalnode/share/ament_index/resource_index/parent_prefix_path/minalnode
-- Installing: /root/ros2_ws/install/minalnode/share/minalnode/environment/ament_prefix_path.sh
-- Installing: /root/ros2_ws/install/minalnode/share/minalnode/environment/ament_prefix_path.dsv
-- Installing: /root/ros2_ws/install/minalnode/share/minalnode/environment/path.sh
-- Installing: /root/ros2_ws/install/minalnode/share/minalnode/environment/path.dsv
-- Installing: /root/ros2_ws/install/minalnode/share/minalnode/local_setup.bash
-- Installing: /root/ros2_ws/install/minalnode/share/minalnode/local_setup.sh
-- Installing: /root/ros2_ws/install/minalnode/share/minalnode/local_setup.zsh
-- Installing: /root/ros2_ws/install/minalnode/share/minalnode/local_setup.dsv
-- Installing: /root/ros2_ws/install/minalnode/share/minalnode/package.dsv
-- Installing: /root/ros2_ws/install/minalnode/share/ament_index/resource_index/packages/minalnode
-- Installing: /root/ros2_ws/install/minalnode/share/minalnode/cmake/minalnodeConfig.cmake
-- Installing: /root/ros2_ws/install/minalnode/share/minalnode/cmake/minalnodeConfig-version.cmake
-- Installing: /root/ros2_ws/install/minalnode/share/minalnode/package.xml
