[0.020s] Invoking command in '/root/ros2_ws/build/minalnode': CMAKE_PREFIX_PATH=${CMAKE_PREFIX_PATH}:/root/ros2_ws/install/srvcli_py:/root/ros2_ws/install/pubsub_py:/opt/ros/humble /usr/bin/cmake /root/ros2_ws/src/learning_node/minalnode -DCMAKE_INSTALL_PREFIX=/root/ros2_ws/install/minalnode
[0.039s] -- Found ament_cmake: 1.3.3 (/opt/ros/humble/share/ament_cmake/cmake)
[0.282s] -- Found rclcpp: 16.0.2 (/opt/ros/humble/share/rclcpp/cmake)
[0.319s] -- Found rosidl_generator_c: 3.1.4 (/opt/ros/humble/share/rosidl_generator_c/cmake)
[0.322s] -- Found rosidl_adapter: 3.1.4 (/opt/ros/humble/share/rosidl_adapter/cmake)
[0.331s] -- Found rosidl_generator_cpp: 3.1.4 (/opt/ros/humble/share/rosidl_generator_cpp/cmake)
[0.348s] -- Using all available rosidl_typesupport_c: rosidl_typesupport_fastrtps_c;rosidl_typesupport_introspection_c
[0.368s] -- Using all available rosidl_typesupport_cpp: rosidl_typesupport_fastrtps_cpp;rosidl_typesupport_introspection_cpp
[0.447s] -- Found rmw_implementation_cmake: 6.1.1 (/opt/ros/humble/share/rmw_implementation_cmake/cmake)
[0.449s] -- Found rmw_fastrtps_cpp: 6.2.2 (/opt/ros/humble/share/rmw_fastrtps_cpp/cmake)
[0.630s] -- Using RMW implementation 'rmw_fastrtps_cpp' as default
[0.861s] -- Found ament_lint_auto: 0.12.4 (/opt/ros/humble/share/ament_lint_auto/cmake)
[0.946s] -- Added test 'cppcheck' to perform static code analysis on C / C++ code
[0.946s] -- Configured cppcheck include dirs: 
[0.946s] -- Configured cppcheck exclude dirs and/or files: 
[0.947s] -- Added test 'lint_cmake' to check CMake code style
[0.948s] -- Added test 'uncrustify' to check C / C++ code style
[0.948s] -- Configured uncrustify additional arguments: 
[0.948s] -- Added test 'xmllint' to check XML markup files
[0.949s] -- Configuring done
[0.961s] -- Generating done
[0.963s] -- Build files have been written to: /root/ros2_ws/build/minalnode
[0.973s] Invoked command in '/root/ros2_ws/build/minalnode' returned '0': CMAKE_PREFIX_PATH=${CMAKE_PREFIX_PATH}:/root/ros2_ws/install/srvcli_py:/root/ros2_ws/install/pubsub_py:/opt/ros/humble /usr/bin/cmake /root/ros2_ws/src/learning_node/minalnode -DCMAKE_INSTALL_PREFIX=/root/ros2_ws/install/minalnode
[0.974s] Invoking command in '/root/ros2_ws/build/minalnode': CMAKE_PREFIX_PATH=${CMAKE_PREFIX_PATH}:/root/ros2_ws/install/srvcli_py:/root/ros2_ws/install/pubsub_py:/opt/ros/humble /usr/bin/cmake --build /root/ros2_ws/build/minalnode -- -j20 -l20
[1.030s] [ 50%] [32mBuilding CXX object CMakeFiles/node01.dir/src/node01.cpp.o[0m
[4.377s] [100%] [32m[1mLinking CXX executable node01[0m
[4.505s] [100%] Built target node01
[4.516s] Invoked command in '/root/ros2_ws/build/minalnode' returned '0': CMAKE_PREFIX_PATH=${CMAKE_PREFIX_PATH}:/root/ros2_ws/install/srvcli_py:/root/ros2_ws/install/pubsub_py:/opt/ros/humble /usr/bin/cmake --build /root/ros2_ws/build/minalnode -- -j20 -l20
[4.553s] Invoking command in '/root/ros2_ws/build/minalnode': CMAKE_PREFIX_PATH=${CMAKE_PREFIX_PATH}:/root/ros2_ws/install/srvcli_py:/root/ros2_ws/install/pubsub_py:/opt/ros/humble /usr/bin/cmake --install /root/ros2_ws/build/minalnode
[4.563s] -- Install configuration: ""
[4.563s] -- Installing: /root/ros2_ws/install/minalnode/lib/minalnode/node01
[4.564s] -- Set runtime path of "/root/ros2_ws/install/minalnode/lib/minalnode/node01" to ""
[4.564s] -- Installing: /root/ros2_ws/install/minalnode/share/ament_index/resource_index/package_run_dependencies/minalnode
[4.564s] -- Installing: /root/ros2_ws/install/minalnode/share/ament_index/resource_index/parent_prefix_path/minalnode
[4.564s] -- Installing: /root/ros2_ws/install/minalnode/share/minalnode/environment/ament_prefix_path.sh
[4.565s] -- Installing: /root/ros2_ws/install/minalnode/share/minalnode/environment/ament_prefix_path.dsv
[4.565s] -- Installing: /root/ros2_ws/install/minalnode/share/minalnode/environment/path.sh
[4.565s] -- Installing: /root/ros2_ws/install/minalnode/share/minalnode/environment/path.dsv
[4.565s] -- Installing: /root/ros2_ws/install/minalnode/share/minalnode/local_setup.bash
[4.565s] -- Installing: /root/ros2_ws/install/minalnode/share/minalnode/local_setup.sh
[4.565s] -- Installing: /root/ros2_ws/install/minalnode/share/minalnode/local_setup.zsh
[4.565s] -- Installing: /root/ros2_ws/install/minalnode/share/minalnode/local_setup.dsv
[4.565s] -- Installing: /root/ros2_ws/install/minalnode/share/minalnode/package.dsv
[4.566s] -- Installing: /root/ros2_ws/install/minalnode/share/ament_index/resource_index/packages/minalnode
[4.566s] -- Installing: /root/ros2_ws/install/minalnode/share/minalnode/cmake/minalnodeConfig.cmake
[4.566s] -- Installing: /root/ros2_ws/install/minalnode/share/minalnode/cmake/minalnodeConfig-version.cmake
[4.566s] -- Installing: /root/ros2_ws/install/minalnode/share/minalnode/package.xml
[4.569s] Invoked command in '/root/ros2_ws/build/minalnode' returned '0': CMAKE_PREFIX_PATH=${CMAKE_PREFIX_PATH}:/root/ros2_ws/install/srvcli_py:/root/ros2_ws/install/pubsub_py:/opt/ros/humble /usr/bin/cmake --install /root/ros2_ws/build/minalnode
