[0.145s] DEBUG:colcon:Command line arguments: ['/usr/bin/colcon', 'build']
[0.145s] DEBUG:colcon:Parsed command line arguments: Namespace(log_base=None, log_level=None, verb_name='build', build_base='build', install_base='install', merge_install=False, symlink_install=False, test_result_base=None, continue_on_error=False, executor='parallel', parallel_workers=20, event_handlers=None, ignore_user_meta=False, metas=['./colcon.meta'], base_paths=['.'], packages_ignore=None, packages_ignore_regex=None, paths=None, packages_up_to=None, packages_up_to_regex=None, packages_above=None, packages_above_and_dependencies=None, packages_above_depth=None, packages_select_by_dep=None, packages_skip_by_dep=None, packages_skip_up_to=None, packages_select_build_failed=False, packages_skip_build_finished=False, packages_select_test_failures=False, packages_skip_test_passed=False, packages_select=None, packages_skip=None, packages_select_regex=None, packages_skip_regex=None, packages_start=None, packages_end=None, cmake_args=None, cmake_target=None, cmake_target_skip_unavailable=False, cmake_clean_cache=False, cmake_clean_first=False, cmake_force_configure=False, ament_cmake_args=None, catkin_cmake_args=None, catkin_skip_building_tests=False, mixin_files=None, mixin=None, verb_parser=<colcon_mixin.mixin.mixin_argument.MixinArgumentDecorator object at 0x7f68dc514ca0>, verb_extension=<colcon_core.verb.build.BuildVerb object at 0x7f68dce2b6d0>, main=<bound method BuildVerb.main of <colcon_core.verb.build.BuildVerb object at 0x7f68dce2b6d0>>, mixin_verb=('build',))
[0.156s] Level 1:colcon.colcon_core.package_discovery:discover_packages(colcon_meta) check parameters
[0.156s] INFO:colcon.colcon_metadata.package_discovery.colcon_meta:Using configuration from '/root/.colcon/metadata/default/Gazebo.meta'
[0.156s] INFO:colcon.colcon_metadata.package_discovery.colcon_meta:Using configuration from '/root/.colcon/metadata/default/fastrtps.meta'
[0.156s] Level 1:colcon.colcon_core.package_discovery:discover_packages(recursive) check parameters
[0.156s] Level 1:colcon.colcon_core.package_discovery:discover_packages(ignore) check parameters
[0.156s] Level 1:colcon.colcon_core.package_discovery:discover_packages(path) check parameters
[0.156s] Level 1:colcon.colcon_core.package_discovery:discover_packages(colcon_meta) discover
[0.156s] Level 1:colcon.colcon_core.package_discovery:discover_packages(recursive) discover
[0.156s] INFO:colcon.colcon_core.package_discovery:Crawling recursively for packages in '/root/ros2_ws'
[0.156s] Level 1:colcon.colcon_core.package_identification:_identify(.) by extensions ['ignore', 'ignore_ament_install']
[0.157s] Level 1:colcon.colcon_core.package_identification:_identify(.) by extension 'ignore'
[0.157s] Level 1:colcon.colcon_core.package_identification:_identify(.) by extension 'ignore_ament_install'
[0.157s] Level 1:colcon.colcon_core.package_identification:_identify(.) by extensions ['colcon_pkg']
[0.157s] Level 1:colcon.colcon_core.package_identification:_identify(.) by extension 'colcon_pkg'
[0.157s] Level 1:colcon.colcon_core.package_identification:_identify(.) by extensions ['colcon_meta']
[0.157s] Level 1:colcon.colcon_core.package_identification:_identify(.) by extension 'colcon_meta'
[0.157s] Level 1:colcon.colcon_core.package_identification:_identify(.) by extensions ['ros']
[0.157s] Level 1:colcon.colcon_core.package_identification:_identify(.) by extension 'ros'
[0.167s] Level 1:colcon.colcon_core.package_identification:_identify(.) by extensions ['cmake', 'python']
[0.167s] Level 1:colcon.colcon_core.package_identification:_identify(.) by extension 'cmake'
[0.167s] Level 1:colcon.colcon_core.package_identification:_identify(.) by extension 'python'
[0.167s] Level 1:colcon.colcon_core.package_identification:_identify(.) by extensions ['python_setup_py']
[0.167s] Level 1:colcon.colcon_core.package_identification:_identify(.) by extension 'python_setup_py'
[0.167s] Level 1:colcon.colcon_core.package_identification:_identify(build) by extensions ['ignore', 'ignore_ament_install']
[0.167s] Level 1:colcon.colcon_core.package_identification:_identify(build) by extension 'ignore'
[0.167s] Level 1:colcon.colcon_core.package_identification:_identify(build) ignored
[0.167s] Level 1:colcon.colcon_core.package_identification:_identify(db2) by extensions ['ignore', 'ignore_ament_install']
[0.167s] Level 1:colcon.colcon_core.package_identification:_identify(db2) by extension 'ignore'
[0.167s] Level 1:colcon.colcon_core.package_identification:_identify(db2) by extension 'ignore_ament_install'
[0.167s] Level 1:colcon.colcon_core.package_identification:_identify(db2) by extensions ['colcon_pkg']
[0.168s] Level 1:colcon.colcon_core.package_identification:_identify(db2) by extension 'colcon_pkg'
[0.168s] Level 1:colcon.colcon_core.package_identification:_identify(db2) by extensions ['colcon_meta']
[0.168s] Level 1:colcon.colcon_core.package_identification:_identify(db2) by extension 'colcon_meta'
[0.168s] Level 1:colcon.colcon_core.package_identification:_identify(db2) by extensions ['ros']
[0.168s] Level 1:colcon.colcon_core.package_identification:_identify(db2) by extension 'ros'
[0.168s] Level 1:colcon.colcon_core.package_identification:_identify(db2) by extensions ['cmake', 'python']
[0.168s] Level 1:colcon.colcon_core.package_identification:_identify(db2) by extension 'cmake'
[0.168s] Level 1:colcon.colcon_core.package_identification:_identify(db2) by extension 'python'
[0.168s] Level 1:colcon.colcon_core.package_identification:_identify(db2) by extensions ['python_setup_py']
[0.168s] Level 1:colcon.colcon_core.package_identification:_identify(db2) by extension 'python_setup_py'
[0.168s] Level 1:colcon.colcon_core.package_identification:_identify(install) by extensions ['ignore', 'ignore_ament_install']
[0.168s] Level 1:colcon.colcon_core.package_identification:_identify(install) by extension 'ignore'
[0.168s] Level 1:colcon.colcon_core.package_identification:_identify(install) ignored
[0.168s] Level 1:colcon.colcon_core.package_identification:_identify(log) by extensions ['ignore', 'ignore_ament_install']
[0.168s] Level 1:colcon.colcon_core.package_identification:_identify(log) by extension 'ignore'
[0.168s] Level 1:colcon.colcon_core.package_identification:_identify(log) ignored
[0.168s] Level 1:colcon.colcon_core.package_identification:_identify(notebooks) by extensions ['ignore', 'ignore_ament_install']
[0.168s] Level 1:colcon.colcon_core.package_identification:_identify(notebooks) by extension 'ignore'
[0.168s] Level 1:colcon.colcon_core.package_identification:_identify(notebooks) by extension 'ignore_ament_install'
[0.168s] Level 1:colcon.colcon_core.package_identification:_identify(notebooks) by extensions ['colcon_pkg']
[0.168s] Level 1:colcon.colcon_core.package_identification:_identify(notebooks) by extension 'colcon_pkg'
[0.168s] Level 1:colcon.colcon_core.package_identification:_identify(notebooks) by extensions ['colcon_meta']
[0.168s] Level 1:colcon.colcon_core.package_identification:_identify(notebooks) by extension 'colcon_meta'
[0.168s] Level 1:colcon.colcon_core.package_identification:_identify(notebooks) by extensions ['ros']
[0.168s] Level 1:colcon.colcon_core.package_identification:_identify(notebooks) by extension 'ros'
[0.168s] Level 1:colcon.colcon_core.package_identification:_identify(notebooks) by extensions ['cmake', 'python']
[0.168s] Level 1:colcon.colcon_core.package_identification:_identify(notebooks) by extension 'cmake'
[0.168s] Level 1:colcon.colcon_core.package_identification:_identify(notebooks) by extension 'python'
[0.168s] Level 1:colcon.colcon_core.package_identification:_identify(notebooks) by extensions ['python_setup_py']
[0.168s] Level 1:colcon.colcon_core.package_identification:_identify(notebooks) by extension 'python_setup_py'
[0.168s] Level 1:colcon.colcon_core.package_identification:_identify(src) by extensions ['ignore', 'ignore_ament_install']
[0.168s] Level 1:colcon.colcon_core.package_identification:_identify(src) by extension 'ignore'
[0.168s] Level 1:colcon.colcon_core.package_identification:_identify(src) by extension 'ignore_ament_install'
[0.168s] Level 1:colcon.colcon_core.package_identification:_identify(src) by extensions ['colcon_pkg']
[0.168s] Level 1:colcon.colcon_core.package_identification:_identify(src) by extension 'colcon_pkg'
[0.168s] Level 1:colcon.colcon_core.package_identification:_identify(src) by extensions ['colcon_meta']
[0.168s] Level 1:colcon.colcon_core.package_identification:_identify(src) by extension 'colcon_meta'
[0.168s] Level 1:colcon.colcon_core.package_identification:_identify(src) by extensions ['ros']
[0.168s] Level 1:colcon.colcon_core.package_identification:_identify(src) by extension 'ros'
[0.168s] Level 1:colcon.colcon_core.package_identification:_identify(src) by extensions ['cmake', 'python']
[0.168s] Level 1:colcon.colcon_core.package_identification:_identify(src) by extension 'cmake'
[0.168s] Level 1:colcon.colcon_core.package_identification:_identify(src) by extension 'python'
[0.168s] Level 1:colcon.colcon_core.package_identification:_identify(src) by extensions ['python_setup_py']
[0.168s] Level 1:colcon.colcon_core.package_identification:_identify(src) by extension 'python_setup_py'
[0.168s] Level 1:colcon.colcon_core.package_identification:_identify(src/learning_node) by extensions ['ignore', 'ignore_ament_install']
[0.168s] Level 1:colcon.colcon_core.package_identification:_identify(src/learning_node) by extension 'ignore'
[0.168s] Level 1:colcon.colcon_core.package_identification:_identify(src/learning_node) by extension 'ignore_ament_install'
[0.169s] Level 1:colcon.colcon_core.package_identification:_identify(src/learning_node) by extensions ['colcon_pkg']
[0.169s] Level 1:colcon.colcon_core.package_identification:_identify(src/learning_node) by extension 'colcon_pkg'
[0.169s] Level 1:colcon.colcon_core.package_identification:_identify(src/learning_node) by extensions ['colcon_meta']
[0.169s] Level 1:colcon.colcon_core.package_identification:_identify(src/learning_node) by extension 'colcon_meta'
[0.169s] Level 1:colcon.colcon_core.package_identification:_identify(src/learning_node) by extensions ['ros']
[0.169s] Level 1:colcon.colcon_core.package_identification:_identify(src/learning_node) by extension 'ros'
[0.169s] Level 1:colcon.colcon_core.package_identification:_identify(src/learning_node) by extensions ['cmake', 'python']
[0.169s] Level 1:colcon.colcon_core.package_identification:_identify(src/learning_node) by extension 'cmake'
[0.169s] Level 1:colcon.colcon_core.package_identification:_identify(src/learning_node) by extension 'python'
[0.169s] Level 1:colcon.colcon_core.package_identification:_identify(src/learning_node) by extensions ['python_setup_py']
[0.169s] Level 1:colcon.colcon_core.package_identification:_identify(src/learning_node) by extension 'python_setup_py'
[0.169s] Level 1:colcon.colcon_core.package_identification:_identify(src/learning_node/pubsub_cpp) by extensions ['ignore', 'ignore_ament_install']
[0.169s] Level 1:colcon.colcon_core.package_identification:_identify(src/learning_node/pubsub_cpp) by extension 'ignore'
[0.169s] Level 1:colcon.colcon_core.package_identification:_identify(src/learning_node/pubsub_cpp) by extension 'ignore_ament_install'
[0.169s] Level 1:colcon.colcon_core.package_identification:_identify(src/learning_node/pubsub_cpp) by extensions ['colcon_pkg']
[0.169s] Level 1:colcon.colcon_core.package_identification:_identify(src/learning_node/pubsub_cpp) by extension 'colcon_pkg'
[0.169s] Level 1:colcon.colcon_core.package_identification:_identify(src/learning_node/pubsub_cpp) by extensions ['colcon_meta']
[0.169s] Level 1:colcon.colcon_core.package_identification:_identify(src/learning_node/pubsub_cpp) by extension 'colcon_meta'
[0.169s] Level 1:colcon.colcon_core.package_identification:_identify(src/learning_node/pubsub_cpp) by extensions ['ros']
[0.169s] Level 1:colcon.colcon_core.package_identification:_identify(src/learning_node/pubsub_cpp) by extension 'ros'
[0.170s] DEBUG:colcon.colcon_core.package_identification:Package 'src/learning_node/pubsub_cpp' with type 'ros.ament_cmake' and name 'pubsub_cpp'
[0.170s] Level 1:colcon.colcon_core.package_identification:_identify(src/learning_node/pubsub_py) by extensions ['ignore', 'ignore_ament_install']
[0.170s] Level 1:colcon.colcon_core.package_identification:_identify(src/learning_node/pubsub_py) by extension 'ignore'
[0.170s] Level 1:colcon.colcon_core.package_identification:_identify(src/learning_node/pubsub_py) by extension 'ignore_ament_install'
[0.170s] Level 1:colcon.colcon_core.package_identification:_identify(src/learning_node/pubsub_py) by extensions ['colcon_pkg']
[0.170s] Level 1:colcon.colcon_core.package_identification:_identify(src/learning_node/pubsub_py) by extension 'colcon_pkg'
[0.170s] Level 1:colcon.colcon_core.package_identification:_identify(src/learning_node/pubsub_py) by extensions ['colcon_meta']
[0.170s] Level 1:colcon.colcon_core.package_identification:_identify(src/learning_node/pubsub_py) by extension 'colcon_meta'
[0.170s] Level 1:colcon.colcon_core.package_identification:_identify(src/learning_node/pubsub_py) by extensions ['ros']
[0.170s] Level 1:colcon.colcon_core.package_identification:_identify(src/learning_node/pubsub_py) by extension 'ros'
[0.171s] DEBUG:colcon.colcon_core.package_identification:Package 'src/learning_node/pubsub_py' with type 'ros.ament_python' and name 'pubsub_py'
[0.171s] Level 1:colcon.colcon_core.package_identification:_identify(src/learning_node/srvcli_py) by extensions ['ignore', 'ignore_ament_install']
[0.171s] Level 1:colcon.colcon_core.package_identification:_identify(src/learning_node/srvcli_py) by extension 'ignore'
[0.171s] Level 1:colcon.colcon_core.package_identification:_identify(src/learning_node/srvcli_py) by extension 'ignore_ament_install'
[0.171s] Level 1:colcon.colcon_core.package_identification:_identify(src/learning_node/srvcli_py) by extensions ['colcon_pkg']
[0.171s] Level 1:colcon.colcon_core.package_identification:_identify(src/learning_node/srvcli_py) by extension 'colcon_pkg'
[0.171s] Level 1:colcon.colcon_core.package_identification:_identify(src/learning_node/srvcli_py) by extensions ['colcon_meta']
[0.171s] Level 1:colcon.colcon_core.package_identification:_identify(src/learning_node/srvcli_py) by extension 'colcon_meta'
[0.171s] Level 1:colcon.colcon_core.package_identification:_identify(src/learning_node/srvcli_py) by extensions ['ros']
[0.171s] Level 1:colcon.colcon_core.package_identification:_identify(src/learning_node/srvcli_py) by extension 'ros'
[0.171s] DEBUG:colcon.colcon_core.package_identification:Package 'src/learning_node/srvcli_py' with type 'ros.ament_python' and name 'srvcli_py'
[0.171s] Level 1:colcon.colcon_core.package_discovery:discover_packages(recursive) using defaults
[0.171s] Level 1:colcon.colcon_core.package_discovery:discover_packages(ignore) discover
[0.171s] Level 1:colcon.colcon_core.package_discovery:discover_packages(ignore) using defaults
[0.171s] Level 1:colcon.colcon_core.package_discovery:discover_packages(path) discover
[0.171s] Level 1:colcon.colcon_core.package_discovery:discover_packages(path) using defaults
[0.184s] Level 5:colcon.colcon_core.verb:set package 'pubsub_cpp' build argument 'cmake_args' from command line to 'None'
[0.184s] Level 5:colcon.colcon_core.verb:set package 'pubsub_cpp' build argument 'cmake_target' from command line to 'None'
[0.184s] Level 5:colcon.colcon_core.verb:set package 'pubsub_cpp' build argument 'cmake_target_skip_unavailable' from command line to 'False'
[0.184s] Level 5:colcon.colcon_core.verb:set package 'pubsub_cpp' build argument 'cmake_clean_cache' from command line to 'False'
[0.184s] Level 5:colcon.colcon_core.verb:set package 'pubsub_cpp' build argument 'cmake_clean_first' from command line to 'False'
[0.184s] Level 5:colcon.colcon_core.verb:set package 'pubsub_cpp' build argument 'cmake_force_configure' from command line to 'False'
[0.184s] Level 5:colcon.colcon_core.verb:set package 'pubsub_cpp' build argument 'ament_cmake_args' from command line to 'None'
[0.184s] Level 5:colcon.colcon_core.verb:set package 'pubsub_cpp' build argument 'catkin_cmake_args' from command line to 'None'
[0.184s] Level 5:colcon.colcon_core.verb:set package 'pubsub_cpp' build argument 'catkin_skip_building_tests' from command line to 'False'
[0.184s] DEBUG:colcon.colcon_core.verb:Building package 'pubsub_cpp' with the following arguments: {'ament_cmake_args': None, 'build_base': '/root/ros2_ws/build/pubsub_cpp', 'catkin_cmake_args': None, 'catkin_skip_building_tests': False, 'cmake_args': None, 'cmake_clean_cache': False, 'cmake_clean_first': False, 'cmake_force_configure': False, 'cmake_target': None, 'cmake_target_skip_unavailable': False, 'install_base': '/root/ros2_ws/install/pubsub_cpp', 'merge_install': False, 'path': '/root/ros2_ws/src/learning_node/pubsub_cpp', 'symlink_install': False, 'test_result_base': None}
[0.184s] Level 5:colcon.colcon_core.verb:set package 'pubsub_py' build argument 'cmake_args' from command line to 'None'
[0.184s] Level 5:colcon.colcon_core.verb:set package 'pubsub_py' build argument 'cmake_target' from command line to 'None'
[0.184s] Level 5:colcon.colcon_core.verb:set package 'pubsub_py' build argument 'cmake_target_skip_unavailable' from command line to 'False'
[0.184s] Level 5:colcon.colcon_core.verb:set package 'pubsub_py' build argument 'cmake_clean_cache' from command line to 'False'
[0.184s] Level 5:colcon.colcon_core.verb:set package 'pubsub_py' build argument 'cmake_clean_first' from command line to 'False'
[0.184s] Level 5:colcon.colcon_core.verb:set package 'pubsub_py' build argument 'cmake_force_configure' from command line to 'False'
[0.184s] Level 5:colcon.colcon_core.verb:set package 'pubsub_py' build argument 'ament_cmake_args' from command line to 'None'
[0.184s] Level 5:colcon.colcon_core.verb:set package 'pubsub_py' build argument 'catkin_cmake_args' from command line to 'None'
[0.184s] Level 5:colcon.colcon_core.verb:set package 'pubsub_py' build argument 'catkin_skip_building_tests' from command line to 'False'
[0.184s] DEBUG:colcon.colcon_core.verb:Building package 'pubsub_py' with the following arguments: {'ament_cmake_args': None, 'build_base': '/root/ros2_ws/build/pubsub_py', 'catkin_cmake_args': None, 'catkin_skip_building_tests': False, 'cmake_args': None, 'cmake_clean_cache': False, 'cmake_clean_first': False, 'cmake_force_configure': False, 'cmake_target': None, 'cmake_target_skip_unavailable': False, 'install_base': '/root/ros2_ws/install/pubsub_py', 'merge_install': False, 'path': '/root/ros2_ws/src/learning_node/pubsub_py', 'symlink_install': False, 'test_result_base': None}
[0.185s] Level 5:colcon.colcon_core.verb:set package 'srvcli_py' build argument 'cmake_args' from command line to 'None'
[0.185s] Level 5:colcon.colcon_core.verb:set package 'srvcli_py' build argument 'cmake_target' from command line to 'None'
[0.185s] Level 5:colcon.colcon_core.verb:set package 'srvcli_py' build argument 'cmake_target_skip_unavailable' from command line to 'False'
[0.185s] Level 5:colcon.colcon_core.verb:set package 'srvcli_py' build argument 'cmake_clean_cache' from command line to 'False'
[0.185s] Level 5:colcon.colcon_core.verb:set package 'srvcli_py' build argument 'cmake_clean_first' from command line to 'False'
[0.185s] Level 5:colcon.colcon_core.verb:set package 'srvcli_py' build argument 'cmake_force_configure' from command line to 'False'
[0.185s] Level 5:colcon.colcon_core.verb:set package 'srvcli_py' build argument 'ament_cmake_args' from command line to 'None'
[0.185s] Level 5:colcon.colcon_core.verb:set package 'srvcli_py' build argument 'catkin_cmake_args' from command line to 'None'
[0.185s] Level 5:colcon.colcon_core.verb:set package 'srvcli_py' build argument 'catkin_skip_building_tests' from command line to 'False'
[0.185s] DEBUG:colcon.colcon_core.verb:Building package 'srvcli_py' with the following arguments: {'ament_cmake_args': None, 'build_base': '/root/ros2_ws/build/srvcli_py', 'catkin_cmake_args': None, 'catkin_skip_building_tests': False, 'cmake_args': None, 'cmake_clean_cache': False, 'cmake_clean_first': False, 'cmake_force_configure': False, 'cmake_target': None, 'cmake_target_skip_unavailable': False, 'install_base': '/root/ros2_ws/install/srvcli_py', 'merge_install': False, 'path': '/root/ros2_ws/src/learning_node/srvcli_py', 'symlink_install': False, 'test_result_base': None}
[0.185s] INFO:colcon.colcon_core.executor:Executing jobs using 'parallel' executor
[0.187s] DEBUG:colcon.colcon_parallel_executor.executor.parallel:run_until_complete
[0.188s] INFO:colcon.colcon_ros.task.ament_cmake.build:Building ROS package in '/root/ros2_ws/src/learning_node/pubsub_cpp' with build type 'ament_cmake'
[0.188s] INFO:colcon.colcon_cmake.task.cmake.build:Building CMake package in '/root/ros2_ws/src/learning_node/pubsub_cpp'
[0.190s] INFO:colcon.colcon_core.plugin_system:Skipping extension 'colcon_core.shell.bat': Not used on non-Windows systems
[0.190s] INFO:colcon.colcon_core.shell:Skip shell extension 'powershell' for command environment: Not usable outside of PowerShell
[0.190s] DEBUG:colcon.colcon_core.shell:Skip shell extension 'dsv' for command environment
[0.191s] WARNING:colcon.colcon_ros.prefix_path.ament:The path '/root/ros2_ws/install/first_node_py' in the environment variable AMENT_PREFIX_PATH doesn't exist
[0.191s] WARNING:colcon.colcon_ros.prefix_path.ament:The path '/root/ros2_ws/install/first_node' in the environment variable AMENT_PREFIX_PATH doesn't exist
[0.191s] WARNING:colcon.colcon_ros.prefix_path.catkin:The path '/root/ros2_ws/install/first_node' in the environment variable CMAKE_PREFIX_PATH doesn't exist
[0.193s] INFO:colcon.colcon_ros.task.ament_python.build:Building ROS package in '/root/ros2_ws/src/learning_node/pubsub_py' with build type 'ament_python'
[0.193s] Level 1:colcon.colcon_core.shell:create_environment_hook('pubsub_py', 'ament_prefix_path')
[0.194s] INFO:colcon.colcon_core.shell:Creating environment hook '/root/ros2_ws/install/pubsub_py/share/pubsub_py/hook/ament_prefix_path.ps1'
[0.195s] INFO:colcon.colcon_core.shell:Creating environment descriptor '/root/ros2_ws/install/pubsub_py/share/pubsub_py/hook/ament_prefix_path.dsv'
[0.195s] INFO:colcon.colcon_core.shell:Creating environment hook '/root/ros2_ws/install/pubsub_py/share/pubsub_py/hook/ament_prefix_path.sh'
[0.197s] INFO:colcon.colcon_core.shell:Skip shell extension 'powershell' for command environment: Not usable outside of PowerShell
[0.197s] DEBUG:colcon.colcon_core.shell:Skip shell extension 'dsv' for command environment
[0.201s] INFO:colcon.colcon_ros.task.ament_python.build:Building ROS package in '/root/ros2_ws/src/learning_node/srvcli_py' with build type 'ament_python'
[0.201s] Level 1:colcon.colcon_core.shell:create_environment_hook('srvcli_py', 'ament_prefix_path')
[0.202s] INFO:colcon.colcon_core.shell:Creating environment hook '/root/ros2_ws/install/srvcli_py/share/srvcli_py/hook/ament_prefix_path.ps1'
[0.203s] INFO:colcon.colcon_core.shell:Creating environment descriptor '/root/ros2_ws/install/srvcli_py/share/srvcli_py/hook/ament_prefix_path.dsv'
[0.203s] INFO:colcon.colcon_core.shell:Creating environment hook '/root/ros2_ws/install/srvcli_py/share/srvcli_py/hook/ament_prefix_path.sh'
[0.204s] INFO:colcon.colcon_core.shell:Skip shell extension 'powershell' for command environment: Not usable outside of PowerShell
[0.204s] DEBUG:colcon.colcon_core.shell:Skip shell extension 'dsv' for command environment
[0.218s] DEBUG:colcon.colcon_core.event_handler.log_command:Invoking command in '/root/ros2_ws/build/pubsub_cpp': CMAKE_PREFIX_PATH=${CMAKE_PREFIX_PATH}:/root/ros2_ws/install/srvcli_py:/root/ros2_ws/install/pubsub_py:/root/ros2_ws/install/first_node_py:/opt/ros/humble /usr/bin/cmake --build /root/ros2_ws/build/pubsub_cpp -- -j20 -l20
[0.332s] INFO:colcon.colcon_core.task.python.build:Building Python package in '/root/ros2_ws/src/learning_node/pubsub_py'
[0.333s] INFO:colcon.colcon_core.shell:Skip shell extension 'powershell' for command environment: Not usable outside of PowerShell
[0.333s] DEBUG:colcon.colcon_core.shell:Skip shell extension 'dsv' for command environment
[0.448s] INFO:colcon.colcon_core.task.python.build:Building Python package in '/root/ros2_ws/src/learning_node/srvcli_py'
[0.449s] INFO:colcon.colcon_core.shell:Skip shell extension 'powershell' for command environment: Not usable outside of PowerShell
[0.449s] DEBUG:colcon.colcon_core.shell:Skip shell extension 'dsv' for command environment
[0.452s] DEBUG:colcon.colcon_core.event_handler.log_command:Invoked command in '/root/ros2_ws/build/pubsub_cpp' returned '0': CMAKE_PREFIX_PATH=${CMAKE_PREFIX_PATH}:/root/ros2_ws/install/srvcli_py:/root/ros2_ws/install/pubsub_py:/root/ros2_ws/install/first_node_py:/opt/ros/humble /usr/bin/cmake --build /root/ros2_ws/build/pubsub_cpp -- -j20 -l20
[0.470s] DEBUG:colcon.colcon_core.event_handler.log_command:Invoking command in '/root/ros2_ws/build/pubsub_cpp': CMAKE_PREFIX_PATH=${CMAKE_PREFIX_PATH}:/root/ros2_ws/install/srvcli_py:/root/ros2_ws/install/pubsub_py:/root/ros2_ws/install/first_node_py:/opt/ros/humble /usr/bin/cmake --install /root/ros2_ws/build/pubsub_cpp
[0.475s] Level 1:colcon.colcon_core.environment:create_environment_scripts_only(pubsub_cpp)
[0.475s] DEBUG:colcon.colcon_core.event_handler.log_command:Invoked command in '/root/ros2_ws/build/pubsub_cpp' returned '0': CMAKE_PREFIX_PATH=${CMAKE_PREFIX_PATH}:/root/ros2_ws/install/srvcli_py:/root/ros2_ws/install/pubsub_py:/root/ros2_ws/install/first_node_py:/opt/ros/humble /usr/bin/cmake --install /root/ros2_ws/build/pubsub_cpp
[0.478s] Level 1:colcon.colcon_core.environment:checking '/root/ros2_ws/install/pubsub_cpp' for CMake module files
[0.479s] Level 1:colcon.colcon_core.environment:checking '/root/ros2_ws/install/pubsub_cpp' for CMake config files
[0.479s] Level 1:colcon.colcon_core.shell:create_environment_hook('pubsub_cpp', 'cmake_prefix_path')
[0.479s] INFO:colcon.colcon_core.shell:Creating environment hook '/root/ros2_ws/install/pubsub_cpp/share/pubsub_cpp/hook/cmake_prefix_path.ps1'
[0.480s] INFO:colcon.colcon_core.shell:Creating environment descriptor '/root/ros2_ws/install/pubsub_cpp/share/pubsub_cpp/hook/cmake_prefix_path.dsv'
[0.480s] INFO:colcon.colcon_core.shell:Creating environment hook '/root/ros2_ws/install/pubsub_cpp/share/pubsub_cpp/hook/cmake_prefix_path.sh'
[0.480s] Level 1:colcon.colcon_core.environment:checking '/root/ros2_ws/install/pubsub_cpp/lib'
[0.480s] Level 1:colcon.colcon_core.environment:checking '/root/ros2_ws/install/pubsub_cpp/bin'
[0.481s] Level 1:colcon.colcon_core.environment:checking '/root/ros2_ws/install/pubsub_cpp/lib/pkgconfig/pubsub_cpp.pc'
[0.481s] Level 1:colcon.colcon_core.environment:checking '/root/ros2_ws/install/pubsub_cpp/lib/python3.10/site-packages'
[0.481s] Level 1:colcon.colcon_core.environment:checking '/root/ros2_ws/install/pubsub_cpp/bin'
[0.481s] INFO:colcon.colcon_core.shell:Creating package script '/root/ros2_ws/install/pubsub_cpp/share/pubsub_cpp/package.ps1'
[0.482s] INFO:colcon.colcon_core.shell:Creating package descriptor '/root/ros2_ws/install/pubsub_cpp/share/pubsub_cpp/package.dsv'
[0.482s] INFO:colcon.colcon_core.shell:Creating package script '/root/ros2_ws/install/pubsub_cpp/share/pubsub_cpp/package.sh'
[0.482s] INFO:colcon.colcon_core.shell:Creating package script '/root/ros2_ws/install/pubsub_cpp/share/pubsub_cpp/package.bash'
[0.483s] INFO:colcon.colcon_core.shell:Creating package script '/root/ros2_ws/install/pubsub_cpp/share/pubsub_cpp/package.zsh'
[0.483s] Level 1:colcon.colcon_core.environment:create_file_with_runtime_dependencies(/root/ros2_ws/install/pubsub_cpp/share/colcon-core/packages/pubsub_cpp)
[0.497s] Level 1:colcon.colcon_core.environment:create_environment_scripts_only(pubsub_cpp)
[0.498s] Level 1:colcon.colcon_core.environment:checking '/root/ros2_ws/install/pubsub_cpp' for CMake module files
[0.499s] Level 1:colcon.colcon_core.environment:checking '/root/ros2_ws/install/pubsub_cpp' for CMake config files
[0.499s] Level 1:colcon.colcon_core.shell:create_environment_hook('pubsub_cpp', 'cmake_prefix_path')
[0.500s] INFO:colcon.colcon_core.shell:Creating environment hook '/root/ros2_ws/install/pubsub_cpp/share/pubsub_cpp/hook/cmake_prefix_path.ps1'
[0.500s] INFO:colcon.colcon_core.shell:Creating environment descriptor '/root/ros2_ws/install/pubsub_cpp/share/pubsub_cpp/hook/cmake_prefix_path.dsv'
[0.500s] INFO:colcon.colcon_core.shell:Creating environment hook '/root/ros2_ws/install/pubsub_cpp/share/pubsub_cpp/hook/cmake_prefix_path.sh'
[0.500s] Level 1:colcon.colcon_core.environment:checking '/root/ros2_ws/install/pubsub_cpp/lib'
[0.500s] Level 1:colcon.colcon_core.environment:checking '/root/ros2_ws/install/pubsub_cpp/bin'
[0.500s] Level 1:colcon.colcon_core.environment:checking '/root/ros2_ws/install/pubsub_cpp/lib/pkgconfig/pubsub_cpp.pc'
[0.500s] Level 1:colcon.colcon_core.environment:checking '/root/ros2_ws/install/pubsub_cpp/lib/python3.10/site-packages'
[0.501s] Level 1:colcon.colcon_core.environment:checking '/root/ros2_ws/install/pubsub_cpp/bin'
[0.501s] INFO:colcon.colcon_core.shell:Creating package script '/root/ros2_ws/install/pubsub_cpp/share/pubsub_cpp/package.ps1'
[0.502s] INFO:colcon.colcon_core.shell:Creating package descriptor '/root/ros2_ws/install/pubsub_cpp/share/pubsub_cpp/package.dsv'
[0.502s] INFO:colcon.colcon_core.shell:Creating package script '/root/ros2_ws/install/pubsub_cpp/share/pubsub_cpp/package.sh'
[0.502s] INFO:colcon.colcon_core.shell:Creating package script '/root/ros2_ws/install/pubsub_cpp/share/pubsub_cpp/package.bash'
[0.502s] INFO:colcon.colcon_core.shell:Creating package script '/root/ros2_ws/install/pubsub_cpp/share/pubsub_cpp/package.zsh'
[0.502s] Level 1:colcon.colcon_core.environment:create_file_with_runtime_dependencies(/root/ros2_ws/install/pubsub_cpp/share/colcon-core/packages/pubsub_cpp)
[0.612s] DEBUG:colcon.colcon_core.event_handler.log_command:Invoking command in '/root/ros2_ws/src/learning_node/pubsub_py': PYTHONPATH=/root/ros2_ws/build/pubsub_py/prefix_override:/root/ros2_ws/install/pubsub_py/lib/python3.10/site-packages:${PYTHONPATH} /usr/bin/python3 setup.py egg_info --egg-base ../../../build/pubsub_py build --build-base /root/ros2_ws/build/pubsub_py/build install --record /root/ros2_ws/build/pubsub_py/install.log --single-version-externally-managed
[0.622s] DEBUG:colcon.colcon_core.event_handler.log_command:Invoking command in '/root/ros2_ws/src/learning_node/srvcli_py': PYTHONPATH=/root/ros2_ws/build/srvcli_py/prefix_override:/root/ros2_ws/install/srvcli_py/lib/python3.10/site-packages:${PYTHONPATH} /usr/bin/python3 setup.py egg_info --egg-base ../../../build/srvcli_py build --build-base /root/ros2_ws/build/srvcli_py/build install --record /root/ros2_ws/build/srvcli_py/install.log --single-version-externally-managed
[0.744s] Level 1:colcon.colcon_core.environment:checking '/root/ros2_ws/install/pubsub_py' for CMake module files
[0.745s] DEBUG:colcon.colcon_core.event_handler.log_command:Invoked command in '/root/ros2_ws/src/learning_node/pubsub_py' returned '0': PYTHONPATH=/root/ros2_ws/build/pubsub_py/prefix_override:/root/ros2_ws/install/pubsub_py/lib/python3.10/site-packages:${PYTHONPATH} /usr/bin/python3 setup.py egg_info --egg-base ../../../build/pubsub_py build --build-base /root/ros2_ws/build/pubsub_py/build install --record /root/ros2_ws/build/pubsub_py/install.log --single-version-externally-managed
[0.745s] Level 1:colcon.colcon_core.environment:checking '/root/ros2_ws/install/pubsub_py' for CMake config files
[0.746s] Level 1:colcon.colcon_core.environment:checking '/root/ros2_ws/install/pubsub_py/lib'
[0.746s] Level 1:colcon.colcon_core.environment:checking '/root/ros2_ws/install/pubsub_py/bin'
[0.746s] Level 1:colcon.colcon_core.environment:checking '/root/ros2_ws/install/pubsub_py/lib/pkgconfig/pubsub_py.pc'
[0.746s] Level 1:colcon.colcon_core.environment:checking '/root/ros2_ws/install/pubsub_py/lib/python3.10/site-packages'
[0.746s] Level 1:colcon.colcon_core.shell:create_environment_hook('pubsub_py', 'pythonpath')
[0.747s] INFO:colcon.colcon_core.shell:Creating environment hook '/root/ros2_ws/install/pubsub_py/share/pubsub_py/hook/pythonpath.ps1'
[0.747s] INFO:colcon.colcon_core.shell:Creating environment descriptor '/root/ros2_ws/install/pubsub_py/share/pubsub_py/hook/pythonpath.dsv'
[0.747s] INFO:colcon.colcon_core.shell:Creating environment hook '/root/ros2_ws/install/pubsub_py/share/pubsub_py/hook/pythonpath.sh'
[0.747s] Level 1:colcon.colcon_core.environment:checking '/root/ros2_ws/install/pubsub_py/bin'
[0.747s] Level 1:colcon.colcon_core.environment:create_environment_scripts_only(pubsub_py)
[0.748s] INFO:colcon.colcon_core.shell:Creating package script '/root/ros2_ws/install/pubsub_py/share/pubsub_py/package.ps1'
[0.748s] INFO:colcon.colcon_core.shell:Creating package descriptor '/root/ros2_ws/install/pubsub_py/share/pubsub_py/package.dsv'
[0.750s] INFO:colcon.colcon_core.shell:Creating package script '/root/ros2_ws/install/pubsub_py/share/pubsub_py/package.sh'
[0.750s] INFO:colcon.colcon_core.shell:Creating package script '/root/ros2_ws/install/pubsub_py/share/pubsub_py/package.bash'
[0.750s] INFO:colcon.colcon_core.shell:Creating package script '/root/ros2_ws/install/pubsub_py/share/pubsub_py/package.zsh'
[0.750s] Level 1:colcon.colcon_core.environment:create_file_with_runtime_dependencies(/root/ros2_ws/install/pubsub_py/share/colcon-core/packages/pubsub_py)
[0.759s] Level 1:colcon.colcon_core.environment:checking '/root/ros2_ws/install/srvcli_py' for CMake module files
[0.760s] DEBUG:colcon.colcon_core.event_handler.log_command:Invoked command in '/root/ros2_ws/src/learning_node/srvcli_py' returned '0': PYTHONPATH=/root/ros2_ws/build/srvcli_py/prefix_override:/root/ros2_ws/install/srvcli_py/lib/python3.10/site-packages:${PYTHONPATH} /usr/bin/python3 setup.py egg_info --egg-base ../../../build/srvcli_py build --build-base /root/ros2_ws/build/srvcli_py/build install --record /root/ros2_ws/build/srvcli_py/install.log --single-version-externally-managed
[0.760s] Level 1:colcon.colcon_core.environment:checking '/root/ros2_ws/install/srvcli_py' for CMake config files
[0.760s] Level 1:colcon.colcon_core.environment:checking '/root/ros2_ws/install/srvcli_py/lib'
[0.760s] Level 1:colcon.colcon_core.environment:checking '/root/ros2_ws/install/srvcli_py/bin'
[0.760s] Level 1:colcon.colcon_core.environment:checking '/root/ros2_ws/install/srvcli_py/lib/pkgconfig/srvcli_py.pc'
[0.760s] Level 1:colcon.colcon_core.environment:checking '/root/ros2_ws/install/srvcli_py/lib/python3.10/site-packages'
[0.760s] Level 1:colcon.colcon_core.shell:create_environment_hook('srvcli_py', 'pythonpath')
[0.761s] INFO:colcon.colcon_core.shell:Creating environment hook '/root/ros2_ws/install/srvcli_py/share/srvcli_py/hook/pythonpath.ps1'
[0.761s] INFO:colcon.colcon_core.shell:Creating environment descriptor '/root/ros2_ws/install/srvcli_py/share/srvcli_py/hook/pythonpath.dsv'
[0.761s] INFO:colcon.colcon_core.shell:Creating environment hook '/root/ros2_ws/install/srvcli_py/share/srvcli_py/hook/pythonpath.sh'
[0.762s] Level 1:colcon.colcon_core.environment:checking '/root/ros2_ws/install/srvcli_py/bin'
[0.762s] Level 1:colcon.colcon_core.environment:create_environment_scripts_only(srvcli_py)
[0.762s] INFO:colcon.colcon_core.shell:Creating package script '/root/ros2_ws/install/srvcli_py/share/srvcli_py/package.ps1'
[0.763s] INFO:colcon.colcon_core.shell:Creating package descriptor '/root/ros2_ws/install/srvcli_py/share/srvcli_py/package.dsv'
[0.763s] INFO:colcon.colcon_core.shell:Creating package script '/root/ros2_ws/install/srvcli_py/share/srvcli_py/package.sh'
[0.764s] INFO:colcon.colcon_core.shell:Creating package script '/root/ros2_ws/install/srvcli_py/share/srvcli_py/package.bash'
[0.764s] INFO:colcon.colcon_core.shell:Creating package script '/root/ros2_ws/install/srvcli_py/share/srvcli_py/package.zsh'
[0.764s] Level 1:colcon.colcon_core.environment:create_file_with_runtime_dependencies(/root/ros2_ws/install/srvcli_py/share/colcon-core/packages/srvcli_py)
[0.764s] DEBUG:colcon.colcon_parallel_executor.executor.parallel:closing loop
[0.764s] DEBUG:colcon.colcon_parallel_executor.executor.parallel:loop closed
[0.764s] DEBUG:colcon.colcon_parallel_executor.executor.parallel:run_until_complete finished with '0'
[0.764s] DEBUG:colcon.colcon_core.event_reactor:joining thread
[0.770s] INFO:colcon.colcon_core.plugin_system:Skipping extension 'colcon_notification.desktop_notification.notify_send': Could not find 'notify-send'
[0.770s] INFO:colcon.colcon_core.plugin_system:Skipping extension 'colcon_notification.desktop_notification.terminal_notifier': Not used on non-Darwin systems
[0.770s] INFO:colcon.colcon_core.plugin_system:Skipping extension 'colcon_notification.desktop_notification.win32': Not used on non-Windows systems
[0.770s] INFO:colcon.colcon_notification.desktop_notification:Sending desktop notification using 'notify2'
[0.771s] DEBUG:colcon.colcon_notification.desktop_notification.notify2:Failed to initialize notify2: org.freedesktop.DBus.Error.Spawn.ExecFailed: /usr/bin/dbus-launch terminated abnormally without any error message
[0.771s] DEBUG:colcon.colcon_core.event_reactor:joined thread
[0.772s] INFO:colcon.colcon_core.shell:Creating prefix script '/root/ros2_ws/install/local_setup.ps1'
[0.773s] INFO:colcon.colcon_core.shell:Creating prefix util module '/root/ros2_ws/install/_local_setup_util_ps1.py'
[0.774s] INFO:colcon.colcon_core.shell:Creating prefix chain script '/root/ros2_ws/install/setup.ps1'
[0.774s] INFO:colcon.colcon_core.shell:Creating prefix script '/root/ros2_ws/install/local_setup.sh'
[0.775s] INFO:colcon.colcon_core.shell:Creating prefix util module '/root/ros2_ws/install/_local_setup_util_sh.py'
[0.775s] INFO:colcon.colcon_core.shell:Creating prefix chain script '/root/ros2_ws/install/setup.sh'
[0.775s] INFO:colcon.colcon_core.shell:Creating prefix script '/root/ros2_ws/install/local_setup.bash'
[0.776s] INFO:colcon.colcon_core.shell:Creating prefix chain script '/root/ros2_ws/install/setup.bash'
[0.776s] INFO:colcon.colcon_core.shell:Creating prefix script '/root/ros2_ws/install/local_setup.zsh'
[0.776s] INFO:colcon.colcon_core.shell:Creating prefix chain script '/root/ros2_ws/install/setup.zsh'
