[0.293s] Invoking command in '/root/2ROS2workspace/ROS2_FreshmanProject': PYTHONPATH=/root/2ROS2workspace/ROS2_FreshmanProject/build/ROS2_FreshmanProject/prefix_override:/root/2ROS2workspace/ROS2_FreshmanProject/install/ROS2_FreshmanProject/lib/python3.10/site-packages:${PYTHONPATH} /usr/bin/python3 setup.py egg_info --egg-base build/ROS2_FreshmanProject build --build-base /root/2ROS2workspace/ROS2_FreshmanProject/build/ROS2_FreshmanProject/build install --record /root/2ROS2workspace/ROS2_FreshmanProject/build/ROS2_FreshmanProject/install.log --single-version-externally-managed
[0.410s] running egg_info
[0.410s] writing build/ROS2_FreshmanProject/ROS2_FreshmanProject.egg-info/PKG-INFO
[0.410s] writing dependency_links to build/ROS2_FreshmanProject/ROS2_FreshmanProject.egg-info/dependency_links.txt
[0.410s] writing entry points to build/ROS2_FreshmanProject/ROS2_FreshmanProject.egg-info/entry_points.txt
[0.410s] writing requirements to build/ROS2_FreshmanProject/ROS2_FreshmanProject.egg-info/requires.txt
[0.410s] writing top-level names to build/ROS2_FreshmanProject/ROS2_FreshmanProject.egg-info/top_level.txt
[0.411s] reading manifest file 'build/ROS2_FreshmanProject/ROS2_FreshmanProject.egg-info/SOURCES.txt'
[0.412s] writing manifest file 'build/ROS2_FreshmanProject/ROS2_FreshmanProject.egg-info/SOURCES.txt'
[0.412s] running build
[0.412s] running build_py
[0.412s] running install
[0.412s] /usr/lib/python3/dist-packages/setuptools/command/install.py:34: SetuptoolsDeprecationWarning: setup.py install is deprecated. Use build and pip and other standards-based tools.
[0.412s]   warnings.warn(
[0.412s] running install_lib
[0.413s] running install_data
[0.413s] running install_egg_info
[0.414s] removing '/root/2ROS2workspace/ROS2_FreshmanProject/install/ROS2_FreshmanProject/lib/python3.10/site-packages/ROS2_FreshmanProject-0.0.0-py3.10.egg-info' (and everything under it)
[0.414s] Copying build/ROS2_FreshmanProject/ROS2_FreshmanProject.egg-info to /root/2ROS2workspace/ROS2_FreshmanProject/install/ROS2_FreshmanProject/lib/python3.10/site-packages/ROS2_FreshmanProject-0.0.0-py3.10.egg-info
[0.415s] running install_scripts
[0.427s] Installing control_node script to /root/2ROS2workspace/ROS2_FreshmanProject/install/ROS2_FreshmanProject/lib/ROS2_FreshmanProject
[0.427s] Installing serial_node script to /root/2ROS2workspace/ROS2_FreshmanProject/install/ROS2_FreshmanProject/lib/ROS2_FreshmanProject
[0.427s] Installing tf2_node script to /root/2ROS2workspace/ROS2_FreshmanProject/install/ROS2_FreshmanProject/lib/ROS2_FreshmanProject
[0.427s] writing list of installed files to '/root/2ROS2workspace/ROS2_FreshmanProject/build/ROS2_FreshmanProject/install.log'
[0.441s] Invoked command in '/root/2ROS2workspace/ROS2_FreshmanProject' returned '0': PYTHONPATH=/root/2ROS2workspace/ROS2_FreshmanProject/build/ROS2_FreshmanProject/prefix_override:/root/2ROS2workspace/ROS2_FreshmanProject/install/ROS2_FreshmanProject/lib/python3.10/site-packages:${PYTHONPATH} /usr/bin/python3 setup.py egg_info --egg-base build/ROS2_FreshmanProject build --build-base /root/2ROS2workspace/ROS2_FreshmanProject/build/ROS2_FreshmanProject/build install --record /root/2ROS2workspace/ROS2_FreshmanProject/build/ROS2_FreshmanProject/install.log --single-version-externally-managed
