[0.418s] Invoking command in '/root/ros2_ws/src/learning_node/pubsub_py': PYTHONPATH=/root/ros2_ws/build/pubsub_py/prefix_override:/root/ros2_ws/install/pubsub_py/lib/python3.10/site-packages:${PYTHONPATH} /usr/bin/python3 setup.py egg_info --egg-base ../../../build/pubsub_py build --build-base /root/ros2_ws/build/pubsub_py/build install --record /root/ros2_ws/build/pubsub_py/install.log --single-version-externally-managed
[0.520s] running egg_info
[0.521s] writing ../../../build/pubsub_py/pubsub_py.egg-info/PKG-INFO
[0.521s] writing dependency_links to ../../../build/pubsub_py/pubsub_py.egg-info/dependency_links.txt
[0.521s] writing entry points to ../../../build/pubsub_py/pubsub_py.egg-info/entry_points.txt
[0.521s] writing requirements to ../../../build/pubsub_py/pubsub_py.egg-info/requires.txt
[0.521s] writing top-level names to ../../../build/pubsub_py/pubsub_py.egg-info/top_level.txt
[0.522s] reading manifest file '../../../build/pubsub_py/pubsub_py.egg-info/SOURCES.txt'
[0.522s] writing manifest file '../../../build/pubsub_py/pubsub_py.egg-info/SOURCES.txt'
[0.522s] running build
[0.522s] running build_py
[0.522s] running install
[0.522s] /usr/lib/python3/dist-packages/setuptools/command/install.py:34: SetuptoolsDeprecationWarning: setup.py install is deprecated. Use build and pip and other standards-based tools.
[0.522s]   warnings.warn(
[0.522s] running install_lib
[0.523s] running install_data
[0.523s] running install_egg_info
[0.524s] removing '/root/ros2_ws/install/pubsub_py/lib/python3.10/site-packages/pubsub_py-0.0.0-py3.10.egg-info' (and everything under it)
[0.524s] Copying ../../../build/pubsub_py/pubsub_py.egg-info to /root/ros2_ws/install/pubsub_py/lib/python3.10/site-packages/pubsub_py-0.0.0-py3.10.egg-info
[0.524s] running install_scripts
[0.536s] Installing listener script to /root/ros2_ws/install/pubsub_py/lib/pubsub_py
[0.536s] Installing talker script to /root/ros2_ws/install/pubsub_py/lib/pubsub_py
[0.537s] writing list of installed files to '/root/ros2_ws/build/pubsub_py/install.log'
[0.551s] Invoked command in '/root/ros2_ws/src/learning_node/pubsub_py' returned '0': PYTHONPATH=/root/ros2_ws/build/pubsub_py/prefix_override:/root/ros2_ws/install/pubsub_py/lib/python3.10/site-packages:${PYTHONPATH} /usr/bin/python3 setup.py egg_info --egg-base ../../../build/pubsub_py build --build-base /root/ros2_ws/build/pubsub_py/build install --record /root/ros2_ws/build/pubsub_py/install.log --single-version-externally-managed
