[0.281s] Invoking command in '/root/2ROS2workspace/ROS2_FreshmanProject': PYTHONPATH=/root/2ROS2workspace/ROS2_FreshmanProject/build/ROS2_FreshmanProject/prefix_override:/root/2ROS2workspace/ROS2_FreshmanProject/install/ROS2_FreshmanProject/lib/python3.10/site-packages:${PYTHONPATH} /usr/bin/python3 setup.py egg_info --egg-base build/ROS2_FreshmanProject build --build-base /root/2ROS2workspace/ROS2_FreshmanProject/build/ROS2_FreshmanProject/build install --record /root/2ROS2workspace/ROS2_FreshmanProject/build/ROS2_FreshmanProject/install.log --single-version-externally-managed
[0.388s] running egg_info
[0.389s] writing build/ROS2_FreshmanProject/ROS2_FreshmanProject.egg-info/PKG-INFO
[0.389s] writing dependency_links to build/ROS2_FreshmanProject/ROS2_FreshmanProject.egg-info/dependency_links.txt
[0.389s] writing entry points to build/ROS2_FreshmanProject/ROS2_FreshmanProject.egg-info/entry_points.txt
[0.389s] writing requirements to build/ROS2_FreshmanProject/ROS2_FreshmanProject.egg-info/requires.txt
[0.389s] writing top-level names to build/ROS2_FreshmanProject/ROS2_FreshmanProject.egg-info/top_level.txt
[0.390s] reading manifest file 'build/ROS2_FreshmanProject/ROS2_FreshmanProject.egg-info/SOURCES.txt'
[0.390s] writing manifest file 'build/ROS2_FreshmanProject/ROS2_FreshmanProject.egg-info/SOURCES.txt'
[0.390s] running build
[0.390s] running build_py
[0.390s] running install
[0.390s] /usr/lib/python3/dist-packages/setuptools/command/install.py:34: SetuptoolsDeprecationWarning: setup.py install is deprecated. Use build and pip and other standards-based tools.
[0.391s]   warnings.warn(
[0.391s] running install_lib
[0.391s] creating /root/2ROS2workspace/ROS2_FreshmanProject/install/ROS2_FreshmanProject/lib/python3.10/site-packages/ROS2_FreshmanProject
[0.391s] copying /root/2ROS2workspace/ROS2_FreshmanProject/build/ROS2_FreshmanProject/build/lib/ROS2_FreshmanProject/Servo.py -> /root/2ROS2workspace/ROS2_FreshmanProject/install/ROS2_FreshmanProject/lib/python3.10/site-packages/ROS2_FreshmanProject
[0.391s] copying /root/2ROS2workspace/ROS2_FreshmanProject/build/ROS2_FreshmanProject/build/lib/ROS2_FreshmanProject/__init__.py -> /root/2ROS2workspace/ROS2_FreshmanProject/install/ROS2_FreshmanProject/lib/python3.10/site-packages/ROS2_FreshmanProject
[0.391s] copying /root/2ROS2workspace/ROS2_FreshmanProject/build/ROS2_FreshmanProject/build/lib/ROS2_FreshmanProject/culculate.py -> /root/2ROS2workspace/ROS2_FreshmanProject/install/ROS2_FreshmanProject/lib/python3.10/site-packages/ROS2_FreshmanProject
[0.391s] copying /root/2ROS2workspace/ROS2_FreshmanProject/build/ROS2_FreshmanProject/build/lib/ROS2_FreshmanProject/Mpu.py -> /root/2ROS2workspace/ROS2_FreshmanProject/install/ROS2_FreshmanProject/lib/python3.10/site-packages/ROS2_FreshmanProject
[0.391s] copying /root/2ROS2workspace/ROS2_FreshmanProject/build/ROS2_FreshmanProject/build/lib/ROS2_FreshmanProject/SerialSubscriber.py -> /root/2ROS2workspace/ROS2_FreshmanProject/install/ROS2_FreshmanProject/lib/python3.10/site-packages/ROS2_FreshmanProject
[0.391s] copying /root/2ROS2workspace/ROS2_FreshmanProject/build/ROS2_FreshmanProject/build/lib/ROS2_FreshmanProject/Serial.py -> /root/2ROS2workspace/ROS2_FreshmanProject/install/ROS2_FreshmanProject/lib/python3.10/site-packages/ROS2_FreshmanProject
[0.391s] byte-compiling /root/2ROS2workspace/ROS2_FreshmanProject/install/ROS2_FreshmanProject/lib/python3.10/site-packages/ROS2_FreshmanProject/Servo.py to Servo.cpython-310.pyc
[0.392s] byte-compiling /root/2ROS2workspace/ROS2_FreshmanProject/install/ROS2_FreshmanProject/lib/python3.10/site-packages/ROS2_FreshmanProject/__init__.py to __init__.cpython-310.pyc
[0.392s] byte-compiling /root/2ROS2workspace/ROS2_FreshmanProject/install/ROS2_FreshmanProject/lib/python3.10/site-packages/ROS2_FreshmanProject/culculate.py to culculate.cpython-310.pyc
[0.392s] byte-compiling /root/2ROS2workspace/ROS2_FreshmanProject/install/ROS2_FreshmanProject/lib/python3.10/site-packages/ROS2_FreshmanProject/Mpu.py to Mpu.cpython-310.pyc
[0.392s] byte-compiling /root/2ROS2workspace/ROS2_FreshmanProject/install/ROS2_FreshmanProject/lib/python3.10/site-packages/ROS2_FreshmanProject/SerialSubscriber.py to SerialSubscriber.cpython-310.pyc
[0.392s] byte-compiling /root/2ROS2workspace/ROS2_FreshmanProject/install/ROS2_FreshmanProject/lib/python3.10/site-packages/ROS2_FreshmanProject/Serial.py to Serial.cpython-310.pyc
[0.393s] running install_data
[0.393s] creating /root/2ROS2workspace/ROS2_FreshmanProject/install/ROS2_FreshmanProject/share/ament_index
[0.393s] creating /root/2ROS2workspace/ROS2_FreshmanProject/install/ROS2_FreshmanProject/share/ament_index/resource_index
[0.393s] creating /root/2ROS2workspace/ROS2_FreshmanProject/install/ROS2_FreshmanProject/share/ament_index/resource_index/packages
[0.393s] copying resource/ROS2_FreshmanProject -> /root/2ROS2workspace/ROS2_FreshmanProject/install/ROS2_FreshmanProject/share/ament_index/resource_index/packages
[0.393s] copying package.xml -> /root/2ROS2workspace/ROS2_FreshmanProject/install/ROS2_FreshmanProject/share/ROS2_FreshmanProject
[0.393s] running install_egg_info
[0.394s] Copying build/ROS2_FreshmanProject/ROS2_FreshmanProject.egg-info to /root/2ROS2workspace/ROS2_FreshmanProject/install/ROS2_FreshmanProject/lib/python3.10/site-packages/ROS2_FreshmanProject-0.0.0-py3.10.egg-info
[0.394s] running install_scripts
[0.406s] Installing mpu_node script to /root/2ROS2workspace/ROS2_FreshmanProject/install/ROS2_FreshmanProject/lib/ROS2_FreshmanProject
[0.406s] Installing serial_node script to /root/2ROS2workspace/ROS2_FreshmanProject/install/ROS2_FreshmanProject/lib/ROS2_FreshmanProject
[0.406s] Installing servo_node script to /root/2ROS2workspace/ROS2_FreshmanProject/install/ROS2_FreshmanProject/lib/ROS2_FreshmanProject
[0.406s] writing list of installed files to '/root/2ROS2workspace/ROS2_FreshmanProject/build/ROS2_FreshmanProject/install.log'
[0.420s] Invoked command in '/root/2ROS2workspace/ROS2_FreshmanProject' returned '0': PYTHONPATH=/root/2ROS2workspace/ROS2_FreshmanProject/build/ROS2_FreshmanProject/prefix_override:/root/2ROS2workspace/ROS2_FreshmanProject/install/ROS2_FreshmanProject/lib/python3.10/site-packages:${PYTHONPATH} /usr/bin/python3 setup.py egg_info --egg-base build/ROS2_FreshmanProject build --build-base /root/2ROS2workspace/ROS2_FreshmanProject/build/ROS2_FreshmanProject/build install --record /root/2ROS2workspace/ROS2_FreshmanProject/build/ROS2_FreshmanProject/install.log --single-version-externally-managed
