[0.154s] DEBUG:colcon:Command line arguments: ['/usr/bin/colcon', 'build']
[0.154s] DEBUG:colcon:Parsed command line arguments: Namespace(log_base=None, log_level=None, verb_name='build', build_base='build', install_base='install', merge_install=False, symlink_install=False, test_result_base=None, continue_on_error=False, executor='parallel', parallel_workers=20, event_handlers=None, ignore_user_meta=False, metas=['./colcon.meta'], base_paths=['.'], packages_ignore=None, packages_ignore_regex=None, paths=None, packages_up_to=None, packages_up_to_regex=None, packages_above=None, packages_above_and_dependencies=None, packages_above_depth=None, packages_select_by_dep=None, packages_skip_by_dep=None, packages_skip_up_to=None, packages_select_build_failed=False, packages_skip_build_finished=False, packages_select_test_failures=False, packages_skip_test_passed=False, packages_select=None, packages_skip=None, packages_select_regex=None, packages_skip_regex=None, packages_start=None, packages_end=None, cmake_args=None, cmake_target=None, cmake_target_skip_unavailable=False, cmake_clean_cache=False, cmake_clean_first=False, cmake_force_configure=False, ament_cmake_args=None, catkin_cmake_args=None, catkin_skip_building_tests=False, mixin_files=None, mixin=None, verb_parser=<colcon_mixin.mixin.mixin_argument.MixinArgumentDecorator object at 0x7f4d9536a2f0>, verb_extension=<colcon_core.verb.build.BuildVerb object at 0x7f4d95b2e350>, main=<bound method BuildVerb.main of <colcon_core.verb.build.BuildVerb object at 0x7f4d95b2e350>>, mixin_verb=('build',))
[0.171s] Level 1:colcon.colcon_core.package_discovery:discover_packages(colcon_meta) check parameters
[0.171s] INFO:colcon.colcon_metadata.package_discovery.colcon_meta:Using configuration from '/root/.colcon/metadata/default/Gazebo.meta'
[0.172s] INFO:colcon.colcon_metadata.package_discovery.colcon_meta:Using configuration from '/root/.colcon/metadata/default/fastrtps.meta'
[0.172s] Level 1:colcon.colcon_core.package_discovery:discover_packages(recursive) check parameters
[0.172s] Level 1:colcon.colcon_core.package_discovery:discover_packages(ignore) check parameters
[0.172s] Level 1:colcon.colcon_core.package_discovery:discover_packages(path) check parameters
[0.172s] Level 1:colcon.colcon_core.package_discovery:discover_packages(colcon_meta) discover
[0.172s] Level 1:colcon.colcon_core.package_discovery:discover_packages(recursive) discover
[0.172s] INFO:colcon.colcon_core.package_discovery:Crawling recursively for packages in '/root/2ROS2workspace/ROS2_FreshmanProject'
[0.172s] Level 1:colcon.colcon_core.package_identification:_identify(.) by extensions ['ignore', 'ignore_ament_install']
[0.172s] Level 1:colcon.colcon_core.package_identification:_identify(.) by extension 'ignore'
[0.172s] Level 1:colcon.colcon_core.package_identification:_identify(.) by extension 'ignore_ament_install'
[0.172s] Level 1:colcon.colcon_core.package_identification:_identify(.) by extensions ['colcon_pkg']
[0.172s] Level 1:colcon.colcon_core.package_identification:_identify(.) by extension 'colcon_pkg'
[0.172s] Level 1:colcon.colcon_core.package_identification:_identify(.) by extensions ['colcon_meta']
[0.172s] Level 1:colcon.colcon_core.package_identification:_identify(.) by extension 'colcon_meta'
[0.172s] Level 1:colcon.colcon_core.package_identification:_identify(.) by extensions ['ros']
[0.172s] Level 1:colcon.colcon_core.package_identification:_identify(.) by extension 'ros'
[0.179s] DEBUG:colcon.colcon_core.package_identification:Package '.' with type 'ros.ament_python' and name 'ROS2_FreshmanProject'
[0.179s] Level 1:colcon.colcon_core.package_discovery:discover_packages(recursive) using defaults
[0.179s] Level 1:colcon.colcon_core.package_discovery:discover_packages(ignore) discover
[0.180s] Level 1:colcon.colcon_core.package_discovery:discover_packages(ignore) using defaults
[0.180s] Level 1:colcon.colcon_core.package_discovery:discover_packages(path) discover
[0.180s] Level 1:colcon.colcon_core.package_discovery:discover_packages(path) using defaults
[0.192s] Level 5:colcon.colcon_core.verb:set package 'ROS2_FreshmanProject' build argument 'cmake_args' from command line to 'None'
[0.192s] Level 5:colcon.colcon_core.verb:set package 'ROS2_FreshmanProject' build argument 'cmake_target' from command line to 'None'
[0.192s] Level 5:colcon.colcon_core.verb:set package 'ROS2_FreshmanProject' build argument 'cmake_target_skip_unavailable' from command line to 'False'
[0.192s] Level 5:colcon.colcon_core.verb:set package 'ROS2_FreshmanProject' build argument 'cmake_clean_cache' from command line to 'False'
[0.192s] Level 5:colcon.colcon_core.verb:set package 'ROS2_FreshmanProject' build argument 'cmake_clean_first' from command line to 'False'
[0.192s] Level 5:colcon.colcon_core.verb:set package 'ROS2_FreshmanProject' build argument 'cmake_force_configure' from command line to 'False'
[0.192s] Level 5:colcon.colcon_core.verb:set package 'ROS2_FreshmanProject' build argument 'ament_cmake_args' from command line to 'None'
[0.192s] Level 5:colcon.colcon_core.verb:set package 'ROS2_FreshmanProject' build argument 'catkin_cmake_args' from command line to 'None'
[0.192s] Level 5:colcon.colcon_core.verb:set package 'ROS2_FreshmanProject' build argument 'catkin_skip_building_tests' from command line to 'False'
[0.193s] DEBUG:colcon.colcon_core.verb:Building package 'ROS2_FreshmanProject' with the following arguments: {'ament_cmake_args': None, 'build_base': '/root/2ROS2workspace/ROS2_FreshmanProject/build/ROS2_FreshmanProject', 'catkin_cmake_args': None, 'catkin_skip_building_tests': False, 'cmake_args': None, 'cmake_clean_cache': False, 'cmake_clean_first': False, 'cmake_force_configure': False, 'cmake_target': None, 'cmake_target_skip_unavailable': False, 'install_base': '/root/2ROS2workspace/ROS2_FreshmanProject/install/ROS2_FreshmanProject', 'merge_install': False, 'path': '/root/2ROS2workspace/ROS2_FreshmanProject', 'symlink_install': False, 'test_result_base': None}
[0.193s] INFO:colcon.colcon_core.executor:Executing jobs using 'parallel' executor
[0.195s] DEBUG:colcon.colcon_parallel_executor.executor.parallel:run_until_complete
[0.195s] INFO:colcon.colcon_ros.task.ament_python.build:Building ROS package in '/root/2ROS2workspace/ROS2_FreshmanProject' with build type 'ament_python'
[0.195s] Level 1:colcon.colcon_core.shell:create_environment_hook('ROS2_FreshmanProject', 'ament_prefix_path')
[0.197s] INFO:colcon.colcon_core.plugin_system:Skipping extension 'colcon_core.shell.bat': Not used on non-Windows systems
[0.197s] INFO:colcon.colcon_core.shell:Creating environment hook '/root/2ROS2workspace/ROS2_FreshmanProject/install/ROS2_FreshmanProject/share/ROS2_FreshmanProject/hook/ament_prefix_path.ps1'
[0.198s] INFO:colcon.colcon_core.shell:Creating environment descriptor '/root/2ROS2workspace/ROS2_FreshmanProject/install/ROS2_FreshmanProject/share/ROS2_FreshmanProject/hook/ament_prefix_path.dsv'
[0.198s] INFO:colcon.colcon_core.shell:Creating environment hook '/root/2ROS2workspace/ROS2_FreshmanProject/install/ROS2_FreshmanProject/share/ROS2_FreshmanProject/hook/ament_prefix_path.sh'
[0.199s] INFO:colcon.colcon_core.shell:Skip shell extension 'powershell' for command environment: Not usable outside of PowerShell
[0.199s] DEBUG:colcon.colcon_core.shell:Skip shell extension 'dsv' for command environment
[0.321s] INFO:colcon.colcon_core.task.python.build:Building Python package in '/root/2ROS2workspace/ROS2_FreshmanProject'
[0.321s] INFO:colcon.colcon_core.shell:Skip shell extension 'powershell' for command environment: Not usable outside of PowerShell
[0.321s] DEBUG:colcon.colcon_core.shell:Skip shell extension 'dsv' for command environment
[0.487s] DEBUG:colcon.colcon_core.event_handler.log_command:Invoking command in '/root/2ROS2workspace/ROS2_FreshmanProject': PYTHONPATH=/root/2ROS2workspace/ROS2_FreshmanProject/build/ROS2_FreshmanProject/prefix_override:/root/2ROS2workspace/ROS2_FreshmanProject/install/ROS2_FreshmanProject/lib/python3.10/site-packages:${PYTHONPATH} /usr/bin/python3 setup.py egg_info --egg-base build/ROS2_FreshmanProject build --build-base /root/2ROS2workspace/ROS2_FreshmanProject/build/ROS2_FreshmanProject/build install --record /root/2ROS2workspace/ROS2_FreshmanProject/build/ROS2_FreshmanProject/install.log --single-version-externally-managed
[0.624s] DEBUG:colcon.colcon_core.event_handler.log_command:Invoked command in '/root/2ROS2workspace/ROS2_FreshmanProject' returned '0': PYTHONPATH=/root/2ROS2workspace/ROS2_FreshmanProject/build/ROS2_FreshmanProject/prefix_override:/root/2ROS2workspace/ROS2_FreshmanProject/install/ROS2_FreshmanProject/lib/python3.10/site-packages:${PYTHONPATH} /usr/bin/python3 setup.py egg_info --egg-base build/ROS2_FreshmanProject build --build-base /root/2ROS2workspace/ROS2_FreshmanProject/build/ROS2_FreshmanProject/build install --record /root/2ROS2workspace/ROS2_FreshmanProject/build/ROS2_FreshmanProject/install.log --single-version-externally-managed
[0.627s] Level 1:colcon.colcon_core.environment:checking '/root/2ROS2workspace/ROS2_FreshmanProject/install/ROS2_FreshmanProject' for CMake module files
[0.627s] Level 1:colcon.colcon_core.environment:checking '/root/2ROS2workspace/ROS2_FreshmanProject/install/ROS2_FreshmanProject' for CMake config files
[0.627s] Level 1:colcon.colcon_core.environment:checking '/root/2ROS2workspace/ROS2_FreshmanProject/install/ROS2_FreshmanProject/lib'
[0.627s] Level 1:colcon.colcon_core.environment:checking '/root/2ROS2workspace/ROS2_FreshmanProject/install/ROS2_FreshmanProject/bin'
[0.627s] Level 1:colcon.colcon_core.environment:checking '/root/2ROS2workspace/ROS2_FreshmanProject/install/ROS2_FreshmanProject/lib/pkgconfig/ROS2_FreshmanProject.pc'
[0.628s] Level 1:colcon.colcon_core.environment:checking '/root/2ROS2workspace/ROS2_FreshmanProject/install/ROS2_FreshmanProject/lib/python3.10/site-packages'
[0.628s] Level 1:colcon.colcon_core.shell:create_environment_hook('ROS2_FreshmanProject', 'pythonpath')
[0.628s] INFO:colcon.colcon_core.shell:Creating environment hook '/root/2ROS2workspace/ROS2_FreshmanProject/install/ROS2_FreshmanProject/share/ROS2_FreshmanProject/hook/pythonpath.ps1'
[0.629s] INFO:colcon.colcon_core.shell:Creating environment descriptor '/root/2ROS2workspace/ROS2_FreshmanProject/install/ROS2_FreshmanProject/share/ROS2_FreshmanProject/hook/pythonpath.dsv'
[0.629s] INFO:colcon.colcon_core.shell:Creating environment hook '/root/2ROS2workspace/ROS2_FreshmanProject/install/ROS2_FreshmanProject/share/ROS2_FreshmanProject/hook/pythonpath.sh'
[0.630s] Level 1:colcon.colcon_core.environment:checking '/root/2ROS2workspace/ROS2_FreshmanProject/install/ROS2_FreshmanProject/bin'
[0.630s] Level 1:colcon.colcon_core.environment:create_environment_scripts_only(ROS2_FreshmanProject)
[0.631s] INFO:colcon.colcon_core.shell:Creating package script '/root/2ROS2workspace/ROS2_FreshmanProject/install/ROS2_FreshmanProject/share/ROS2_FreshmanProject/package.ps1'
[0.632s] INFO:colcon.colcon_core.shell:Creating package descriptor '/root/2ROS2workspace/ROS2_FreshmanProject/install/ROS2_FreshmanProject/share/ROS2_FreshmanProject/package.dsv'
[0.632s] INFO:colcon.colcon_core.shell:Creating package script '/root/2ROS2workspace/ROS2_FreshmanProject/install/ROS2_FreshmanProject/share/ROS2_FreshmanProject/package.sh'
[0.633s] INFO:colcon.colcon_core.shell:Creating package script '/root/2ROS2workspace/ROS2_FreshmanProject/install/ROS2_FreshmanProject/share/ROS2_FreshmanProject/package.bash'
[0.633s] INFO:colcon.colcon_core.shell:Creating package script '/root/2ROS2workspace/ROS2_FreshmanProject/install/ROS2_FreshmanProject/share/ROS2_FreshmanProject/package.zsh'
[0.634s] Level 1:colcon.colcon_core.environment:create_file_with_runtime_dependencies(/root/2ROS2workspace/ROS2_FreshmanProject/install/ROS2_FreshmanProject/share/colcon-core/packages/ROS2_FreshmanProject)
[0.634s] DEBUG:colcon.colcon_parallel_executor.executor.parallel:closing loop
[0.634s] DEBUG:colcon.colcon_parallel_executor.executor.parallel:loop closed
[0.634s] DEBUG:colcon.colcon_parallel_executor.executor.parallel:run_until_complete finished with '0'
[0.634s] DEBUG:colcon.colcon_core.event_reactor:joining thread
[0.638s] INFO:colcon.colcon_core.plugin_system:Skipping extension 'colcon_notification.desktop_notification.notify_send': Could not find 'notify-send'
[0.638s] INFO:colcon.colcon_core.plugin_system:Skipping extension 'colcon_notification.desktop_notification.terminal_notifier': Not used on non-Darwin systems
[0.638s] INFO:colcon.colcon_core.plugin_system:Skipping extension 'colcon_notification.desktop_notification.win32': Not used on non-Windows systems
[0.638s] INFO:colcon.colcon_notification.desktop_notification:Sending desktop notification using 'notify2'
[0.640s] DEBUG:colcon.colcon_notification.desktop_notification.notify2:Failed to initialize notify2: org.freedesktop.DBus.Error.Spawn.ExecFailed: /usr/bin/dbus-launch terminated abnormally without any error message
[0.640s] DEBUG:colcon.colcon_core.event_reactor:joined thread
[0.641s] INFO:colcon.colcon_core.shell:Creating prefix script '/root/2ROS2workspace/ROS2_FreshmanProject/install/local_setup.ps1'
[0.642s] INFO:colcon.colcon_core.shell:Creating prefix util module '/root/2ROS2workspace/ROS2_FreshmanProject/install/_local_setup_util_ps1.py'
[0.642s] INFO:colcon.colcon_core.shell:Creating prefix chain script '/root/2ROS2workspace/ROS2_FreshmanProject/install/setup.ps1'
[0.643s] INFO:colcon.colcon_core.shell:Creating prefix script '/root/2ROS2workspace/ROS2_FreshmanProject/install/local_setup.sh'
[0.643s] INFO:colcon.colcon_core.shell:Creating prefix util module '/root/2ROS2workspace/ROS2_FreshmanProject/install/_local_setup_util_sh.py'
[0.644s] INFO:colcon.colcon_core.shell:Creating prefix chain script '/root/2ROS2workspace/ROS2_FreshmanProject/install/setup.sh'
[0.644s] INFO:colcon.colcon_core.shell:Creating prefix script '/root/2ROS2workspace/ROS2_FreshmanProject/install/local_setup.bash'
[0.645s] INFO:colcon.colcon_core.shell:Creating prefix chain script '/root/2ROS2workspace/ROS2_FreshmanProject/install/setup.bash'
[0.645s] INFO:colcon.colcon_core.shell:Creating prefix script '/root/2ROS2workspace/ROS2_FreshmanProject/install/local_setup.zsh'
[0.645s] INFO:colcon.colcon_core.shell:Creating prefix chain script '/root/2ROS2workspace/ROS2_FreshmanProject/install/setup.zsh'
