[0.151s] DEBUG:colcon:Command line arguments: ['/usr/bin/colcon', 'build']
[0.151s] DEBUG:colcon:Parsed command line arguments: Namespace(log_base=None, log_level=None, verb_name='build', build_base='build', install_base='install', merge_install=False, symlink_install=False, test_result_base=None, continue_on_error=False, executor='parallel', parallel_workers=20, event_handlers=None, ignore_user_meta=False, metas=['./colcon.meta'], base_paths=['.'], packages_ignore=None, packages_ignore_regex=None, paths=None, packages_up_to=None, packages_up_to_regex=None, packages_above=None, packages_above_and_dependencies=None, packages_above_depth=None, packages_select_by_dep=None, packages_skip_by_dep=None, packages_skip_up_to=None, packages_select_build_failed=False, packages_skip_build_finished=False, packages_select_test_failures=False, packages_skip_test_passed=False, packages_select=None, packages_skip=None, packages_select_regex=None, packages_skip_regex=None, packages_start=None, packages_end=None, cmake_args=None, cmake_target=None, cmake_target_skip_unavailable=False, cmake_clean_cache=False, cmake_clean_first=False, cmake_force_configure=False, ament_cmake_args=None, catkin_cmake_args=None, catkin_skip_building_tests=False, mixin_files=None, mixin=None, verb_parser=<colcon_mixin.mixin.mixin_argument.MixinArgumentDecorator object at 0x7f14af109ab0>, verb_extension=<colcon_core.verb.build.BuildVerb object at 0x7f14af8cda80>, main=<bound method BuildVerb.main of <colcon_core.verb.build.BuildVerb object at 0x7f14af8cda80>>, mixin_verb=('build',))
[0.169s] Level 1:colcon.colcon_core.package_discovery:discover_packages(colcon_meta) check parameters
[0.169s] INFO:colcon.colcon_metadata.package_discovery.colcon_meta:Using configuration from '/root/.colcon/metadata/default/Gazebo.meta'
[0.169s] INFO:colcon.colcon_metadata.package_discovery.colcon_meta:Using configuration from '/root/.colcon/metadata/default/fastrtps.meta'
[0.169s] Level 1:colcon.colcon_core.package_discovery:discover_packages(recursive) check parameters
[0.169s] Level 1:colcon.colcon_core.package_discovery:discover_packages(ignore) check parameters
[0.169s] Level 1:colcon.colcon_core.package_discovery:discover_packages(path) check parameters
[0.169s] Level 1:colcon.colcon_core.package_discovery:discover_packages(colcon_meta) discover
[0.169s] Level 1:colcon.colcon_core.package_discovery:discover_packages(recursive) discover
[0.169s] INFO:colcon.colcon_core.package_discovery:Crawling recursively for packages in '/root/2ROS2workspace/freshmanproject_interface'
[0.169s] Level 1:colcon.colcon_core.package_identification:_identify(.) by extensions ['ignore', 'ignore_ament_install']
[0.169s] Level 1:colcon.colcon_core.package_identification:_identify(.) by extension 'ignore'
[0.169s] Level 1:colcon.colcon_core.package_identification:_identify(.) by extension 'ignore_ament_install'
[0.169s] Level 1:colcon.colcon_core.package_identification:_identify(.) by extensions ['colcon_pkg']
[0.169s] Level 1:colcon.colcon_core.package_identification:_identify(.) by extension 'colcon_pkg'
[0.169s] Level 1:colcon.colcon_core.package_identification:_identify(.) by extensions ['colcon_meta']
[0.169s] Level 1:colcon.colcon_core.package_identification:_identify(.) by extension 'colcon_meta'
[0.169s] Level 1:colcon.colcon_core.package_identification:_identify(.) by extensions ['ros']
[0.169s] Level 1:colcon.colcon_core.package_identification:_identify(.) by extension 'ros'
[0.177s] DEBUG:colcon.colcon_core.package_identification:Package '.' with type 'ros.ament_cmake' and name 'freshmanproject_interface'
[0.177s] Level 1:colcon.colcon_core.package_discovery:discover_packages(recursive) using defaults
[0.177s] Level 1:colcon.colcon_core.package_discovery:discover_packages(ignore) discover
[0.177s] Level 1:colcon.colcon_core.package_discovery:discover_packages(ignore) using defaults
[0.177s] Level 1:colcon.colcon_core.package_discovery:discover_packages(path) discover
[0.177s] Level 1:colcon.colcon_core.package_discovery:discover_packages(path) using defaults
[0.189s] Level 5:colcon.colcon_core.verb:set package 'freshmanproject_interface' build argument 'cmake_args' from command line to 'None'
[0.189s] Level 5:colcon.colcon_core.verb:set package 'freshmanproject_interface' build argument 'cmake_target' from command line to 'None'
[0.189s] Level 5:colcon.colcon_core.verb:set package 'freshmanproject_interface' build argument 'cmake_target_skip_unavailable' from command line to 'False'
[0.189s] Level 5:colcon.colcon_core.verb:set package 'freshmanproject_interface' build argument 'cmake_clean_cache' from command line to 'False'
[0.189s] Level 5:colcon.colcon_core.verb:set package 'freshmanproject_interface' build argument 'cmake_clean_first' from command line to 'False'
[0.189s] Level 5:colcon.colcon_core.verb:set package 'freshmanproject_interface' build argument 'cmake_force_configure' from command line to 'False'
[0.189s] Level 5:colcon.colcon_core.verb:set package 'freshmanproject_interface' build argument 'ament_cmake_args' from command line to 'None'
[0.189s] Level 5:colcon.colcon_core.verb:set package 'freshmanproject_interface' build argument 'catkin_cmake_args' from command line to 'None'
[0.189s] Level 5:colcon.colcon_core.verb:set package 'freshmanproject_interface' build argument 'catkin_skip_building_tests' from command line to 'False'
[0.189s] DEBUG:colcon.colcon_core.verb:Building package 'freshmanproject_interface' with the following arguments: {'ament_cmake_args': None, 'build_base': '/root/2ROS2workspace/freshmanproject_interface/build/freshmanproject_interface', 'catkin_cmake_args': None, 'catkin_skip_building_tests': False, 'cmake_args': None, 'cmake_clean_cache': False, 'cmake_clean_first': False, 'cmake_force_configure': False, 'cmake_target': None, 'cmake_target_skip_unavailable': False, 'install_base': '/root/2ROS2workspace/freshmanproject_interface/install/freshmanproject_interface', 'merge_install': False, 'path': '/root/2ROS2workspace/freshmanproject_interface', 'symlink_install': False, 'test_result_base': None}
[0.189s] INFO:colcon.colcon_core.executor:Executing jobs using 'parallel' executor
[0.191s] DEBUG:colcon.colcon_parallel_executor.executor.parallel:run_until_complete
[0.191s] INFO:colcon.colcon_ros.task.ament_cmake.build:Building ROS package in '/root/2ROS2workspace/freshmanproject_interface' with build type 'ament_cmake'
[0.191s] INFO:colcon.colcon_cmake.task.cmake.build:Building CMake package in '/root/2ROS2workspace/freshmanproject_interface'
[0.193s] INFO:colcon.colcon_core.plugin_system:Skipping extension 'colcon_core.shell.bat': Not used on non-Windows systems
[0.193s] INFO:colcon.colcon_core.shell:Skip shell extension 'powershell' for command environment: Not usable outside of PowerShell
[0.193s] DEBUG:colcon.colcon_core.shell:Skip shell extension 'dsv' for command environment
[0.198s] DEBUG:colcon.colcon_core.event_handler.log_command:Invoking command in '/root/2ROS2workspace/freshmanproject_interface/build/freshmanproject_interface': CMAKE_PREFIX_PATH=/root/2ROS2workspace/ROS2_FreshmanProject/install/ROS2_FreshmanProject:/opt/ros/humble /usr/bin/cmake /root/2ROS2workspace/freshmanproject_interface -DCMAKE_INSTALL_PREFIX=/root/2ROS2workspace/freshmanproject_interface/install/freshmanproject_interface
[0.767s] DEBUG:colcon.colcon_core.event_handler.log_command:Invoked command in '/root/2ROS2workspace/freshmanproject_interface/build/freshmanproject_interface' returned '0': CMAKE_PREFIX_PATH=/root/2ROS2workspace/ROS2_FreshmanProject/install/ROS2_FreshmanProject:/opt/ros/humble /usr/bin/cmake /root/2ROS2workspace/freshmanproject_interface -DCMAKE_INSTALL_PREFIX=/root/2ROS2workspace/freshmanproject_interface/install/freshmanproject_interface
[0.769s] DEBUG:colcon.colcon_core.event_handler.log_command:Invoking command in '/root/2ROS2workspace/freshmanproject_interface/build/freshmanproject_interface': CMAKE_PREFIX_PATH=/root/2ROS2workspace/ROS2_FreshmanProject/install/ROS2_FreshmanProject:/opt/ros/humble /usr/bin/cmake --build /root/2ROS2workspace/freshmanproject_interface/build/freshmanproject_interface -- -j20 -l20
[0.791s] DEBUG:colcon.colcon_core.event_handler.log_command:Invoked command in '/root/2ROS2workspace/freshmanproject_interface/build/freshmanproject_interface' returned '0': CMAKE_PREFIX_PATH=/root/2ROS2workspace/ROS2_FreshmanProject/install/ROS2_FreshmanProject:/opt/ros/humble /usr/bin/cmake --build /root/2ROS2workspace/freshmanproject_interface/build/freshmanproject_interface -- -j20 -l20
[0.808s] DEBUG:colcon.colcon_core.event_handler.log_command:Invoking command in '/root/2ROS2workspace/freshmanproject_interface/build/freshmanproject_interface': CMAKE_PREFIX_PATH=/root/2ROS2workspace/ROS2_FreshmanProject/install/ROS2_FreshmanProject:/opt/ros/humble /usr/bin/cmake --install /root/2ROS2workspace/freshmanproject_interface/build/freshmanproject_interface
[0.814s] Level 1:colcon.colcon_core.environment:create_environment_scripts_only(freshmanproject_interface)
[0.814s] DEBUG:colcon.colcon_core.event_handler.log_command:Invoked command in '/root/2ROS2workspace/freshmanproject_interface/build/freshmanproject_interface' returned '0': CMAKE_PREFIX_PATH=/root/2ROS2workspace/ROS2_FreshmanProject/install/ROS2_FreshmanProject:/opt/ros/humble /usr/bin/cmake --install /root/2ROS2workspace/freshmanproject_interface/build/freshmanproject_interface
[0.816s] Level 1:colcon.colcon_core.environment:checking '/root/2ROS2workspace/freshmanproject_interface/install/freshmanproject_interface' for CMake module files
[0.817s] Level 1:colcon.colcon_core.environment:checking '/root/2ROS2workspace/freshmanproject_interface/install/freshmanproject_interface' for CMake config files
[0.817s] Level 1:colcon.colcon_core.shell:create_environment_hook('freshmanproject_interface', 'cmake_prefix_path')
[0.817s] INFO:colcon.colcon_core.shell:Creating environment hook '/root/2ROS2workspace/freshmanproject_interface/install/freshmanproject_interface/share/freshmanproject_interface/hook/cmake_prefix_path.ps1'
[0.818s] INFO:colcon.colcon_core.shell:Creating environment descriptor '/root/2ROS2workspace/freshmanproject_interface/install/freshmanproject_interface/share/freshmanproject_interface/hook/cmake_prefix_path.dsv'
[0.818s] INFO:colcon.colcon_core.shell:Creating environment hook '/root/2ROS2workspace/freshmanproject_interface/install/freshmanproject_interface/share/freshmanproject_interface/hook/cmake_prefix_path.sh'
[0.818s] Level 1:colcon.colcon_core.environment:checking '/root/2ROS2workspace/freshmanproject_interface/install/freshmanproject_interface/bin'
[0.818s] Level 1:colcon.colcon_core.environment:checking '/root/2ROS2workspace/freshmanproject_interface/install/freshmanproject_interface/lib/pkgconfig/freshmanproject_interface.pc'
[0.820s] Level 1:colcon.colcon_core.environment:checking '/root/2ROS2workspace/freshmanproject_interface/install/freshmanproject_interface/lib/python3.10/site-packages'
[0.820s] Level 1:colcon.colcon_core.environment:checking '/root/2ROS2workspace/freshmanproject_interface/install/freshmanproject_interface/bin'
[0.820s] INFO:colcon.colcon_core.shell:Creating package script '/root/2ROS2workspace/freshmanproject_interface/install/freshmanproject_interface/share/freshmanproject_interface/package.ps1'
[0.821s] INFO:colcon.colcon_core.shell:Creating package descriptor '/root/2ROS2workspace/freshmanproject_interface/install/freshmanproject_interface/share/freshmanproject_interface/package.dsv'
[0.822s] INFO:colcon.colcon_core.shell:Creating package script '/root/2ROS2workspace/freshmanproject_interface/install/freshmanproject_interface/share/freshmanproject_interface/package.sh'
[0.822s] INFO:colcon.colcon_core.shell:Creating package script '/root/2ROS2workspace/freshmanproject_interface/install/freshmanproject_interface/share/freshmanproject_interface/package.bash'
[0.822s] INFO:colcon.colcon_core.shell:Creating package script '/root/2ROS2workspace/freshmanproject_interface/install/freshmanproject_interface/share/freshmanproject_interface/package.zsh'
[0.823s] Level 1:colcon.colcon_core.environment:create_file_with_runtime_dependencies(/root/2ROS2workspace/freshmanproject_interface/install/freshmanproject_interface/share/colcon-core/packages/freshmanproject_interface)
[0.835s] Level 1:colcon.colcon_core.environment:create_environment_scripts_only(freshmanproject_interface)
[0.836s] Level 1:colcon.colcon_core.environment:checking '/root/2ROS2workspace/freshmanproject_interface/install/freshmanproject_interface' for CMake module files
[0.837s] Level 1:colcon.colcon_core.environment:checking '/root/2ROS2workspace/freshmanproject_interface/install/freshmanproject_interface' for CMake config files
[0.837s] Level 1:colcon.colcon_core.shell:create_environment_hook('freshmanproject_interface', 'cmake_prefix_path')
[0.837s] INFO:colcon.colcon_core.shell:Creating environment hook '/root/2ROS2workspace/freshmanproject_interface/install/freshmanproject_interface/share/freshmanproject_interface/hook/cmake_prefix_path.ps1'
[0.838s] INFO:colcon.colcon_core.shell:Creating environment descriptor '/root/2ROS2workspace/freshmanproject_interface/install/freshmanproject_interface/share/freshmanproject_interface/hook/cmake_prefix_path.dsv'
[0.838s] INFO:colcon.colcon_core.shell:Creating environment hook '/root/2ROS2workspace/freshmanproject_interface/install/freshmanproject_interface/share/freshmanproject_interface/hook/cmake_prefix_path.sh'
[0.838s] Level 1:colcon.colcon_core.environment:checking '/root/2ROS2workspace/freshmanproject_interface/install/freshmanproject_interface/bin'
[0.838s] Level 1:colcon.colcon_core.environment:checking '/root/2ROS2workspace/freshmanproject_interface/install/freshmanproject_interface/lib/pkgconfig/freshmanproject_interface.pc'
[0.838s] Level 1:colcon.colcon_core.environment:checking '/root/2ROS2workspace/freshmanproject_interface/install/freshmanproject_interface/lib/python3.10/site-packages'
[0.838s] Level 1:colcon.colcon_core.environment:checking '/root/2ROS2workspace/freshmanproject_interface/install/freshmanproject_interface/bin'
[0.839s] INFO:colcon.colcon_core.shell:Creating package script '/root/2ROS2workspace/freshmanproject_interface/install/freshmanproject_interface/share/freshmanproject_interface/package.ps1'
[0.839s] INFO:colcon.colcon_core.shell:Creating package descriptor '/root/2ROS2workspace/freshmanproject_interface/install/freshmanproject_interface/share/freshmanproject_interface/package.dsv'
[0.839s] INFO:colcon.colcon_core.shell:Creating package script '/root/2ROS2workspace/freshmanproject_interface/install/freshmanproject_interface/share/freshmanproject_interface/package.sh'
[0.840s] INFO:colcon.colcon_core.shell:Creating package script '/root/2ROS2workspace/freshmanproject_interface/install/freshmanproject_interface/share/freshmanproject_interface/package.bash'
[0.840s] INFO:colcon.colcon_core.shell:Creating package script '/root/2ROS2workspace/freshmanproject_interface/install/freshmanproject_interface/share/freshmanproject_interface/package.zsh'
[0.840s] Level 1:colcon.colcon_core.environment:create_file_with_runtime_dependencies(/root/2ROS2workspace/freshmanproject_interface/install/freshmanproject_interface/share/colcon-core/packages/freshmanproject_interface)
[0.840s] DEBUG:colcon.colcon_parallel_executor.executor.parallel:closing loop
[0.840s] DEBUG:colcon.colcon_parallel_executor.executor.parallel:loop closed
[0.840s] DEBUG:colcon.colcon_parallel_executor.executor.parallel:run_until_complete finished with '0'
[0.840s] DEBUG:colcon.colcon_core.event_reactor:joining thread
[0.844s] INFO:colcon.colcon_core.plugin_system:Skipping extension 'colcon_notification.desktop_notification.notify_send': Could not find 'notify-send'
[0.844s] INFO:colcon.colcon_core.plugin_system:Skipping extension 'colcon_notification.desktop_notification.terminal_notifier': Not used on non-Darwin systems
[0.844s] INFO:colcon.colcon_core.plugin_system:Skipping extension 'colcon_notification.desktop_notification.win32': Not used on non-Windows systems
[0.844s] INFO:colcon.colcon_notification.desktop_notification:Sending desktop notification using 'notify2'
[0.845s] DEBUG:colcon.colcon_notification.desktop_notification.notify2:Failed to initialize notify2: org.freedesktop.DBus.Error.Spawn.ExecFailed: /usr/bin/dbus-launch terminated abnormally without any error message
[0.845s] DEBUG:colcon.colcon_core.event_reactor:joined thread
[0.846s] INFO:colcon.colcon_core.shell:Creating prefix script '/root/2ROS2workspace/freshmanproject_interface/install/local_setup.ps1'
[0.847s] INFO:colcon.colcon_core.shell:Creating prefix util module '/root/2ROS2workspace/freshmanproject_interface/install/_local_setup_util_ps1.py'
[0.848s] INFO:colcon.colcon_core.shell:Creating prefix chain script '/root/2ROS2workspace/freshmanproject_interface/install/setup.ps1'
[0.849s] INFO:colcon.colcon_core.shell:Creating prefix script '/root/2ROS2workspace/freshmanproject_interface/install/local_setup.sh'
[0.849s] INFO:colcon.colcon_core.shell:Creating prefix util module '/root/2ROS2workspace/freshmanproject_interface/install/_local_setup_util_sh.py'
[0.849s] INFO:colcon.colcon_core.shell:Creating prefix chain script '/root/2ROS2workspace/freshmanproject_interface/install/setup.sh'
[0.850s] INFO:colcon.colcon_core.shell:Creating prefix script '/root/2ROS2workspace/freshmanproject_interface/install/local_setup.bash'
[0.850s] INFO:colcon.colcon_core.shell:Creating prefix chain script '/root/2ROS2workspace/freshmanproject_interface/install/setup.bash'
[0.850s] INFO:colcon.colcon_core.shell:Creating prefix script '/root/2ROS2workspace/freshmanproject_interface/install/local_setup.zsh'
[0.851s] INFO:colcon.colcon_core.shell:Creating prefix chain script '/root/2ROS2workspace/freshmanproject_interface/install/setup.zsh'
