[0.419s] Invoking command in '/root/ros2_ws/src/learning_node/srvcli_py': PYTHONPATH=/root/ros2_ws/build/srvcli_py/prefix_override:/root/ros2_ws/install/srvcli_py/lib/python3.10/site-packages:${PYTHONPATH} /usr/bin/python3 setup.py egg_info --egg-base ../../../build/srvcli_py build --build-base /root/ros2_ws/build/srvcli_py/build install --record /root/ros2_ws/build/srvcli_py/install.log --single-version-externally-managed
[0.525s] running egg_info
[0.525s] writing ../../../build/srvcli_py/srvcli_py.egg-info/PKG-INFO
[0.526s] writing dependency_links to ../../../build/srvcli_py/srvcli_py.egg-info/dependency_links.txt
[0.526s] writing entry points to ../../../build/srvcli_py/srvcli_py.egg-info/entry_points.txt
[0.526s] writing requirements to ../../../build/srvcli_py/srvcli_py.egg-info/requires.txt
[0.526s] writing top-level names to ../../../build/srvcli_py/srvcli_py.egg-info/top_level.txt
[0.526s] reading manifest file '../../../build/srvcli_py/srvcli_py.egg-info/SOURCES.txt'
[0.527s] writing manifest file '../../../build/srvcli_py/srvcli_py.egg-info/SOURCES.txt'
[0.527s] running build
[0.527s] running build_py
[0.527s] /usr/lib/python3/dist-packages/setuptools/command/install.py:34: SetuptoolsDeprecationWarning: setup.py install is deprecated. Use build and pip and other standards-based tools.
[0.527s]   warnings.warn(
[0.527s] running install
[0.527s] running install_lib
[0.528s] running install_data
[0.528s] running install_egg_info
[0.529s] removing '/root/ros2_ws/install/srvcli_py/lib/python3.10/site-packages/srvcli_py-0.0.0-py3.10.egg-info' (and everything under it)
[0.529s] Copying ../../../build/srvcli_py/srvcli_py.egg-info to /root/ros2_ws/install/srvcli_py/lib/python3.10/site-packages/srvcli_py-0.0.0-py3.10.egg-info
[0.529s] running install_scripts
[0.543s] Installing client01 script to /root/ros2_ws/install/srvcli_py/lib/srvcli_py
[0.543s] Installing client02 script to /root/ros2_ws/install/srvcli_py/lib/srvcli_py
[0.543s] Installing service script to /root/ros2_ws/install/srvcli_py/lib/srvcli_py
[0.543s] writing list of installed files to '/root/ros2_ws/build/srvcli_py/install.log'
[0.557s] Invoked command in '/root/ros2_ws/src/learning_node/srvcli_py' returned '0': PYTHONPATH=/root/ros2_ws/build/srvcli_py/prefix_override:/root/ros2_ws/install/srvcli_py/lib/python3.10/site-packages:${PYTHONPATH} /usr/bin/python3 setup.py egg_info --egg-base ../../../build/srvcli_py build --build-base /root/ros2_ws/build/srvcli_py/build install --record /root/ros2_ws/build/srvcli_py/install.log --single-version-externally-managed
