/root/ros2_ws/install/srvcli_py/lib/python3.10/site-packages/srvcli_py/client02.py
/root/ros2_ws/install/srvcli_py/lib/python3.10/site-packages/srvcli_py/client01.py
/root/ros2_ws/install/srvcli_py/lib/python3.10/site-packages/srvcli_py/__init__.py
/root/ros2_ws/install/srvcli_py/lib/python3.10/site-packages/srvcli_py/service_member_function.py
/root/ros2_ws/install/srvcli_py/lib/python3.10/site-packages/srvcli_py/__pycache__/client02.cpython-310.pyc
/root/ros2_ws/install/srvcli_py/lib/python3.10/site-packages/srvcli_py/__pycache__/client01.cpython-310.pyc
/root/ros2_ws/install/srvcli_py/lib/python3.10/site-packages/srvcli_py/__pycache__/__init__.cpython-310.pyc
/root/ros2_ws/install/srvcli_py/lib/python3.10/site-packages/srvcli_py/__pycache__/service_member_function.cpython-310.pyc
/root/ros2_ws/install/srvcli_py/share/ament_index/resource_index/packages/srvcli_py
/root/ros2_ws/install/srvcli_py/share/srvcli_py/package.xml
/root/ros2_ws/install/srvcli_py/lib/python3.10/site-packages/srvcli_py-0.0.0-py3.10.egg-info/top_level.txt
/root/ros2_ws/install/srvcli_py/lib/python3.10/site-packages/srvcli_py-0.0.0-py3.10.egg-info/SOURCES.txt
/root/ros2_ws/install/srvcli_py/lib/python3.10/site-packages/srvcli_py-0.0.0-py3.10.egg-info/PKG-INFO
/root/ros2_ws/install/srvcli_py/lib/python3.10/site-packages/srvcli_py-0.0.0-py3.10.egg-info/zip-safe
/root/ros2_ws/install/srvcli_py/lib/python3.10/site-packages/srvcli_py-0.0.0-py3.10.egg-info/entry_points.txt
/root/ros2_ws/install/srvcli_py/lib/python3.10/site-packages/srvcli_py-0.0.0-py3.10.egg-info/requires.txt
/root/ros2_ws/install/srvcli_py/lib/python3.10/site-packages/srvcli_py-0.0.0-py3.10.egg-info/dependency_links.txt
/root/ros2_ws/install/srvcli_py/lib/srvcli_py/client01
/root/ros2_ws/install/srvcli_py/lib/srvcli_py/client02
/root/ros2_ws/install/srvcli_py/lib/srvcli_py/service
