[0.020s] Invoking command in '/root/ros2_ws/build/minalnode': CMAKE_PREFIX_PATH=${CMAKE_PREFIX_PATH}:/root/ros2_ws/install/srvcli_py:/root/ros2_ws/install/pubsub_py:/opt/ros/humble /usr/bin/cmake /root/ros2_ws/src/learning_node/minalnode -DCMAKE_INSTALL_PREFIX=/root/ros2_ws/install/minalnode
[0.036s] -- Found ament_cmake: 1.3.3 (/opt/ros/humble/share/ament_cmake/cmake)
[0.255s] -- Found rclcpp: 16.0.2 (/opt/ros/humble/share/rclcpp/cmake)
[0.292s] -- Found rosidl_generator_c: 3.1.4 (/opt/ros/humble/share/rosidl_generator_c/cmake)
[0.295s] -- Found rosidl_adapter: 3.1.4 (/opt/ros/humble/share/rosidl_adapter/cmake)
[0.302s] -- Found rosidl_generator_cpp: 3.1.4 (/opt/ros/humble/share/rosidl_generator_cpp/cmake)
[0.316s] -- Using all available rosidl_typesupport_c: rosidl_typesupport_fastrtps_c;rosidl_typesupport_introspection_c
[0.337s] -- Using all available rosidl_typesupport_cpp: rosidl_typesupport_fastrtps_cpp;rosidl_typesupport_introspection_cpp
[0.405s] -- Found rmw_implementation_cmake: 6.1.1 (/opt/ros/humble/share/rmw_implementation_cmake/cmake)
[0.407s] -- Found rmw_fastrtps_cpp: 6.2.2 (/opt/ros/humble/share/rmw_fastrtps_cpp/cmake)
[0.559s] -- Using RMW implementation 'rmw_fastrtps_cpp' as default
[0.795s] -- Found ament_lint_auto: 0.12.4 (/opt/ros/humble/share/ament_lint_auto/cmake)
[0.881s] [31mCMake Error at CMakeLists.txt:25 (install):
[0.881s]   install TARGETS given target "node01" which does not exist.
[0.881s] 
[0.881s] [0m
[0.885s] -- Added test 'cppcheck' to perform static code analysis on C / C++ code
[0.885s] -- Configured cppcheck include dirs: 
[0.886s] -- Configured cppcheck exclude dirs and/or files: 
[0.886s] -- Added test 'lint_cmake' to check CMake code style
[0.888s] -- Added test 'uncrustify' to check C / C++ code style
[0.888s] -- Configured uncrustify additional arguments: 
[0.888s] -- Added test 'xmllint' to check XML markup files
[0.890s] -- Configuring incomplete, errors occurred!
[0.890s] See also "/root/ros2_ws/build/minalnode/CMakeFiles/CMakeOutput.log".
[0.900s] Invoked command in '/root/ros2_ws/build/minalnode' returned '1': CMAKE_PREFIX_PATH=${CMAKE_PREFIX_PATH}:/root/ros2_ws/install/srvcli_py:/root/ros2_ws/install/pubsub_py:/opt/ros/humble /usr/bin/cmake /root/ros2_ws/src/learning_node/minalnode -DCMAKE_INSTALL_PREFIX=/root/ros2_ws/install/minalnode
