[0.015s] Invoking command in '/root/ros2_ws/build/pubsub_cpp': CMAKE_PREFIX_PATH=${CMAKE_PREFIX_PATH}:/root/ros2_ws/install/srvcli_py:/root/ros2_ws/install/pubsub_py:/root/ros2_ws/install/first_node_py:/opt/ros/humble /usr/bin/cmake --build /root/ros2_ws/build/pubsub_cpp -- -j20 -l20
[0.141s] [100%] Built target talker
[0.141s] [100%] Built target listener
[0.261s] Invoked command in '/root/ros2_ws/build/pubsub_cpp' returned '0': CMAKE_PREFIX_PATH=${CMAKE_PREFIX_PATH}:/root/ros2_ws/install/srvcli_py:/root/ros2_ws/install/pubsub_py:/root/ros2_ws/install/first_node_py:/opt/ros/humble /usr/bin/cmake --build /root/ros2_ws/build/pubsub_cpp -- -j20 -l20
[0.279s] Invoking command in '/root/ros2_ws/build/pubsub_cpp': CMAKE_PREFIX_PATH=${CMAKE_PREFIX_PATH}:/root/ros2_ws/install/srvcli_py:/root/ros2_ws/install/pubsub_py:/root/ros2_ws/install/first_node_py:/opt/ros/humble /usr/bin/cmake --install /root/ros2_ws/build/pubsub_cpp
[0.283s] -- Install configuration: ""
[0.283s] -- Up-to-date: /root/ros2_ws/install/pubsub_cpp/lib/pubsub_cpp/talker
[0.283s] -- Up-to-date: /root/ros2_ws/install/pubsub_cpp/lib/pubsub_cpp/listener
[0.283s] -- Up-to-date: /root/ros2_ws/install/pubsub_cpp/share/ament_index/resource_index/package_run_dependencies/pubsub_cpp
[0.283s] -- Up-to-date: /root/ros2_ws/install/pubsub_cpp/share/ament_index/resource_index/parent_prefix_path/pubsub_cpp
[0.283s] -- Up-to-date: /root/ros2_ws/install/pubsub_cpp/share/pubsub_cpp/environment/ament_prefix_path.sh
[0.283s] -- Up-to-date: /root/ros2_ws/install/pubsub_cpp/share/pubsub_cpp/environment/ament_prefix_path.dsv
[0.283s] -- Up-to-date: /root/ros2_ws/install/pubsub_cpp/share/pubsub_cpp/environment/path.sh
[0.283s] -- Up-to-date: /root/ros2_ws/install/pubsub_cpp/share/pubsub_cpp/environment/path.dsv
[0.283s] -- Up-to-date: /root/ros2_ws/install/pubsub_cpp/share/pubsub_cpp/local_setup.bash
[0.283s] -- Up-to-date: /root/ros2_ws/install/pubsub_cpp/share/pubsub_cpp/local_setup.sh
[0.283s] -- Up-to-date: /root/ros2_ws/install/pubsub_cpp/share/pubsub_cpp/local_setup.zsh
[0.283s] -- Up-to-date: /root/ros2_ws/install/pubsub_cpp/share/pubsub_cpp/local_setup.dsv
[0.283s] -- Installing: /root/ros2_ws/install/pubsub_cpp/share/pubsub_cpp/package.dsv
[0.283s] -- Up-to-date: /root/ros2_ws/install/pubsub_cpp/share/ament_index/resource_index/packages/pubsub_cpp
[0.283s] -- Up-to-date: /root/ros2_ws/install/pubsub_cpp/share/pubsub_cpp/cmake/pubsub_cppConfig.cmake
[0.283s] -- Up-to-date: /root/ros2_ws/install/pubsub_cpp/share/pubsub_cpp/cmake/pubsub_cppConfig-version.cmake
[0.283s] -- Up-to-date: /root/ros2_ws/install/pubsub_cpp/share/pubsub_cpp/package.xml
[0.284s] Invoked command in '/root/ros2_ws/build/pubsub_cpp' returned '0': CMAKE_PREFIX_PATH=${CMAKE_PREFIX_PATH}:/root/ros2_ws/install/srvcli_py:/root/ros2_ws/install/pubsub_py:/root/ros2_ws/install/first_node_py:/opt/ros/humble /usr/bin/cmake --install /root/ros2_ws/build/pubsub_cpp
