[0.016s] Invoking command in '/root/ros2_ws/build/pubsub_cpp': CMAKE_PREFIX_PATH=${CMAKE_PREFIX_PATH}:/root/ros2_ws/install/srvcli_py:/root/ros2_ws/install/pubsub_py:/root/ros2_ws/install/first_node_py:/opt/ros/humble /usr/bin/cmake --build /root/ros2_ws/build/pubsub_cpp -- -j20 -l20
[0.137s] [35m[1mConsolidate compiler generated dependencies of target talker[0m
[0.137s] [35m[1mConsolidate compiler generated dependencies of target listener[0m
[0.137s] [ 50%] Built target listener
[0.137s] [100%] Built target talker
[0.253s] Invoked command in '/root/ros2_ws/build/pubsub_cpp' returned '0': CMAKE_PREFIX_PATH=${CMAKE_PREFIX_PATH}:/root/ros2_ws/install/srvcli_py:/root/ros2_ws/install/pubsub_py:/root/ros2_ws/install/first_node_py:/opt/ros/humble /usr/bin/cmake --build /root/ros2_ws/build/pubsub_cpp -- -j20 -l20
[0.270s] Invoking command in '/root/ros2_ws/build/pubsub_cpp': CMAKE_PREFIX_PATH=${CMAKE_PREFIX_PATH}:/root/ros2_ws/install/srvcli_py:/root/ros2_ws/install/pubsub_py:/root/ros2_ws/install/first_node_py:/opt/ros/humble /usr/bin/cmake --install /root/ros2_ws/build/pubsub_cpp
[0.273s] -- Install configuration: ""
[0.273s] -- Up-to-date: /root/ros2_ws/install/pubsub_cpp/lib/pubsub_cpp/talker
[0.273s] -- Up-to-date: /root/ros2_ws/install/pubsub_cpp/lib/pubsub_cpp/listener
[0.273s] -- Up-to-date: /root/ros2_ws/install/pubsub_cpp/share/ament_index/resource_index/package_run_dependencies/pubsub_cpp
[0.273s] -- Up-to-date: /root/ros2_ws/install/pubsub_cpp/share/ament_index/resource_index/parent_prefix_path/pubsub_cpp
[0.273s] -- Up-to-date: /root/ros2_ws/install/pubsub_cpp/share/pubsub_cpp/environment/ament_prefix_path.sh
[0.273s] -- Up-to-date: /root/ros2_ws/install/pubsub_cpp/share/pubsub_cpp/environment/ament_prefix_path.dsv
[0.273s] -- Up-to-date: /root/ros2_ws/install/pubsub_cpp/share/pubsub_cpp/environment/path.sh
[0.273s] -- Up-to-date: /root/ros2_ws/install/pubsub_cpp/share/pubsub_cpp/environment/path.dsv
[0.274s] -- Up-to-date: /root/ros2_ws/install/pubsub_cpp/share/pubsub_cpp/local_setup.bash
[0.274s] -- Up-to-date: /root/ros2_ws/install/pubsub_cpp/share/pubsub_cpp/local_setup.sh
[0.274s] -- Up-to-date: /root/ros2_ws/install/pubsub_cpp/share/pubsub_cpp/local_setup.zsh
[0.274s] -- Up-to-date: /root/ros2_ws/install/pubsub_cpp/share/pubsub_cpp/local_setup.dsv
[0.274s] -- Installing: /root/ros2_ws/install/pubsub_cpp/share/pubsub_cpp/package.dsv
[0.274s] -- Up-to-date: /root/ros2_ws/install/pubsub_cpp/share/ament_index/resource_index/packages/pubsub_cpp
[0.274s] -- Up-to-date: /root/ros2_ws/install/pubsub_cpp/share/pubsub_cpp/cmake/pubsub_cppConfig.cmake
[0.274s] -- Up-to-date: /root/ros2_ws/install/pubsub_cpp/share/pubsub_cpp/cmake/pubsub_cppConfig-version.cmake
[0.274s] -- Up-to-date: /root/ros2_ws/install/pubsub_cpp/share/pubsub_cpp/package.xml
[0.274s] Invoked command in '/root/ros2_ws/build/pubsub_cpp' returned '0': CMAKE_PREFIX_PATH=${CMAKE_PREFIX_PATH}:/root/ros2_ws/install/srvcli_py:/root/ros2_ws/install/pubsub_py:/root/ros2_ws/install/first_node_py:/opt/ros/humble /usr/bin/cmake --install /root/ros2_ws/build/pubsub_cpp
