[0.142s] DEBUG:colcon:Command line arguments: ['/usr/bin/colcon', 'build']
[0.142s] DEBUG:colcon:Parsed command line arguments: Namespace(log_base=None, log_level=None, verb_name='build', build_base='build', install_base='install', merge_install=False, symlink_install=False, test_result_base=None, continue_on_error=False, executor='parallel', parallel_workers=20, event_handlers=None, ignore_user_meta=False, metas=['./colcon.meta'], base_paths=['.'], packages_ignore=None, packages_ignore_regex=None, paths=None, packages_up_to=None, packages_up_to_regex=None, packages_above=None, packages_above_and_dependencies=None, packages_above_depth=None, packages_select_by_dep=None, packages_skip_by_dep=None, packages_skip_up_to=None, packages_select_build_failed=False, packages_skip_build_finished=False, packages_select_test_failures=False, packages_skip_test_passed=False, packages_select=None, packages_skip=None, packages_select_regex=None, packages_skip_regex=None, packages_start=None, packages_end=None, cmake_args=None, cmake_target=None, cmake_target_skip_unavailable=False, cmake_clean_cache=False, cmake_clean_first=False, cmake_force_configure=False, ament_cmake_args=None, catkin_cmake_args=None, catkin_skip_building_tests=False, mixin_files=None, mixin=None, verb_parser=<colcon_mixin.mixin.mixin_argument.MixinArgumentDecorator object at 0x7fd43bf50580>, verb_extension=<colcon_core.verb.build.BuildVerb object at 0x7fd43c2129b0>, main=<bound method BuildVerb.main of <colcon_core.verb.build.BuildVerb object at 0x7fd43c2129b0>>, mixin_verb=('build',))
[0.153s] Level 1:colcon.colcon_core.package_discovery:discover_packages(colcon_meta) check parameters
[0.153s] INFO:colcon.colcon_metadata.package_discovery.colcon_meta:Using configuration from '/root/.colcon/metadata/default/Gazebo.meta'
[0.154s] INFO:colcon.colcon_metadata.package_discovery.colcon_meta:Using configuration from '/root/.colcon/metadata/default/fastrtps.meta'
[0.154s] Level 1:colcon.colcon_core.package_discovery:discover_packages(recursive) check parameters
[0.154s] Level 1:colcon.colcon_core.package_discovery:discover_packages(ignore) check parameters
[0.154s] Level 1:colcon.colcon_core.package_discovery:discover_packages(path) check parameters
[0.154s] Level 1:colcon.colcon_core.package_discovery:discover_packages(colcon_meta) discover
[0.154s] Level 1:colcon.colcon_core.package_discovery:discover_packages(recursive) discover
[0.154s] INFO:colcon.colcon_core.package_discovery:Crawling recursively for packages in '/root/ros2_ws'
[0.154s] Level 1:colcon.colcon_core.package_identification:_identify(.) by extensions ['ignore', 'ignore_ament_install']
[0.154s] Level 1:colcon.colcon_core.package_identification:_identify(.) by extension 'ignore'
[0.154s] Level 1:colcon.colcon_core.package_identification:_identify(.) by extension 'ignore_ament_install'
[0.154s] Level 1:colcon.colcon_core.package_identification:_identify(.) by extensions ['colcon_pkg']
[0.154s] Level 1:colcon.colcon_core.package_identification:_identify(.) by extension 'colcon_pkg'
[0.154s] Level 1:colcon.colcon_core.package_identification:_identify(.) by extensions ['colcon_meta']
[0.154s] Level 1:colcon.colcon_core.package_identification:_identify(.) by extension 'colcon_meta'
[0.154s] Level 1:colcon.colcon_core.package_identification:_identify(.) by extensions ['ros']
[0.154s] Level 1:colcon.colcon_core.package_identification:_identify(.) by extension 'ros'
[0.164s] Level 1:colcon.colcon_core.package_identification:_identify(.) by extensions ['cmake', 'python']
[0.164s] Level 1:colcon.colcon_core.package_identification:_identify(.) by extension 'cmake'
[0.164s] Level 1:colcon.colcon_core.package_identification:_identify(.) by extension 'python'
[0.164s] Level 1:colcon.colcon_core.package_identification:_identify(.) by extensions ['python_setup_py']
[0.164s] Level 1:colcon.colcon_core.package_identification:_identify(.) by extension 'python_setup_py'
[0.164s] Level 1:colcon.colcon_core.package_identification:_identify(Docker_build) by extensions ['ignore', 'ignore_ament_install']
[0.165s] Level 1:colcon.colcon_core.package_identification:_identify(Docker_build) by extension 'ignore'
[0.165s] Level 1:colcon.colcon_core.package_identification:_identify(Docker_build) by extension 'ignore_ament_install'
[0.165s] Level 1:colcon.colcon_core.package_identification:_identify(Docker_build) by extensions ['colcon_pkg']
[0.165s] Level 1:colcon.colcon_core.package_identification:_identify(Docker_build) by extension 'colcon_pkg'
[0.165s] Level 1:colcon.colcon_core.package_identification:_identify(Docker_build) by extensions ['colcon_meta']
[0.165s] Level 1:colcon.colcon_core.package_identification:_identify(Docker_build) by extension 'colcon_meta'
[0.165s] Level 1:colcon.colcon_core.package_identification:_identify(Docker_build) by extensions ['ros']
[0.165s] Level 1:colcon.colcon_core.package_identification:_identify(Docker_build) by extension 'ros'
[0.165s] Level 1:colcon.colcon_core.package_identification:_identify(Docker_build) by extensions ['cmake', 'python']
[0.165s] Level 1:colcon.colcon_core.package_identification:_identify(Docker_build) by extension 'cmake'
[0.165s] Level 1:colcon.colcon_core.package_identification:_identify(Docker_build) by extension 'python'
[0.165s] Level 1:colcon.colcon_core.package_identification:_identify(Docker_build) by extensions ['python_setup_py']
[0.165s] Level 1:colcon.colcon_core.package_identification:_identify(Docker_build) by extension 'python_setup_py'
[0.165s] Level 1:colcon.colcon_core.package_identification:_identify(Docker_build/rosdep) by extensions ['ignore', 'ignore_ament_install']
[0.165s] Level 1:colcon.colcon_core.package_identification:_identify(Docker_build/rosdep) by extension 'ignore'
[0.165s] Level 1:colcon.colcon_core.package_identification:_identify(Docker_build/rosdep) by extension 'ignore_ament_install'
[0.165s] Level 1:colcon.colcon_core.package_identification:_identify(Docker_build/rosdep) by extensions ['colcon_pkg']
[0.165s] Level 1:colcon.colcon_core.package_identification:_identify(Docker_build/rosdep) by extension 'colcon_pkg'
[0.165s] Level 1:colcon.colcon_core.package_identification:_identify(Docker_build/rosdep) by extensions ['colcon_meta']
[0.165s] Level 1:colcon.colcon_core.package_identification:_identify(Docker_build/rosdep) by extension 'colcon_meta'
[0.165s] Level 1:colcon.colcon_core.package_identification:_identify(Docker_build/rosdep) by extensions ['ros']
[0.165s] Level 1:colcon.colcon_core.package_identification:_identify(Docker_build/rosdep) by extension 'ros'
[0.165s] Level 1:colcon.colcon_core.package_identification:_identify(Docker_build/rosdep) by extensions ['cmake', 'python']
[0.165s] Level 1:colcon.colcon_core.package_identification:_identify(Docker_build/rosdep) by extension 'cmake'
[0.165s] Level 1:colcon.colcon_core.package_identification:_identify(Docker_build/rosdep) by extension 'python'
[0.165s] Level 1:colcon.colcon_core.package_identification:_identify(Docker_build/rosdep) by extensions ['python_setup_py']
[0.165s] Level 1:colcon.colcon_core.package_identification:_identify(Docker_build/rosdep) by extension 'python_setup_py'
[0.165s] Level 1:colcon.colcon_core.package_identification:_identify(Docker_build/rosdep/sources.list.d) by extensions ['ignore', 'ignore_ament_install']
[0.165s] Level 1:colcon.colcon_core.package_identification:_identify(Docker_build/rosdep/sources.list.d) by extension 'ignore'
[0.165s] Level 1:colcon.colcon_core.package_identification:_identify(Docker_build/rosdep/sources.list.d) by extension 'ignore_ament_install'
[0.165s] Level 1:colcon.colcon_core.package_identification:_identify(Docker_build/rosdep/sources.list.d) by extensions ['colcon_pkg']
[0.165s] Level 1:colcon.colcon_core.package_identification:_identify(Docker_build/rosdep/sources.list.d) by extension 'colcon_pkg'
[0.165s] Level 1:colcon.colcon_core.package_identification:_identify(Docker_build/rosdep/sources.list.d) by extensions ['colcon_meta']
[0.165s] Level 1:colcon.colcon_core.package_identification:_identify(Docker_build/rosdep/sources.list.d) by extension 'colcon_meta'
[0.165s] Level 1:colcon.colcon_core.package_identification:_identify(Docker_build/rosdep/sources.list.d) by extensions ['ros']
[0.165s] Level 1:colcon.colcon_core.package_identification:_identify(Docker_build/rosdep/sources.list.d) by extension 'ros'
[0.165s] Level 1:colcon.colcon_core.package_identification:_identify(Docker_build/rosdep/sources.list.d) by extensions ['cmake', 'python']
[0.165s] Level 1:colcon.colcon_core.package_identification:_identify(Docker_build/rosdep/sources.list.d) by extension 'cmake'
[0.165s] Level 1:colcon.colcon_core.package_identification:_identify(Docker_build/rosdep/sources.list.d) by extension 'python'
[0.165s] Level 1:colcon.colcon_core.package_identification:_identify(Docker_build/rosdep/sources.list.d) by extensions ['python_setup_py']
[0.165s] Level 1:colcon.colcon_core.package_identification:_identify(Docker_build/rosdep/sources.list.d) by extension 'python_setup_py'
[0.165s] Level 1:colcon.colcon_core.package_identification:_identify(build) by extensions ['ignore', 'ignore_ament_install']
[0.165s] Level 1:colcon.colcon_core.package_identification:_identify(build) by extension 'ignore'
[0.165s] Level 1:colcon.colcon_core.package_identification:_identify(build) ignored
[0.165s] Level 1:colcon.colcon_core.package_identification:_identify(db2) by extensions ['ignore', 'ignore_ament_install']
[0.165s] Level 1:colcon.colcon_core.package_identification:_identify(db2) by extension 'ignore'
[0.166s] Level 1:colcon.colcon_core.package_identification:_identify(db2) by extension 'ignore_ament_install'
[0.166s] Level 1:colcon.colcon_core.package_identification:_identify(db2) by extensions ['colcon_pkg']
[0.166s] Level 1:colcon.colcon_core.package_identification:_identify(db2) by extension 'colcon_pkg'
[0.166s] Level 1:colcon.colcon_core.package_identification:_identify(db2) by extensions ['colcon_meta']
[0.166s] Level 1:colcon.colcon_core.package_identification:_identify(db2) by extension 'colcon_meta'
[0.166s] Level 1:colcon.colcon_core.package_identification:_identify(db2) by extensions ['ros']
[0.166s] Level 1:colcon.colcon_core.package_identification:_identify(db2) by extension 'ros'
[0.166s] Level 1:colcon.colcon_core.package_identification:_identify(db2) by extensions ['cmake', 'python']
[0.166s] Level 1:colcon.colcon_core.package_identification:_identify(db2) by extension 'cmake'
[0.166s] Level 1:colcon.colcon_core.package_identification:_identify(db2) by extension 'python'
[0.166s] Level 1:colcon.colcon_core.package_identification:_identify(db2) by extensions ['python_setup_py']
[0.166s] Level 1:colcon.colcon_core.package_identification:_identify(db2) by extension 'python_setup_py'
[0.166s] Level 1:colcon.colcon_core.package_identification:_identify(install) by extensions ['ignore', 'ignore_ament_install']
[0.166s] Level 1:colcon.colcon_core.package_identification:_identify(install) by extension 'ignore'
[0.166s] Level 1:colcon.colcon_core.package_identification:_identify(install) ignored
[0.166s] Level 1:colcon.colcon_core.package_identification:_identify(log) by extensions ['ignore', 'ignore_ament_install']
[0.166s] Level 1:colcon.colcon_core.package_identification:_identify(log) by extension 'ignore'
[0.166s] Level 1:colcon.colcon_core.package_identification:_identify(log) ignored
[0.166s] Level 1:colcon.colcon_core.package_identification:_identify(src) by extensions ['ignore', 'ignore_ament_install']
[0.166s] Level 1:colcon.colcon_core.package_identification:_identify(src) by extension 'ignore'
[0.166s] Level 1:colcon.colcon_core.package_identification:_identify(src) by extension 'ignore_ament_install'
[0.166s] Level 1:colcon.colcon_core.package_identification:_identify(src) by extensions ['colcon_pkg']
[0.166s] Level 1:colcon.colcon_core.package_identification:_identify(src) by extension 'colcon_pkg'
[0.166s] Level 1:colcon.colcon_core.package_identification:_identify(src) by extensions ['colcon_meta']
[0.166s] Level 1:colcon.colcon_core.package_identification:_identify(src) by extension 'colcon_meta'
[0.166s] Level 1:colcon.colcon_core.package_identification:_identify(src) by extensions ['ros']
[0.166s] Level 1:colcon.colcon_core.package_identification:_identify(src) by extension 'ros'
[0.166s] Level 1:colcon.colcon_core.package_identification:_identify(src) by extensions ['cmake', 'python']
[0.166s] Level 1:colcon.colcon_core.package_identification:_identify(src) by extension 'cmake'
[0.166s] Level 1:colcon.colcon_core.package_identification:_identify(src) by extension 'python'
[0.166s] Level 1:colcon.colcon_core.package_identification:_identify(src) by extensions ['python_setup_py']
[0.166s] Level 1:colcon.colcon_core.package_identification:_identify(src) by extension 'python_setup_py'
[0.166s] Level 1:colcon.colcon_core.package_identification:_identify(src/cpp_pubsub) by extensions ['ignore', 'ignore_ament_install']
[0.166s] Level 1:colcon.colcon_core.package_identification:_identify(src/cpp_pubsub) by extension 'ignore'
[0.166s] Level 1:colcon.colcon_core.package_identification:_identify(src/cpp_pubsub) by extension 'ignore_ament_install'
[0.166s] Level 1:colcon.colcon_core.package_identification:_identify(src/cpp_pubsub) by extensions ['colcon_pkg']
[0.166s] Level 1:colcon.colcon_core.package_identification:_identify(src/cpp_pubsub) by extension 'colcon_pkg'
[0.166s] Level 1:colcon.colcon_core.package_identification:_identify(src/cpp_pubsub) by extensions ['colcon_meta']
[0.166s] Level 1:colcon.colcon_core.package_identification:_identify(src/cpp_pubsub) by extension 'colcon_meta'
[0.166s] Level 1:colcon.colcon_core.package_identification:_identify(src/cpp_pubsub) by extensions ['ros']
[0.166s] Level 1:colcon.colcon_core.package_identification:_identify(src/cpp_pubsub) by extension 'ros'
[0.166s] Level 1:colcon.colcon_core.package_identification:_identify(src/cpp_pubsub) by extensions ['cmake', 'python']
[0.166s] Level 1:colcon.colcon_core.package_identification:_identify(src/cpp_pubsub) by extension 'cmake'
[0.166s] Level 1:colcon.colcon_core.package_identification:_identify(src/cpp_pubsub) by extension 'python'
[0.166s] Level 1:colcon.colcon_core.package_identification:_identify(src/cpp_pubsub) by extensions ['python_setup_py']
[0.166s] Level 1:colcon.colcon_core.package_identification:_identify(src/cpp_pubsub) by extension 'python_setup_py'
[0.166s] Level 1:colcon.colcon_core.package_identification:_identify(src/learning_node) by extensions ['ignore', 'ignore_ament_install']
[0.166s] Level 1:colcon.colcon_core.package_identification:_identify(src/learning_node) by extension 'ignore'
[0.167s] Level 1:colcon.colcon_core.package_identification:_identify(src/learning_node) by extension 'ignore_ament_install'
[0.167s] Level 1:colcon.colcon_core.package_identification:_identify(src/learning_node) by extensions ['colcon_pkg']
[0.167s] Level 1:colcon.colcon_core.package_identification:_identify(src/learning_node) by extension 'colcon_pkg'
[0.167s] Level 1:colcon.colcon_core.package_identification:_identify(src/learning_node) by extensions ['colcon_meta']
[0.167s] Level 1:colcon.colcon_core.package_identification:_identify(src/learning_node) by extension 'colcon_meta'
[0.167s] Level 1:colcon.colcon_core.package_identification:_identify(src/learning_node) by extensions ['ros']
[0.167s] Level 1:colcon.colcon_core.package_identification:_identify(src/learning_node) by extension 'ros'
[0.167s] Level 1:colcon.colcon_core.package_identification:_identify(src/learning_node) by extensions ['cmake', 'python']
[0.167s] Level 1:colcon.colcon_core.package_identification:_identify(src/learning_node) by extension 'cmake'
[0.167s] Level 1:colcon.colcon_core.package_identification:_identify(src/learning_node) by extension 'python'
[0.167s] Level 1:colcon.colcon_core.package_identification:_identify(src/learning_node) by extensions ['python_setup_py']
[0.167s] Level 1:colcon.colcon_core.package_identification:_identify(src/learning_node) by extension 'python_setup_py'
[0.167s] Level 1:colcon.colcon_core.package_identification:_identify(src/learning_node/first_node) by extensions ['ignore', 'ignore_ament_install']
[0.167s] Level 1:colcon.colcon_core.package_identification:_identify(src/learning_node/first_node) by extension 'ignore'
[0.167s] Level 1:colcon.colcon_core.package_identification:_identify(src/learning_node/first_node) by extension 'ignore_ament_install'
[0.167s] Level 1:colcon.colcon_core.package_identification:_identify(src/learning_node/first_node) by extensions ['colcon_pkg']
[0.167s] Level 1:colcon.colcon_core.package_identification:_identify(src/learning_node/first_node) by extension 'colcon_pkg'
[0.167s] Level 1:colcon.colcon_core.package_identification:_identify(src/learning_node/first_node) by extensions ['colcon_meta']
[0.167s] Level 1:colcon.colcon_core.package_identification:_identify(src/learning_node/first_node) by extension 'colcon_meta'
[0.167s] Level 1:colcon.colcon_core.package_identification:_identify(src/learning_node/first_node) by extensions ['ros']
[0.167s] Level 1:colcon.colcon_core.package_identification:_identify(src/learning_node/first_node) by extension 'ros'
[0.168s] DEBUG:colcon.colcon_core.package_identification:Package 'src/learning_node/first_node' with type 'ros.ament_cmake' and name 'first_node'
[0.168s] Level 1:colcon.colcon_core.package_identification:_identify(src/learning_node/first_node_py) by extensions ['ignore', 'ignore_ament_install']
[0.168s] Level 1:colcon.colcon_core.package_identification:_identify(src/learning_node/first_node_py) by extension 'ignore'
[0.168s] Level 1:colcon.colcon_core.package_identification:_identify(src/learning_node/first_node_py) by extension 'ignore_ament_install'
[0.168s] Level 1:colcon.colcon_core.package_identification:_identify(src/learning_node/first_node_py) by extensions ['colcon_pkg']
[0.168s] Level 1:colcon.colcon_core.package_identification:_identify(src/learning_node/first_node_py) by extension 'colcon_pkg'
[0.168s] Level 1:colcon.colcon_core.package_identification:_identify(src/learning_node/first_node_py) by extensions ['colcon_meta']
[0.168s] Level 1:colcon.colcon_core.package_identification:_identify(src/learning_node/first_node_py) by extension 'colcon_meta'
[0.168s] Level 1:colcon.colcon_core.package_identification:_identify(src/learning_node/first_node_py) by extensions ['ros']
[0.168s] Level 1:colcon.colcon_core.package_identification:_identify(src/learning_node/first_node_py) by extension 'ros'
[0.169s] DEBUG:colcon.colcon_core.package_identification:Package 'src/learning_node/first_node_py' with type 'ros.ament_python' and name 'first_node_py'
[0.169s] Level 1:colcon.colcon_core.package_identification:_identify(src/learning_node/pubsub_cpp) by extensions ['ignore', 'ignore_ament_install']
[0.169s] Level 1:colcon.colcon_core.package_identification:_identify(src/learning_node/pubsub_cpp) by extension 'ignore'
[0.169s] Level 1:colcon.colcon_core.package_identification:_identify(src/learning_node/pubsub_cpp) by extension 'ignore_ament_install'
[0.169s] Level 1:colcon.colcon_core.package_identification:_identify(src/learning_node/pubsub_cpp) by extensions ['colcon_pkg']
[0.169s] Level 1:colcon.colcon_core.package_identification:_identify(src/learning_node/pubsub_cpp) by extension 'colcon_pkg'
[0.169s] Level 1:colcon.colcon_core.package_identification:_identify(src/learning_node/pubsub_cpp) by extensions ['colcon_meta']
[0.169s] Level 1:colcon.colcon_core.package_identification:_identify(src/learning_node/pubsub_cpp) by extension 'colcon_meta'
[0.169s] Level 1:colcon.colcon_core.package_identification:_identify(src/learning_node/pubsub_cpp) by extensions ['ros']
[0.169s] Level 1:colcon.colcon_core.package_identification:_identify(src/learning_node/pubsub_cpp) by extension 'ros'
[0.169s] DEBUG:colcon.colcon_core.package_identification:Package 'src/learning_node/pubsub_cpp' with type 'ros.ament_cmake' and name 'pubsub_cpp'
[0.169s] Level 1:colcon.colcon_core.package_identification:_identify(src/learning_node/pubsub_py) by extensions ['ignore', 'ignore_ament_install']
[0.169s] Level 1:colcon.colcon_core.package_identification:_identify(src/learning_node/pubsub_py) by extension 'ignore'
[0.169s] Level 1:colcon.colcon_core.package_identification:_identify(src/learning_node/pubsub_py) by extension 'ignore_ament_install'
[0.169s] Level 1:colcon.colcon_core.package_identification:_identify(src/learning_node/pubsub_py) by extensions ['colcon_pkg']
[0.169s] Level 1:colcon.colcon_core.package_identification:_identify(src/learning_node/pubsub_py) by extension 'colcon_pkg'
[0.169s] Level 1:colcon.colcon_core.package_identification:_identify(src/learning_node/pubsub_py) by extensions ['colcon_meta']
[0.169s] Level 1:colcon.colcon_core.package_identification:_identify(src/learning_node/pubsub_py) by extension 'colcon_meta'
[0.169s] Level 1:colcon.colcon_core.package_identification:_identify(src/learning_node/pubsub_py) by extensions ['ros']
[0.169s] Level 1:colcon.colcon_core.package_identification:_identify(src/learning_node/pubsub_py) by extension 'ros'
[0.170s] DEBUG:colcon.colcon_core.package_identification:Package 'src/learning_node/pubsub_py' with type 'ros.ament_python' and name 'pubsub_py'
[0.170s] Level 1:colcon.colcon_core.package_discovery:discover_packages(recursive) using defaults
[0.170s] Level 1:colcon.colcon_core.package_discovery:discover_packages(ignore) discover
[0.170s] Level 1:colcon.colcon_core.package_discovery:discover_packages(ignore) using defaults
[0.170s] Level 1:colcon.colcon_core.package_discovery:discover_packages(path) discover
[0.170s] Level 1:colcon.colcon_core.package_discovery:discover_packages(path) using defaults
[0.182s] Level 5:colcon.colcon_core.verb:set package 'first_node' build argument 'cmake_args' from command line to 'None'
[0.182s] Level 5:colcon.colcon_core.verb:set package 'first_node' build argument 'cmake_target' from command line to 'None'
[0.182s] Level 5:colcon.colcon_core.verb:set package 'first_node' build argument 'cmake_target_skip_unavailable' from command line to 'False'
[0.182s] Level 5:colcon.colcon_core.verb:set package 'first_node' build argument 'cmake_clean_cache' from command line to 'False'
[0.182s] Level 5:colcon.colcon_core.verb:set package 'first_node' build argument 'cmake_clean_first' from command line to 'False'
[0.182s] Level 5:colcon.colcon_core.verb:set package 'first_node' build argument 'cmake_force_configure' from command line to 'False'
[0.182s] Level 5:colcon.colcon_core.verb:set package 'first_node' build argument 'ament_cmake_args' from command line to 'None'
[0.182s] Level 5:colcon.colcon_core.verb:set package 'first_node' build argument 'catkin_cmake_args' from command line to 'None'
[0.182s] Level 5:colcon.colcon_core.verb:set package 'first_node' build argument 'catkin_skip_building_tests' from command line to 'False'
[0.182s] DEBUG:colcon.colcon_core.verb:Building package 'first_node' with the following arguments: {'ament_cmake_args': None, 'build_base': '/root/ros2_ws/build/first_node', 'catkin_cmake_args': None, 'catkin_skip_building_tests': False, 'cmake_args': None, 'cmake_clean_cache': False, 'cmake_clean_first': False, 'cmake_force_configure': False, 'cmake_target': None, 'cmake_target_skip_unavailable': False, 'install_base': '/root/ros2_ws/install/first_node', 'merge_install': False, 'path': '/root/ros2_ws/src/learning_node/first_node', 'symlink_install': False, 'test_result_base': None}
[0.182s] Level 5:colcon.colcon_core.verb:set package 'first_node_py' build argument 'cmake_args' from command line to 'None'
[0.182s] Level 5:colcon.colcon_core.verb:set package 'first_node_py' build argument 'cmake_target' from command line to 'None'
[0.182s] Level 5:colcon.colcon_core.verb:set package 'first_node_py' build argument 'cmake_target_skip_unavailable' from command line to 'False'
[0.182s] Level 5:colcon.colcon_core.verb:set package 'first_node_py' build argument 'cmake_clean_cache' from command line to 'False'
[0.182s] Level 5:colcon.colcon_core.verb:set package 'first_node_py' build argument 'cmake_clean_first' from command line to 'False'
[0.182s] Level 5:colcon.colcon_core.verb:set package 'first_node_py' build argument 'cmake_force_configure' from command line to 'False'
[0.182s] Level 5:colcon.colcon_core.verb:set package 'first_node_py' build argument 'ament_cmake_args' from command line to 'None'
[0.182s] Level 5:colcon.colcon_core.verb:set package 'first_node_py' build argument 'catkin_cmake_args' from command line to 'None'
[0.182s] Level 5:colcon.colcon_core.verb:set package 'first_node_py' build argument 'catkin_skip_building_tests' from command line to 'False'
[0.182s] DEBUG:colcon.colcon_core.verb:Building package 'first_node_py' with the following arguments: {'ament_cmake_args': None, 'build_base': '/root/ros2_ws/build/first_node_py', 'catkin_cmake_args': None, 'catkin_skip_building_tests': False, 'cmake_args': None, 'cmake_clean_cache': False, 'cmake_clean_first': False, 'cmake_force_configure': False, 'cmake_target': None, 'cmake_target_skip_unavailable': False, 'install_base': '/root/ros2_ws/install/first_node_py', 'merge_install': False, 'path': '/root/ros2_ws/src/learning_node/first_node_py', 'symlink_install': False, 'test_result_base': None}
[0.183s] Level 5:colcon.colcon_core.verb:set package 'pubsub_cpp' build argument 'cmake_args' from command line to 'None'
[0.183s] Level 5:colcon.colcon_core.verb:set package 'pubsub_cpp' build argument 'cmake_target' from command line to 'None'
[0.183s] Level 5:colcon.colcon_core.verb:set package 'pubsub_cpp' build argument 'cmake_target_skip_unavailable' from command line to 'False'
[0.183s] Level 5:colcon.colcon_core.verb:set package 'pubsub_cpp' build argument 'cmake_clean_cache' from command line to 'False'
[0.183s] Level 5:colcon.colcon_core.verb:set package 'pubsub_cpp' build argument 'cmake_clean_first' from command line to 'False'
[0.183s] Level 5:colcon.colcon_core.verb:set package 'pubsub_cpp' build argument 'cmake_force_configure' from command line to 'False'
[0.183s] Level 5:colcon.colcon_core.verb:set package 'pubsub_cpp' build argument 'ament_cmake_args' from command line to 'None'
[0.183s] Level 5:colcon.colcon_core.verb:set package 'pubsub_cpp' build argument 'catkin_cmake_args' from command line to 'None'
[0.183s] Level 5:colcon.colcon_core.verb:set package 'pubsub_cpp' build argument 'catkin_skip_building_tests' from command line to 'False'
[0.183s] DEBUG:colcon.colcon_core.verb:Building package 'pubsub_cpp' with the following arguments: {'ament_cmake_args': None, 'build_base': '/root/ros2_ws/build/pubsub_cpp', 'catkin_cmake_args': None, 'catkin_skip_building_tests': False, 'cmake_args': None, 'cmake_clean_cache': False, 'cmake_clean_first': False, 'cmake_force_configure': False, 'cmake_target': None, 'cmake_target_skip_unavailable': False, 'install_base': '/root/ros2_ws/install/pubsub_cpp', 'merge_install': False, 'path': '/root/ros2_ws/src/learning_node/pubsub_cpp', 'symlink_install': False, 'test_result_base': None}
[0.183s] Level 5:colcon.colcon_core.verb:set package 'pubsub_py' build argument 'cmake_args' from command line to 'None'
[0.183s] Level 5:colcon.colcon_core.verb:set package 'pubsub_py' build argument 'cmake_target' from command line to 'None'
[0.183s] Level 5:colcon.colcon_core.verb:set package 'pubsub_py' build argument 'cmake_target_skip_unavailable' from command line to 'False'
[0.183s] Level 5:colcon.colcon_core.verb:set package 'pubsub_py' build argument 'cmake_clean_cache' from command line to 'False'
[0.183s] Level 5:colcon.colcon_core.verb:set package 'pubsub_py' build argument 'cmake_clean_first' from command line to 'False'
[0.183s] Level 5:colcon.colcon_core.verb:set package 'pubsub_py' build argument 'cmake_force_configure' from command line to 'False'
[0.183s] Level 5:colcon.colcon_core.verb:set package 'pubsub_py' build argument 'ament_cmake_args' from command line to 'None'
[0.183s] Level 5:colcon.colcon_core.verb:set package 'pubsub_py' build argument 'catkin_cmake_args' from command line to 'None'
[0.183s] Level 5:colcon.colcon_core.verb:set package 'pubsub_py' build argument 'catkin_skip_building_tests' from command line to 'False'
[0.183s] DEBUG:colcon.colcon_core.verb:Building package 'pubsub_py' with the following arguments: {'ament_cmake_args': None, 'build_base': '/root/ros2_ws/build/pubsub_py', 'catkin_cmake_args': None, 'catkin_skip_building_tests': False, 'cmake_args': None, 'cmake_clean_cache': False, 'cmake_clean_first': False, 'cmake_force_configure': False, 'cmake_target': None, 'cmake_target_skip_unavailable': False, 'install_base': '/root/ros2_ws/install/pubsub_py', 'merge_install': False, 'path': '/root/ros2_ws/src/learning_node/pubsub_py', 'symlink_install': False, 'test_result_base': None}
[0.184s] INFO:colcon.colcon_core.executor:Executing jobs using 'parallel' executor
[0.186s] DEBUG:colcon.colcon_parallel_executor.executor.parallel:run_until_complete
[0.186s] INFO:colcon.colcon_ros.task.ament_cmake.build:Building ROS package in '/root/ros2_ws/src/learning_node/first_node' with build type 'ament_cmake'
[0.186s] INFO:colcon.colcon_cmake.task.cmake.build:Building CMake package in '/root/ros2_ws/src/learning_node/first_node'
[0.188s] INFO:colcon.colcon_core.plugin_system:Skipping extension 'colcon_core.shell.bat': Not used on non-Windows systems
[0.188s] INFO:colcon.colcon_core.shell:Skip shell extension 'powershell' for command environment: Not usable outside of PowerShell
[0.189s] DEBUG:colcon.colcon_core.shell:Skip shell extension 'dsv' for command environment
[0.191s] INFO:colcon.colcon_ros.task.ament_python.build:Building ROS package in '/root/ros2_ws/src/learning_node/first_node_py' with build type 'ament_python'
[0.191s] Level 1:colcon.colcon_core.shell:create_environment_hook('first_node_py', 'ament_prefix_path')
[0.191s] INFO:colcon.colcon_core.shell:Creating environment hook '/root/ros2_ws/install/first_node_py/share/first_node_py/hook/ament_prefix_path.ps1'
[0.192s] INFO:colcon.colcon_core.shell:Creating environment descriptor '/root/ros2_ws/install/first_node_py/share/first_node_py/hook/ament_prefix_path.dsv'
[0.192s] INFO:colcon.colcon_core.shell:Creating environment hook '/root/ros2_ws/install/first_node_py/share/first_node_py/hook/ament_prefix_path.sh'
[0.193s] INFO:colcon.colcon_core.shell:Skip shell extension 'powershell' for command environment: Not usable outside of PowerShell
[0.193s] DEBUG:colcon.colcon_core.shell:Skip shell extension 'dsv' for command environment
[0.194s] INFO:colcon.colcon_ros.task.ament_cmake.build:Building ROS package in '/root/ros2_ws/src/learning_node/pubsub_cpp' with build type 'ament_cmake'
[0.195s] INFO:colcon.colcon_cmake.task.cmake.build:Building CMake package in '/root/ros2_ws/src/learning_node/pubsub_cpp'
[0.195s] INFO:colcon.colcon_core.shell:Skip shell extension 'powershell' for command environment: Not usable outside of PowerShell
[0.195s] DEBUG:colcon.colcon_core.shell:Skip shell extension 'dsv' for command environment
[0.197s] INFO:colcon.colcon_ros.task.ament_python.build:Building ROS package in '/root/ros2_ws/src/learning_node/pubsub_py' with build type 'ament_python'
[0.197s] Level 1:colcon.colcon_core.shell:create_environment_hook('pubsub_py', 'ament_prefix_path')
[0.198s] INFO:colcon.colcon_core.shell:Creating environment hook '/root/ros2_ws/install/pubsub_py/share/pubsub_py/hook/ament_prefix_path.ps1'
[0.198s] INFO:colcon.colcon_core.shell:Creating environment descriptor '/root/ros2_ws/install/pubsub_py/share/pubsub_py/hook/ament_prefix_path.dsv'
[0.198s] INFO:colcon.colcon_core.shell:Creating environment hook '/root/ros2_ws/install/pubsub_py/share/pubsub_py/hook/ament_prefix_path.sh'
[0.199s] INFO:colcon.colcon_core.shell:Skip shell extension 'powershell' for command environment: Not usable outside of PowerShell
[0.199s] DEBUG:colcon.colcon_core.shell:Skip shell extension 'dsv' for command environment
[0.203s] DEBUG:colcon.colcon_core.event_handler.log_command:Invoking command in '/root/ros2_ws/build/first_node': CMAKE_PREFIX_PATH=/opt/ros/humble /usr/bin/cmake /root/ros2_ws/src/learning_node/first_node -DCMAKE_INSTALL_PREFIX=/root/ros2_ws/install/first_node
[0.317s] INFO:colcon.colcon_core.task.python.build:Building Python package in '/root/ros2_ws/src/learning_node/first_node_py'
[0.318s] INFO:colcon.colcon_core.shell:Skip shell extension 'powershell' for command environment: Not usable outside of PowerShell
[0.318s] DEBUG:colcon.colcon_core.shell:Skip shell extension 'dsv' for command environment
[0.323s] DEBUG:colcon.colcon_core.event_handler.log_command:Invoking command in '/root/ros2_ws/build/pubsub_cpp': CMAKE_PREFIX_PATH=/opt/ros/humble /usr/bin/cmake /root/ros2_ws/src/learning_node/pubsub_cpp -DCMAKE_INSTALL_PREFIX=/root/ros2_ws/install/pubsub_cpp
[0.438s] INFO:colcon.colcon_core.task.python.build:Building Python package in '/root/ros2_ws/src/learning_node/pubsub_py'
[0.439s] INFO:colcon.colcon_core.shell:Skip shell extension 'powershell' for command environment: Not usable outside of PowerShell
[0.439s] DEBUG:colcon.colcon_core.shell:Skip shell extension 'dsv' for command environment
[0.601s] DEBUG:colcon.colcon_core.event_handler.log_command:Invoking command in '/root/ros2_ws/src/learning_node/first_node_py': PYTHONPATH=/root/ros2_ws/build/first_node_py/prefix_override:/root/ros2_ws/install/first_node_py/lib/python3.10/site-packages:${PYTHONPATH} /usr/bin/python3 setup.py egg_info --egg-base ../../../build/first_node_py build --build-base /root/ros2_ws/build/first_node_py/build install --record /root/ros2_ws/build/first_node_py/install.log --single-version-externally-managed
[0.604s] DEBUG:colcon.colcon_core.event_handler.log_command:Invoking command in '/root/ros2_ws/src/learning_node/pubsub_py': PYTHONPATH=/root/ros2_ws/build/pubsub_py/prefix_override:/root/ros2_ws/install/pubsub_py/lib/python3.10/site-packages:${PYTHONPATH} /usr/bin/python3 setup.py egg_info --egg-base ../../../build/pubsub_py build --build-base /root/ros2_ws/build/pubsub_py/build install --record /root/ros2_ws/build/pubsub_py/install.log --single-version-externally-managed
[0.744s] DEBUG:colcon.colcon_core.event_handler.log_command:Invoked command in '/root/ros2_ws/src/learning_node/first_node_py' returned '0': PYTHONPATH=/root/ros2_ws/build/first_node_py/prefix_override:/root/ros2_ws/install/first_node_py/lib/python3.10/site-packages:${PYTHONPATH} /usr/bin/python3 setup.py egg_info --egg-base ../../../build/first_node_py build --build-base /root/ros2_ws/build/first_node_py/build install --record /root/ros2_ws/build/first_node_py/install.log --single-version-externally-managed
[0.745s] Level 1:colcon.colcon_core.environment:checking '/root/ros2_ws/install/first_node_py' for CMake module files
[0.746s] Level 1:colcon.colcon_core.environment:checking '/root/ros2_ws/install/first_node_py' for CMake config files
[0.746s] Level 1:colcon.colcon_core.environment:checking '/root/ros2_ws/install/first_node_py/lib'
[0.746s] Level 1:colcon.colcon_core.environment:checking '/root/ros2_ws/install/first_node_py/bin'
[0.746s] Level 1:colcon.colcon_core.environment:checking '/root/ros2_ws/install/first_node_py/lib/pkgconfig/first_node_py.pc'
[0.746s] Level 1:colcon.colcon_core.environment:checking '/root/ros2_ws/install/first_node_py/lib/python3.10/site-packages'
[0.746s] Level 1:colcon.colcon_core.shell:create_environment_hook('first_node_py', 'pythonpath')
[0.747s] INFO:colcon.colcon_core.shell:Creating environment hook '/root/ros2_ws/install/first_node_py/share/first_node_py/hook/pythonpath.ps1'
[0.747s] INFO:colcon.colcon_core.shell:Creating environment descriptor '/root/ros2_ws/install/first_node_py/share/first_node_py/hook/pythonpath.dsv'
[0.747s] INFO:colcon.colcon_core.shell:Creating environment hook '/root/ros2_ws/install/first_node_py/share/first_node_py/hook/pythonpath.sh'
[0.748s] Level 1:colcon.colcon_core.environment:checking '/root/ros2_ws/install/first_node_py/bin'
[0.748s] Level 1:colcon.colcon_core.environment:create_environment_scripts_only(first_node_py)
[0.748s] INFO:colcon.colcon_core.shell:Creating package script '/root/ros2_ws/install/first_node_py/share/first_node_py/package.ps1'
[0.749s] INFO:colcon.colcon_core.shell:Creating package descriptor '/root/ros2_ws/install/first_node_py/share/first_node_py/package.dsv'
[0.749s] INFO:colcon.colcon_core.shell:Creating package script '/root/ros2_ws/install/first_node_py/share/first_node_py/package.sh'
[0.750s] INFO:colcon.colcon_core.shell:Creating package script '/root/ros2_ws/install/first_node_py/share/first_node_py/package.bash'
[0.750s] INFO:colcon.colcon_core.shell:Creating package script '/root/ros2_ws/install/first_node_py/share/first_node_py/package.zsh'
[0.750s] Level 1:colcon.colcon_core.environment:create_file_with_runtime_dependencies(/root/ros2_ws/install/first_node_py/share/colcon-core/packages/first_node_py)
[0.752s] Level 1:colcon.colcon_core.environment:checking '/root/ros2_ws/install/pubsub_py' for CMake module files
[0.753s] DEBUG:colcon.colcon_core.event_handler.log_command:Invoked command in '/root/ros2_ws/src/learning_node/pubsub_py' returned '0': PYTHONPATH=/root/ros2_ws/build/pubsub_py/prefix_override:/root/ros2_ws/install/pubsub_py/lib/python3.10/site-packages:${PYTHONPATH} /usr/bin/python3 setup.py egg_info --egg-base ../../../build/pubsub_py build --build-base /root/ros2_ws/build/pubsub_py/build install --record /root/ros2_ws/build/pubsub_py/install.log --single-version-externally-managed
[0.753s] Level 1:colcon.colcon_core.environment:checking '/root/ros2_ws/install/pubsub_py' for CMake config files
[0.753s] Level 1:colcon.colcon_core.environment:checking '/root/ros2_ws/install/pubsub_py/lib'
[0.753s] Level 1:colcon.colcon_core.environment:checking '/root/ros2_ws/install/pubsub_py/bin'
[0.753s] Level 1:colcon.colcon_core.environment:checking '/root/ros2_ws/install/pubsub_py/lib/pkgconfig/pubsub_py.pc'
[0.753s] Level 1:colcon.colcon_core.environment:checking '/root/ros2_ws/install/pubsub_py/lib/python3.10/site-packages'
[0.753s] Level 1:colcon.colcon_core.shell:create_environment_hook('pubsub_py', 'pythonpath')
[0.754s] INFO:colcon.colcon_core.shell:Creating environment hook '/root/ros2_ws/install/pubsub_py/share/pubsub_py/hook/pythonpath.ps1'
[0.754s] INFO:colcon.colcon_core.shell:Creating environment descriptor '/root/ros2_ws/install/pubsub_py/share/pubsub_py/hook/pythonpath.dsv'
[0.754s] INFO:colcon.colcon_core.shell:Creating environment hook '/root/ros2_ws/install/pubsub_py/share/pubsub_py/hook/pythonpath.sh'
[0.755s] Level 1:colcon.colcon_core.environment:checking '/root/ros2_ws/install/pubsub_py/bin'
[0.755s] Level 1:colcon.colcon_core.environment:create_environment_scripts_only(pubsub_py)
[0.755s] INFO:colcon.colcon_core.shell:Creating package script '/root/ros2_ws/install/pubsub_py/share/pubsub_py/package.ps1'
[0.756s] INFO:colcon.colcon_core.shell:Creating package descriptor '/root/ros2_ws/install/pubsub_py/share/pubsub_py/package.dsv'
[0.756s] INFO:colcon.colcon_core.shell:Creating package script '/root/ros2_ws/install/pubsub_py/share/pubsub_py/package.sh'
[0.756s] INFO:colcon.colcon_core.shell:Creating package script '/root/ros2_ws/install/pubsub_py/share/pubsub_py/package.bash'
[0.756s] INFO:colcon.colcon_core.shell:Creating package script '/root/ros2_ws/install/pubsub_py/share/pubsub_py/package.zsh'
[0.756s] Level 1:colcon.colcon_core.environment:create_file_with_runtime_dependencies(/root/ros2_ws/install/pubsub_py/share/colcon-core/packages/pubsub_py)
[0.947s] DEBUG:colcon.colcon_core.event_handler.log_command:Invoked command in '/root/ros2_ws/build/first_node' returned '0': CMAKE_PREFIX_PATH=/opt/ros/humble /usr/bin/cmake /root/ros2_ws/src/learning_node/first_node -DCMAKE_INSTALL_PREFIX=/root/ros2_ws/install/first_node
[0.948s] DEBUG:colcon.colcon_core.event_handler.log_command:Invoking command in '/root/ros2_ws/build/first_node': CMAKE_PREFIX_PATH=/opt/ros/humble /usr/bin/cmake --build /root/ros2_ws/build/first_node -- -j20 -l20
[1.037s] DEBUG:colcon.colcon_core.event_handler.log_command:Invoked command in '/root/ros2_ws/build/pubsub_cpp' returned '0': CMAKE_PREFIX_PATH=/opt/ros/humble /usr/bin/cmake /root/ros2_ws/src/learning_node/pubsub_cpp -DCMAKE_INSTALL_PREFIX=/root/ros2_ws/install/pubsub_cpp
[1.038s] DEBUG:colcon.colcon_core.event_handler.log_command:Invoking command in '/root/ros2_ws/build/pubsub_cpp': CMAKE_PREFIX_PATH=/opt/ros/humble /usr/bin/cmake --build /root/ros2_ws/build/pubsub_cpp -- -j20 -l20
[2.583s] DEBUG:colcon.colcon_core.event_handler.log_command:Invoked command in '/root/ros2_ws/build/first_node' returned '0': CMAKE_PREFIX_PATH=/opt/ros/humble /usr/bin/cmake --build /root/ros2_ws/build/first_node -- -j20 -l20
[2.601s] DEBUG:colcon.colcon_core.event_handler.log_command:Invoking command in '/root/ros2_ws/build/first_node': CMAKE_PREFIX_PATH=/opt/ros/humble /usr/bin/cmake --install /root/ros2_ws/build/first_node
[2.607s] Level 1:colcon.colcon_core.environment:create_environment_scripts_only(first_node)
[2.608s] Level 1:colcon.colcon_core.environment:checking '/root/ros2_ws/install/first_node' for CMake module files
[2.609s] DEBUG:colcon.colcon_core.event_handler.log_command:Invoked command in '/root/ros2_ws/build/first_node' returned '0': CMAKE_PREFIX_PATH=/opt/ros/humble /usr/bin/cmake --install /root/ros2_ws/build/first_node
[2.609s] Level 1:colcon.colcon_core.environment:checking '/root/ros2_ws/install/first_node' for CMake config files
[2.609s] Level 1:colcon.colcon_core.shell:create_environment_hook('first_node', 'cmake_prefix_path')
[2.610s] INFO:colcon.colcon_core.shell:Creating environment hook '/root/ros2_ws/install/first_node/share/first_node/hook/cmake_prefix_path.ps1'
[2.610s] INFO:colcon.colcon_core.shell:Creating environment descriptor '/root/ros2_ws/install/first_node/share/first_node/hook/cmake_prefix_path.dsv'
[2.610s] INFO:colcon.colcon_core.shell:Creating environment hook '/root/ros2_ws/install/first_node/share/first_node/hook/cmake_prefix_path.sh'
[2.611s] Level 1:colcon.colcon_core.environment:checking '/root/ros2_ws/install/first_node/lib'
[2.611s] Level 1:colcon.colcon_core.environment:checking '/root/ros2_ws/install/first_node/bin'
[2.611s] Level 1:colcon.colcon_core.environment:checking '/root/ros2_ws/install/first_node/lib/pkgconfig/first_node.pc'
[2.611s] Level 1:colcon.colcon_core.environment:checking '/root/ros2_ws/install/first_node/lib/python3.10/site-packages'
[2.611s] Level 1:colcon.colcon_core.environment:checking '/root/ros2_ws/install/first_node/bin'
[2.612s] INFO:colcon.colcon_core.shell:Creating package script '/root/ros2_ws/install/first_node/share/first_node/package.ps1'
[2.612s] INFO:colcon.colcon_core.shell:Creating package descriptor '/root/ros2_ws/install/first_node/share/first_node/package.dsv'
[2.612s] INFO:colcon.colcon_core.shell:Creating package script '/root/ros2_ws/install/first_node/share/first_node/package.sh'
[2.612s] INFO:colcon.colcon_core.shell:Creating package script '/root/ros2_ws/install/first_node/share/first_node/package.bash'
[2.612s] INFO:colcon.colcon_core.shell:Creating package script '/root/ros2_ws/install/first_node/share/first_node/package.zsh'
[2.613s] Level 1:colcon.colcon_core.environment:create_file_with_runtime_dependencies(/root/ros2_ws/install/first_node/share/colcon-core/packages/first_node)
[2.626s] Level 1:colcon.colcon_core.environment:create_environment_scripts_only(first_node)
[2.628s] Level 1:colcon.colcon_core.environment:checking '/root/ros2_ws/install/first_node' for CMake module files
[2.628s] Level 1:colcon.colcon_core.environment:checking '/root/ros2_ws/install/first_node' for CMake config files
[2.628s] Level 1:colcon.colcon_core.shell:create_environment_hook('first_node', 'cmake_prefix_path')
[2.630s] INFO:colcon.colcon_core.shell:Creating environment hook '/root/ros2_ws/install/first_node/share/first_node/hook/cmake_prefix_path.ps1'
[2.630s] INFO:colcon.colcon_core.shell:Creating environment descriptor '/root/ros2_ws/install/first_node/share/first_node/hook/cmake_prefix_path.dsv'
[2.630s] INFO:colcon.colcon_core.shell:Creating environment hook '/root/ros2_ws/install/first_node/share/first_node/hook/cmake_prefix_path.sh'
[2.630s] Level 1:colcon.colcon_core.environment:checking '/root/ros2_ws/install/first_node/lib'
[2.630s] Level 1:colcon.colcon_core.environment:checking '/root/ros2_ws/install/first_node/bin'
[2.631s] Level 1:colcon.colcon_core.environment:checking '/root/ros2_ws/install/first_node/lib/pkgconfig/first_node.pc'
[2.631s] Level 1:colcon.colcon_core.environment:checking '/root/ros2_ws/install/first_node/lib/python3.10/site-packages'
[2.631s] Level 1:colcon.colcon_core.environment:checking '/root/ros2_ws/install/first_node/bin'
[2.631s] INFO:colcon.colcon_core.shell:Creating package script '/root/ros2_ws/install/first_node/share/first_node/package.ps1'
[2.632s] INFO:colcon.colcon_core.shell:Creating package descriptor '/root/ros2_ws/install/first_node/share/first_node/package.dsv'
[2.632s] INFO:colcon.colcon_core.shell:Creating package script '/root/ros2_ws/install/first_node/share/first_node/package.sh'
[2.632s] INFO:colcon.colcon_core.shell:Creating package script '/root/ros2_ws/install/first_node/share/first_node/package.bash'
[2.632s] INFO:colcon.colcon_core.shell:Creating package script '/root/ros2_ws/install/first_node/share/first_node/package.zsh'
[2.632s] Level 1:colcon.colcon_core.environment:create_file_with_runtime_dependencies(/root/ros2_ws/install/first_node/share/colcon-core/packages/first_node)
[5.485s] DEBUG:colcon.colcon_core.event_handler.log_command:Invoked command in '/root/ros2_ws/build/pubsub_cpp' returned '0': CMAKE_PREFIX_PATH=/opt/ros/humble /usr/bin/cmake --build /root/ros2_ws/build/pubsub_cpp -- -j20 -l20
[5.499s] DEBUG:colcon.colcon_core.event_handler.log_command:Invoking command in '/root/ros2_ws/build/pubsub_cpp': CMAKE_PREFIX_PATH=/opt/ros/humble /usr/bin/cmake --install /root/ros2_ws/build/pubsub_cpp
[5.507s] Level 1:colcon.colcon_core.environment:create_environment_scripts_only(pubsub_cpp)
[5.509s] Level 1:colcon.colcon_core.environment:checking '/root/ros2_ws/install/pubsub_cpp' for CMake module files
[5.509s] DEBUG:colcon.colcon_core.event_handler.log_command:Invoked command in '/root/ros2_ws/build/pubsub_cpp' returned '0': CMAKE_PREFIX_PATH=/opt/ros/humble /usr/bin/cmake --install /root/ros2_ws/build/pubsub_cpp
[5.509s] Level 1:colcon.colcon_core.environment:checking '/root/ros2_ws/install/pubsub_cpp' for CMake config files
[5.510s] Level 1:colcon.colcon_core.shell:create_environment_hook('pubsub_cpp', 'cmake_prefix_path')
[5.511s] INFO:colcon.colcon_core.shell:Creating environment hook '/root/ros2_ws/install/pubsub_cpp/share/pubsub_cpp/hook/cmake_prefix_path.ps1'
[5.511s] INFO:colcon.colcon_core.shell:Creating environment descriptor '/root/ros2_ws/install/pubsub_cpp/share/pubsub_cpp/hook/cmake_prefix_path.dsv'
[5.511s] INFO:colcon.colcon_core.shell:Creating environment hook '/root/ros2_ws/install/pubsub_cpp/share/pubsub_cpp/hook/cmake_prefix_path.sh'
[5.512s] Level 1:colcon.colcon_core.environment:checking '/root/ros2_ws/install/pubsub_cpp/lib'
[5.512s] Level 1:colcon.colcon_core.environment:checking '/root/ros2_ws/install/pubsub_cpp/bin'
[5.512s] Level 1:colcon.colcon_core.environment:checking '/root/ros2_ws/install/pubsub_cpp/lib/pkgconfig/pubsub_cpp.pc'
[5.512s] Level 1:colcon.colcon_core.environment:checking '/root/ros2_ws/install/pubsub_cpp/lib/python3.10/site-packages'
[5.512s] Level 1:colcon.colcon_core.environment:checking '/root/ros2_ws/install/pubsub_cpp/bin'
[5.513s] INFO:colcon.colcon_core.shell:Creating package script '/root/ros2_ws/install/pubsub_cpp/share/pubsub_cpp/package.ps1'
[5.514s] INFO:colcon.colcon_core.shell:Creating package descriptor '/root/ros2_ws/install/pubsub_cpp/share/pubsub_cpp/package.dsv'
[5.514s] INFO:colcon.colcon_core.shell:Creating package script '/root/ros2_ws/install/pubsub_cpp/share/pubsub_cpp/package.sh'
[5.515s] INFO:colcon.colcon_core.shell:Creating package script '/root/ros2_ws/install/pubsub_cpp/share/pubsub_cpp/package.bash'
[5.515s] INFO:colcon.colcon_core.shell:Creating package script '/root/ros2_ws/install/pubsub_cpp/share/pubsub_cpp/package.zsh'
[5.515s] Level 1:colcon.colcon_core.environment:create_file_with_runtime_dependencies(/root/ros2_ws/install/pubsub_cpp/share/colcon-core/packages/pubsub_cpp)
[5.531s] Level 1:colcon.colcon_core.environment:create_environment_scripts_only(pubsub_cpp)
[5.532s] Level 1:colcon.colcon_core.environment:checking '/root/ros2_ws/install/pubsub_cpp' for CMake module files
[5.532s] Level 1:colcon.colcon_core.environment:checking '/root/ros2_ws/install/pubsub_cpp' for CMake config files
[5.533s] Level 1:colcon.colcon_core.shell:create_environment_hook('pubsub_cpp', 'cmake_prefix_path')
[5.533s] INFO:colcon.colcon_core.shell:Creating environment hook '/root/ros2_ws/install/pubsub_cpp/share/pubsub_cpp/hook/cmake_prefix_path.ps1'
[5.533s] INFO:colcon.colcon_core.shell:Creating environment descriptor '/root/ros2_ws/install/pubsub_cpp/share/pubsub_cpp/hook/cmake_prefix_path.dsv'
[5.534s] INFO:colcon.colcon_core.shell:Creating environment hook '/root/ros2_ws/install/pubsub_cpp/share/pubsub_cpp/hook/cmake_prefix_path.sh'
[5.534s] Level 1:colcon.colcon_core.environment:checking '/root/ros2_ws/install/pubsub_cpp/lib'
[5.534s] Level 1:colcon.colcon_core.environment:checking '/root/ros2_ws/install/pubsub_cpp/bin'
[5.534s] Level 1:colcon.colcon_core.environment:checking '/root/ros2_ws/install/pubsub_cpp/lib/pkgconfig/pubsub_cpp.pc'
[5.534s] Level 1:colcon.colcon_core.environment:checking '/root/ros2_ws/install/pubsub_cpp/lib/python3.10/site-packages'
[5.534s] Level 1:colcon.colcon_core.environment:checking '/root/ros2_ws/install/pubsub_cpp/bin'
[5.535s] INFO:colcon.colcon_core.shell:Creating package script '/root/ros2_ws/install/pubsub_cpp/share/pubsub_cpp/package.ps1'
[5.535s] INFO:colcon.colcon_core.shell:Creating package descriptor '/root/ros2_ws/install/pubsub_cpp/share/pubsub_cpp/package.dsv'
[5.535s] INFO:colcon.colcon_core.shell:Creating package script '/root/ros2_ws/install/pubsub_cpp/share/pubsub_cpp/package.sh'
[5.535s] INFO:colcon.colcon_core.shell:Creating package script '/root/ros2_ws/install/pubsub_cpp/share/pubsub_cpp/package.bash'
[5.536s] INFO:colcon.colcon_core.shell:Creating package script '/root/ros2_ws/install/pubsub_cpp/share/pubsub_cpp/package.zsh'
[5.536s] Level 1:colcon.colcon_core.environment:create_file_with_runtime_dependencies(/root/ros2_ws/install/pubsub_cpp/share/colcon-core/packages/pubsub_cpp)
[5.536s] DEBUG:colcon.colcon_parallel_executor.executor.parallel:closing loop
[5.536s] DEBUG:colcon.colcon_parallel_executor.executor.parallel:loop closed
[5.536s] DEBUG:colcon.colcon_parallel_executor.executor.parallel:run_until_complete finished with '0'
[5.536s] DEBUG:colcon.colcon_core.event_reactor:joining thread
[5.541s] INFO:colcon.colcon_core.plugin_system:Skipping extension 'colcon_notification.desktop_notification.notify_send': Could not find 'notify-send'
[5.541s] INFO:colcon.colcon_core.plugin_system:Skipping extension 'colcon_notification.desktop_notification.terminal_notifier': Not used on non-Darwin systems
[5.541s] INFO:colcon.colcon_core.plugin_system:Skipping extension 'colcon_notification.desktop_notification.win32': Not used on non-Windows systems
[5.541s] INFO:colcon.colcon_notification.desktop_notification:Sending desktop notification using 'notify2'
[5.543s] DEBUG:colcon.colcon_notification.desktop_notification.notify2:Failed to initialize notify2: org.freedesktop.DBus.Error.Spawn.ExecFailed: /usr/bin/dbus-launch terminated abnormally without any error message
[5.543s] DEBUG:colcon.colcon_core.event_reactor:joined thread
[5.544s] INFO:colcon.colcon_core.shell:Creating prefix script '/root/ros2_ws/install/local_setup.ps1'
[5.545s] INFO:colcon.colcon_core.shell:Creating prefix util module '/root/ros2_ws/install/_local_setup_util_ps1.py'
[5.545s] INFO:colcon.colcon_core.shell:Creating prefix chain script '/root/ros2_ws/install/setup.ps1'
[5.546s] INFO:colcon.colcon_core.shell:Creating prefix script '/root/ros2_ws/install/local_setup.sh'
[5.546s] INFO:colcon.colcon_core.shell:Creating prefix util module '/root/ros2_ws/install/_local_setup_util_sh.py'
[5.547s] INFO:colcon.colcon_core.shell:Creating prefix chain script '/root/ros2_ws/install/setup.sh'
[5.547s] INFO:colcon.colcon_core.shell:Creating prefix script '/root/ros2_ws/install/local_setup.bash'
[5.548s] INFO:colcon.colcon_core.shell:Creating prefix chain script '/root/ros2_ws/install/setup.bash'
[5.548s] INFO:colcon.colcon_core.shell:Creating prefix script '/root/ros2_ws/install/local_setup.zsh'
[5.548s] INFO:colcon.colcon_core.shell:Creating prefix chain script '/root/ros2_ws/install/setup.zsh'
