running egg_info
writing ../../../build/srvcli_py/srvcli_py.egg-info/PKG-INFO
writing dependency_links to ../../../build/srvcli_py/srvcli_py.egg-info/dependency_links.txt
writing entry points to ../../../build/srvcli_py/srvcli_py.egg-info/entry_points.txt
writing requirements to ../../../build/srvcli_py/srvcli_py.egg-info/requires.txt
writing top-level names to ../../../build/srvcli_py/srvcli_py.egg-info/top_level.txt
reading manifest file '../../../build/srvcli_py/srvcli_py.egg-info/SOURCES.txt'
writing manifest file '../../../build/srvcli_py/srvcli_py.egg-info/SOURCES.txt'
running build
running build_py
copying srvcli_py/client02.py -> /root/ros2_ws/build/srvcli_py/build/lib/srvcli_py
copying srvcli_py/client01.py -> /root/ros2_ws/build/srvcli_py/build/lib/srvcli_py
running install
running install_lib
copying /root/ros2_ws/build/srvcli_py/build/lib/srvcli_py/client02.py -> /root/ros2_ws/install/srvcli_py/lib/python3.10/site-packages/srvcli_py
copying /root/ros2_ws/build/srvcli_py/build/lib/srvcli_py/client01.py -> /root/ros2_ws/install/srvcli_py/lib/python3.10/site-packages/srvcli_py
byte-compiling /root/ros2_ws/install/srvcli_py/lib/python3.10/site-packages/srvcli_py/client02.py to client02.cpython-310.pyc
byte-compiling /root/ros2_ws/install/srvcli_py/lib/python3.10/site-packages/srvcli_py/client01.py to client01.cpython-310.pyc
running install_data
running install_egg_info
removing '/root/ros2_ws/install/srvcli_py/lib/python3.10/site-packages/srvcli_py-0.0.0-py3.10.egg-info' (and everything under it)
Copying ../../../build/srvcli_py/srvcli_py.egg-info to /root/ros2_ws/install/srvcli_py/lib/python3.10/site-packages/srvcli_py-0.0.0-py3.10.egg-info
running install_scripts
Installing client01 script to /root/ros2_ws/install/srvcli_py/lib/srvcli_py
Installing client02 script to /root/ros2_ws/install/srvcli_py/lib/srvcli_py
Installing service script to /root/ros2_ws/install/srvcli_py/lib/srvcli_py
writing list of installed files to '/root/ros2_ws/build/srvcli_py/install.log'
