[0.401s] Invoking command in '/root/ros2_ws/src/learning_node/srvcli_py': PYTHONPATH=/root/ros2_ws/build/srvcli_py/prefix_override:/root/ros2_ws/install/srvcli_py/lib/python3.10/site-packages:${PYTHONPATH} /usr/bin/python3 setup.py egg_info --egg-base ../../../build/srvcli_py build --build-base /root/ros2_ws/build/srvcli_py/build install --record /root/ros2_ws/build/srvcli_py/install.log --single-version-externally-managed
[0.507s] running egg_info
[0.508s] creating ../../../build/srvcli_py/srvcli_py.egg-info
[0.508s] writing ../../../build/srvcli_py/srvcli_py.egg-info/PKG-INFO
[0.508s] writing dependency_links to ../../../build/srvcli_py/srvcli_py.egg-info/dependency_links.txt
[0.508s] writing entry points to ../../../build/srvcli_py/srvcli_py.egg-info/entry_points.txt
[0.508s] writing requirements to ../../../build/srvcli_py/srvcli_py.egg-info/requires.txt
[0.508s] writing top-level names to ../../../build/srvcli_py/srvcli_py.egg-info/top_level.txt
[0.508s] writing manifest file '../../../build/srvcli_py/srvcli_py.egg-info/SOURCES.txt'
[0.509s] reading manifest file '../../../build/srvcli_py/srvcli_py.egg-info/SOURCES.txt'
[0.509s] writing manifest file '../../../build/srvcli_py/srvcli_py.egg-info/SOURCES.txt'
[0.510s] running build
[0.510s] running build_py
[0.510s] creating /root/ros2_ws/build/srvcli_py/build
[0.510s] creating /root/ros2_ws/build/srvcli_py/build/lib
[0.510s] creating /root/ros2_ws/build/srvcli_py/build/lib/srvcli_py
[0.510s] copying srvcli_py/__init__.py -> /root/ros2_ws/build/srvcli_py/build/lib/srvcli_py
[0.510s] /usr/lib/python3/dist-packages/setuptools/command/install.py:34: SetuptoolsDeprecationWarning: setup.py install is deprecated. Use build and pip and other standards-based tools.
[0.510s]   warnings.warn(
[0.510s] copying srvcli_py/service_member_function.py -> /root/ros2_ws/build/srvcli_py/build/lib/srvcli_py
[0.510s] copying srvcli_py/client_member_function.py -> /root/ros2_ws/build/srvcli_py/build/lib/srvcli_py
[0.510s] running install
[0.510s] running install_lib
[0.510s] creating /root/ros2_ws/install/srvcli_py/lib/python3.10/site-packages/srvcli_py
[0.510s] copying /root/ros2_ws/build/srvcli_py/build/lib/srvcli_py/__init__.py -> /root/ros2_ws/install/srvcli_py/lib/python3.10/site-packages/srvcli_py
[0.510s] copying /root/ros2_ws/build/srvcli_py/build/lib/srvcli_py/service_member_function.py -> /root/ros2_ws/install/srvcli_py/lib/python3.10/site-packages/srvcli_py
[0.510s] copying /root/ros2_ws/build/srvcli_py/build/lib/srvcli_py/client_member_function.py -> /root/ros2_ws/install/srvcli_py/lib/python3.10/site-packages/srvcli_py
[0.510s] byte-compiling /root/ros2_ws/install/srvcli_py/lib/python3.10/site-packages/srvcli_py/__init__.py to __init__.cpython-310.pyc
[0.511s] byte-compiling /root/ros2_ws/install/srvcli_py/lib/python3.10/site-packages/srvcli_py/service_member_function.py to service_member_function.cpython-310.pyc
[0.511s] byte-compiling /root/ros2_ws/install/srvcli_py/lib/python3.10/site-packages/srvcli_py/client_member_function.py to client_member_function.cpython-310.pyc
[0.511s] running install_data
[0.511s] creating /root/ros2_ws/install/srvcli_py/share/ament_index
[0.511s] creating /root/ros2_ws/install/srvcli_py/share/ament_index/resource_index
[0.511s] creating /root/ros2_ws/install/srvcli_py/share/ament_index/resource_index/packages
[0.512s] copying resource/srvcli_py -> /root/ros2_ws/install/srvcli_py/share/ament_index/resource_index/packages
[0.512s] copying package.xml -> /root/ros2_ws/install/srvcli_py/share/srvcli_py
[0.512s] running install_egg_info
[0.512s] Copying ../../../build/srvcli_py/srvcli_py.egg-info to /root/ros2_ws/install/srvcli_py/lib/python3.10/site-packages/srvcli_py-0.0.0-py3.10.egg-info
[0.513s] running install_scripts
[0.525s] Installing service script to /root/ros2_ws/install/srvcli_py/lib/srvcli_py
[0.526s] writing list of installed files to '/root/ros2_ws/build/srvcli_py/install.log'
[0.553s] Invoked command in '/root/ros2_ws/src/learning_node/srvcli_py' returned '0': PYTHONPATH=/root/ros2_ws/build/srvcli_py/prefix_override:/root/ros2_ws/install/srvcli_py/lib/python3.10/site-packages:${PYTHONPATH} /usr/bin/python3 setup.py egg_info --egg-base ../../../build/srvcli_py build --build-base /root/ros2_ws/build/srvcli_py/build install --record /root/ros2_ws/build/srvcli_py/install.log --single-version-externally-managed
