running egg_info
creating ../../../build/first_node_py/first_node_py.egg-info
writing ../../../build/first_node_py/first_node_py.egg-info/PKG-INFO
writing dependency_links to ../../../build/first_node_py/first_node_py.egg-info/dependency_links.txt
writing entry points to ../../../build/first_node_py/first_node_py.egg-info/entry_points.txt
writing requirements to ../../../build/first_node_py/first_node_py.egg-info/requires.txt
writing top-level names to ../../../build/first_node_py/first_node_py.egg-info/top_level.txt
writing manifest file '../../../build/first_node_py/first_node_py.egg-info/SOURCES.txt'
reading manifest file '../../../build/first_node_py/first_node_py.egg-info/SOURCES.txt'
writing manifest file '../../../build/first_node_py/first_node_py.egg-info/SOURCES.txt'
running build
running build_py
creating /root/ros2_ws/build/first_node_py/build
creating /root/ros2_ws/build/first_node_py/build/lib
creating /root/ros2_ws/build/first_node_py/build/lib/first_node_py
copying first_node_py/__init__.py -> /root/ros2_ws/build/first_node_py/build/lib/first_node_py
copying first_node_py/code2.py -> /root/ros2_ws/build/first_node_py/build/lib/first_node_py
copying first_node_py/code.py -> /root/ros2_ws/build/first_node_py/build/lib/first_node_py
running install
running install_lib
creating /root/ros2_ws/install/first_node_py/lib/python3.10/site-packages/first_node_py
copying /root/ros2_ws/build/first_node_py/build/lib/first_node_py/__init__.py -> /root/ros2_ws/install/first_node_py/lib/python3.10/site-packages/first_node_py
copying /root/ros2_ws/build/first_node_py/build/lib/first_node_py/code2.py -> /root/ros2_ws/install/first_node_py/lib/python3.10/site-packages/first_node_py
copying /root/ros2_ws/build/first_node_py/build/lib/first_node_py/code.py -> /root/ros2_ws/install/first_node_py/lib/python3.10/site-packages/first_node_py
byte-compiling /root/ros2_ws/install/first_node_py/lib/python3.10/site-packages/first_node_py/__init__.py to __init__.cpython-310.pyc
byte-compiling /root/ros2_ws/install/first_node_py/lib/python3.10/site-packages/first_node_py/code2.py to code2.cpython-310.pyc
byte-compiling /root/ros2_ws/install/first_node_py/lib/python3.10/site-packages/first_node_py/code.py to code.cpython-310.pyc
running install_data
creating /root/ros2_ws/install/first_node_py/share/ament_index
creating /root/ros2_ws/install/first_node_py/share/ament_index/resource_index
creating /root/ros2_ws/install/first_node_py/share/ament_index/resource_index/packages
copying resource/first_node_py -> /root/ros2_ws/install/first_node_py/share/ament_index/resource_index/packages
copying package.xml -> /root/ros2_ws/install/first_node_py/share/first_node_py
running install_egg_info
Copying ../../../build/first_node_py/first_node_py.egg-info to /root/ros2_ws/install/first_node_py/lib/python3.10/site-packages/first_node_py-0.0.0-py3.10.egg-info
running install_scripts
Installing node02 script to /root/ros2_ws/install/first_node_py/lib/first_node_py
Installing node03 script to /root/ros2_ws/install/first_node_py/lib/first_node_py
writing list of installed files to '/root/ros2_ws/build/first_node_py/install.log'
