[0.409s] Invoking command in '/root/ros2_ws/src/learning_node/first_node_py': PYTHONPATH=/root/ros2_ws/build/first_node_py/prefix_override:/root/ros2_ws/install/first_node_py/lib/python3.10/site-packages:${PYTHONPATH} /usr/bin/python3 setup.py egg_info --egg-base ../../../build/first_node_py build --build-base /root/ros2_ws/build/first_node_py/build install --record /root/ros2_ws/build/first_node_py/install.log --single-version-externally-managed
[0.517s] running egg_info
[0.518s] creating ../../../build/first_node_py/first_node_py.egg-info
[0.518s] writing ../../../build/first_node_py/first_node_py.egg-info/PKG-INFO
[0.518s] writing dependency_links to ../../../build/first_node_py/first_node_py.egg-info/dependency_links.txt
[0.518s] writing entry points to ../../../build/first_node_py/first_node_py.egg-info/entry_points.txt
[0.518s] writing requirements to ../../../build/first_node_py/first_node_py.egg-info/requires.txt
[0.518s] writing top-level names to ../../../build/first_node_py/first_node_py.egg-info/top_level.txt
[0.518s] writing manifest file '../../../build/first_node_py/first_node_py.egg-info/SOURCES.txt'
[0.519s] reading manifest file '../../../build/first_node_py/first_node_py.egg-info/SOURCES.txt'
[0.519s] writing manifest file '../../../build/first_node_py/first_node_py.egg-info/SOURCES.txt'
[0.519s] running build
[0.519s] running build_py
[0.519s] creating /root/ros2_ws/build/first_node_py/build
[0.519s] creating /root/ros2_ws/build/first_node_py/build/lib
[0.519s] creating /root/ros2_ws/build/first_node_py/build/lib/first_node_py
[0.519s] copying first_node_py/__init__.py -> /root/ros2_ws/build/first_node_py/build/lib/first_node_py
[0.520s] copying first_node_py/code2.py -> /root/ros2_ws/build/first_node_py/build/lib/first_node_py
[0.520s] copying first_node_py/code.py -> /root/ros2_ws/build/first_node_py/build/lib/first_node_py
[0.520s] running install
[0.520s] /usr/lib/python3/dist-packages/setuptools/command/install.py:34: SetuptoolsDeprecationWarning: setup.py install is deprecated. Use build and pip and other standards-based tools.
[0.520s]   warnings.warn(
[0.520s] running install_lib
[0.520s] creating /root/ros2_ws/install/first_node_py/lib/python3.10/site-packages/first_node_py
[0.520s] copying /root/ros2_ws/build/first_node_py/build/lib/first_node_py/__init__.py -> /root/ros2_ws/install/first_node_py/lib/python3.10/site-packages/first_node_py
[0.520s] copying /root/ros2_ws/build/first_node_py/build/lib/first_node_py/code2.py -> /root/ros2_ws/install/first_node_py/lib/python3.10/site-packages/first_node_py
[0.520s] copying /root/ros2_ws/build/first_node_py/build/lib/first_node_py/code.py -> /root/ros2_ws/install/first_node_py/lib/python3.10/site-packages/first_node_py
[0.521s] byte-compiling /root/ros2_ws/install/first_node_py/lib/python3.10/site-packages/first_node_py/__init__.py to __init__.cpython-310.pyc
[0.521s] byte-compiling /root/ros2_ws/install/first_node_py/lib/python3.10/site-packages/first_node_py/code2.py to code2.cpython-310.pyc
[0.521s] byte-compiling /root/ros2_ws/install/first_node_py/lib/python3.10/site-packages/first_node_py/code.py to code.cpython-310.pyc
[0.521s] running install_data
[0.522s] creating /root/ros2_ws/install/first_node_py/share/ament_index
[0.522s] creating /root/ros2_ws/install/first_node_py/share/ament_index/resource_index
[0.522s] creating /root/ros2_ws/install/first_node_py/share/ament_index/resource_index/packages
[0.522s] copying resource/first_node_py -> /root/ros2_ws/install/first_node_py/share/ament_index/resource_index/packages
[0.522s] copying package.xml -> /root/ros2_ws/install/first_node_py/share/first_node_py
[0.522s] running install_egg_info
[0.523s] Copying ../../../build/first_node_py/first_node_py.egg-info to /root/ros2_ws/install/first_node_py/lib/python3.10/site-packages/first_node_py-0.0.0-py3.10.egg-info
[0.523s] running install_scripts
[0.535s] Installing node02 script to /root/ros2_ws/install/first_node_py/lib/first_node_py
[0.535s] Installing node03 script to /root/ros2_ws/install/first_node_py/lib/first_node_py
[0.536s] writing list of installed files to '/root/ros2_ws/build/first_node_py/install.log'
[0.551s] Invoked command in '/root/ros2_ws/src/learning_node/first_node_py' returned '0': PYTHONPATH=/root/ros2_ws/build/first_node_py/prefix_override:/root/ros2_ws/install/first_node_py/lib/python3.10/site-packages:${PYTHONPATH} /usr/bin/python3 setup.py egg_info --egg-base ../../../build/first_node_py build --build-base /root/ros2_ws/build/first_node_py/build install --record /root/ros2_ws/build/first_node_py/install.log --single-version-externally-managed
