-- The C compiler identification is GNU 11.3.0
-- The CXX compiler identification is GNU 11.3.0
-- Detecting C compiler ABI info
-- Detecting C compiler ABI info - done
-- Check for working C compiler: /usr/bin/cc - skipped
-- Detecting C compile features
-- Detecting C compile features - done
-- Detecting CXX compiler ABI info
-- Detecting CXX compiler ABI info - done
-- Check for working CXX compiler: /usr/bin/c++ - skipped
-- Detecting CXX compile features
-- Detecting CXX compile features - done
-- Found ament_cmake: 1.3.4 (/opt/ros/humble/share/ament_cmake/cmake)
-- Found Python3: /usr/bin/python3.10 (found version "3.10.6") found components: Interpreter 
-- Found std_msgs: 4.2.3 (/opt/ros/humble/share/std_msgs/cmake)
-- Found rosidl_generator_c: 3.1.4 (/opt/ros/humble/share/rosidl_generator_c/cmake)
-- Found rosidl_adapter: 3.1.4 (/opt/ros/humble/share/rosidl_adapter/cmake)
-- Found rosidl_generator_cpp: 3.1.4 (/opt/ros/humble/share/rosidl_generator_cpp/cmake)
-- Using all available rosidl_typesupport_c: rosidl_typesupport_fastrtps_c;rosidl_typesupport_introspection_c
-- Using all available rosidl_typesupport_cpp: rosidl_typesupport_fastrtps_cpp;rosidl_typesupport_introspection_cpp
-- Found ament_lint_auto: 0.12.6 (/opt/ros/humble/share/ament_lint_auto/cmake)
-- Added test 'cppcheck' to perform static code analysis on C / C++ code
-- Configured cppcheck include dirs: 
-- Configured cppcheck exclude dirs and/or files: 
-- Added test 'lint_cmake' to check CMake code style
-- Added test 'uncrustify' to check C / C++ code style
-- Configured uncrustify additional arguments: 
-- Added test 'xmllint' to check XML markup files
-- Configuring done
-- Generating done
-- Build files have been written to: /root/2ROS2workspace/freshmanproject_interface/build/freshmanproject_interface
-- Install configuration: ""
-- Installing: /root/2ROS2workspace/freshmanproject_interface/install/freshmanproject_interface/share/ament_index/resource_index/package_run_dependencies/freshmanproject_interface
-- Installing: /root/2ROS2workspace/freshmanproject_interface/install/freshmanproject_interface/share/ament_index/resource_index/parent_prefix_path/freshmanproject_interface
-- Installing: /root/2ROS2workspace/freshmanproject_interface/install/freshmanproject_interface/share/freshmanproject_interface/environment/ament_prefix_path.sh
-- Installing: /root/2ROS2workspace/freshmanproject_interface/install/freshmanproject_interface/share/freshmanproject_interface/environment/ament_prefix_path.dsv
-- Installing: /root/2ROS2workspace/freshmanproject_interface/install/freshmanproject_interface/share/freshmanproject_interface/environment/path.sh
-- Installing: /root/2ROS2workspace/freshmanproject_interface/install/freshmanproject_interface/share/freshmanproject_interface/environment/path.dsv
-- Installing: /root/2ROS2workspace/freshmanproject_interface/install/freshmanproject_interface/share/freshmanproject_interface/local_setup.bash
-- Installing: /root/2ROS2workspace/freshmanproject_interface/install/freshmanproject_interface/share/freshmanproject_interface/local_setup.sh
-- Installing: /root/2ROS2workspace/freshmanproject_interface/install/freshmanproject_interface/share/freshmanproject_interface/local_setup.zsh
-- Installing: /root/2ROS2workspace/freshmanproject_interface/install/freshmanproject_interface/share/freshmanproject_interface/local_setup.dsv
-- Installing: /root/2ROS2workspace/freshmanproject_interface/install/freshmanproject_interface/share/freshmanproject_interface/package.dsv
-- Installing: /root/2ROS2workspace/freshmanproject_interface/install/freshmanproject_interface/share/ament_index/resource_index/packages/freshmanproject_interface
-- Installing: /root/2ROS2workspace/freshmanproject_interface/install/freshmanproject_interface/share/freshmanproject_interface/cmake/freshmanproject_interfaceConfig.cmake
-- Installing: /root/2ROS2workspace/freshmanproject_interface/install/freshmanproject_interface/share/freshmanproject_interface/cmake/freshmanproject_interfaceConfig-version.cmake
-- Installing: /root/2ROS2workspace/freshmanproject_interface/install/freshmanproject_interface/share/freshmanproject_interface/package.xml
