[0.016s] Invoking command in '/root/ros2_ws/build/first_node': CMAKE_PREFIX_PATH=/opt/ros/humble /usr/bin/cmake /root/ros2_ws/src/learning_node/first_node -DCMAKE_INSTALL_PREFIX=/root/ros2_ws/install/first_node
[0.136s] -- The C compiler identification is GNU 11.3.0
[0.136s] -- The CXX compiler identification is GNU 11.3.0
[0.137s] -- Detecting C compiler ABI info
[0.144s] -- Detecting C compiler ABI info - done
[0.149s] -- Check for working C compiler: /usr/bin/cc - skipped
[0.149s] -- Detecting C compile features
[0.149s] -- Detecting C compile features - done
[0.151s] -- Detecting CXX compiler ABI info
[0.196s] -- Detecting CXX compiler ABI info - done
[0.203s] -- Check for working CXX compiler: /usr/bin/c++ - skipped
[0.203s] -- Detecting CXX compile features
[0.204s] -- Detecting CXX compile features - done
[0.205s] -- Found ament_cmake: 1.3.3 (/opt/ros/humble/share/ament_cmake/cmake)
[0.303s] -- Found Python3: /usr/bin/python3.10 (found version "3.10.6") found components: Interpreter 
[0.350s] -- Found rclcpp: 16.0.2 (/opt/ros/humble/share/rclcpp/cmake)
[0.374s] -- Found rosidl_generator_c: 3.1.4 (/opt/ros/humble/share/rosidl_generator_c/cmake)
[0.376s] -- Found rosidl_adapter: 3.1.4 (/opt/ros/humble/share/rosidl_adapter/cmake)
[0.381s] -- Found rosidl_generator_cpp: 3.1.4 (/opt/ros/humble/share/rosidl_generator_cpp/cmake)
[0.388s] -- Using all available rosidl_typesupport_c: rosidl_typesupport_fastrtps_c;rosidl_typesupport_introspection_c
[0.399s] -- Using all available rosidl_typesupport_cpp: rosidl_typesupport_fastrtps_cpp;rosidl_typesupport_introspection_cpp
[0.439s] -- Found rmw_implementation_cmake: 6.1.1 (/opt/ros/humble/share/rmw_implementation_cmake/cmake)
[0.440s] -- Found rmw_fastrtps_cpp: 6.2.2 (/opt/ros/humble/share/rmw_fastrtps_cpp/cmake)
[0.491s] -- Found OpenSSL: /usr/lib/x86_64-linux-gnu/libcrypto.so (found version "3.0.2")  
[0.505s] -- Found FastRTPS: /opt/ros/humble/include  
[0.534s] -- Using RMW implementation 'rmw_fastrtps_cpp' as default
[0.539s] -- Looking for pthread.h
[0.580s] -- Looking for pthread.h - found
[0.581s] -- Performing Test CMAKE_HAVE_LIBC_PTHREAD
[0.626s] -- Performing Test CMAKE_HAVE_LIBC_PTHREAD - Success
[0.626s] -- Found Threads: TRUE  
[0.749s] -- Configuring done
[0.754s] -- Generating done
[0.754s] -- Build files have been written to: /root/ros2_ws/build/first_node
[0.760s] Invoked command in '/root/ros2_ws/build/first_node' returned '0': CMAKE_PREFIX_PATH=/opt/ros/humble /usr/bin/cmake /root/ros2_ws/src/learning_node/first_node -DCMAKE_INSTALL_PREFIX=/root/ros2_ws/install/first_node
[0.761s] Invoking command in '/root/ros2_ws/build/first_node': CMAKE_PREFIX_PATH=/opt/ros/humble /usr/bin/cmake --build /root/ros2_ws/build/first_node -- -j20 -l20
[0.786s] [ 50%] [32mBuilding CXX object CMakeFiles/node01.dir/src/code.cpp.o[0m
[2.323s] [100%] [32m[1mLinking CXX executable node01[0m
[2.390s] [100%] Built target node01
[2.397s] Invoked command in '/root/ros2_ws/build/first_node' returned '0': CMAKE_PREFIX_PATH=/opt/ros/humble /usr/bin/cmake --build /root/ros2_ws/build/first_node -- -j20 -l20
[2.414s] Invoking command in '/root/ros2_ws/build/first_node': CMAKE_PREFIX_PATH=/opt/ros/humble /usr/bin/cmake --install /root/ros2_ws/build/first_node
[2.418s] -- Install configuration: ""
[2.418s] -- Installing: /root/ros2_ws/install/first_node/lib/first_node/node01
[2.418s] -- Set runtime path of "/root/ros2_ws/install/first_node/lib/first_node/node01" to ""
[2.419s] -- Installing: /root/ros2_ws/install/first_node/share/ament_index/resource_index/package_run_dependencies/first_node
[2.419s] -- Installing: /root/ros2_ws/install/first_node/share/ament_index/resource_index/parent_prefix_path/first_node
[2.419s] -- Installing: /root/ros2_ws/install/first_node/share/first_node/environment/ament_prefix_path.sh
[2.419s] -- Installing: /root/ros2_ws/install/first_node/share/first_node/environment/ament_prefix_path.dsv
[2.419s] -- Installing: /root/ros2_ws/install/first_node/share/first_node/environment/path.sh
[2.419s] -- Installing: /root/ros2_ws/install/first_node/share/first_node/environment/path.dsv
[2.419s] -- Installing: /root/ros2_ws/install/first_node/share/first_node/local_setup.bash
[2.419s] -- Installing: /root/ros2_ws/install/first_node/share/first_node/local_setup.sh
[2.419s] -- Installing: /root/ros2_ws/install/first_node/share/first_node/local_setup.zsh
[2.419s] -- Installing: /root/ros2_ws/install/first_node/share/first_node/local_setup.dsv
[2.419s] -- Installing: /root/ros2_ws/install/first_node/share/first_node/package.dsv
[2.419s] -- Installing: /root/ros2_ws/install/first_node/share/ament_index/resource_index/packages/first_node
[2.419s] -- Installing: /root/ros2_ws/install/first_node/share/first_node/cmake/first_nodeConfig.cmake
[2.419s] -- Installing: /root/ros2_ws/install/first_node/share/first_node/cmake/first_nodeConfig-version.cmake
[2.420s] -- Installing: /root/ros2_ws/install/first_node/share/first_node/package.xml
[2.422s] Invoked command in '/root/ros2_ws/build/first_node' returned '0': CMAKE_PREFIX_PATH=/opt/ros/humble /usr/bin/cmake --install /root/ros2_ws/build/first_node
